{"/Users/szabokinga/crypto/src/App.tsx": {"path":"/Users/szabokinga/crypto/src/App.tsx","statementMap":{"0":{"start":{"line":1,"column":0},"end":{"line":1,"column":38}},"1":{"start":{"line":2,"column":0},"end":{"line":2,"column":26}},"2":{"start":{"line":3,"column":0},"end":{"line":3,"column":62}},"3":{"start":{"line":4,"column":0},"end":{"line":4,"column":73}},"4":{"start":{"line":5,"column":0},"end":{"line":5,"column":49}},"5":{"start":{"line":7,"column":12},"end":{"line":12,"column":1}},"6":{"start":{"line":8,"column":4},"end":{"line":10,"column":7}},"7":{"start":{"line":11,"column":4},"end":{"line":11,"column":31}},"8":{"start":{"line":14,"column":0},"end":{"line":14,"column":19}}},"fnMap":{"0":{"name":"(anonymous_1)","decl":{"start":{"line":7,"column":12},"end":{"line":7,"column":15}},"loc":{"start":{"line":7,"column":17},"end":{"line":12,"column":1}}}},"branchMap":{},"s":{"0":1,"1":1,"2":1,"3":1,"4":1,"5":1,"6":1,"7":1,"8":1},"f":{"0":1},"b":{}}
,"/Users/szabokinga/crypto/src/components/AccountBottomModal.tsx": {"path":"/Users/szabokinga/crypto/src/components/AccountBottomModal.tsx","statementMap":{"0":{"start":{"line":1,"column":0},"end":{"line":1,"column":26}},"1":{"start":{"line":2,"column":0},"end":{"line":2,"column":46}},"2":{"start":{"line":3,"column":0},"end":{"line":3,"column":44}},"3":{"start":{"line":13,"column":56},"end":{"line":24,"column":1}},"4":{"start":{"line":14,"column":4},"end":{"line":23,"column":6}},"5":{"start":{"line":19,"column":67},"end":{"line":19,"column":91}},"6":{"start":{"line":20,"column":65},"end":{"line":20,"column":87}},"7":{"start":{"line":13,"column":13},"end":{"line":13,"column":56}},"8":{"start":{"line":26,"column":18},"end":{"line":28,"column":2}},"9":{"start":{"line":30,"column":23},"end":{"line":33,"column":2}},"10":{"start":{"line":35,"column":24},"end":{"line":39,"column":2}},"11":{"start":{"line":41,"column":18},"end":{"line":47,"column":2}}},"fnMap":{"0":{"name":"(anonymous_1)","decl":{"start":{"line":13,"column":56},"end":{"line":13,"column":57}},"loc":{"start":{"line":13,"column":170},"end":{"line":24,"column":1}}},"1":{"name":"(anonymous_2)","decl":{"start":{"line":19,"column":61},"end":{"line":19,"column":64}},"loc":{"start":{"line":19,"column":67},"end":{"line":19,"column":91}}},"2":{"name":"(anonymous_3)","decl":{"start":{"line":20,"column":59},"end":{"line":20,"column":62}},"loc":{"start":{"line":20,"column":65},"end":{"line":20,"column":87}}}},"branchMap":{"0":{"loc":{"start":{"line":16,"column":13},"end":{"line":16,"column":62}},"type":"binary-expr","locations":[{"start":{"line":16,"column":13},"end":{"line":16,"column":24}},{"start":{"line":16,"column":28},"end":{"line":16,"column":62}}]}},"s":{"0":3,"1":3,"2":3,"3":3,"4":4,"5":1,"6":1,"7":3,"8":3,"9":3,"10":3,"11":3},"f":{"0":4,"1":1,"2":1},"b":{"0":[4,1]}}
,"/Users/szabokinga/crypto/src/components/AccountButton.tsx": {"path":"/Users/szabokinga/crypto/src/components/AccountButton.tsx","statementMap":{"0":{"start":{"line":1,"column":0},"end":{"line":1,"column":26}},"1":{"start":{"line":2,"column":0},"end":{"line":2,"column":53}},"2":{"start":{"line":3,"column":0},"end":{"line":3,"column":54}},"3":{"start":{"line":4,"column":0},"end":{"line":4,"column":46}},"4":{"start":{"line":6,"column":0},"end":{"line":6,"column":39}},"5":{"start":{"line":8,"column":0},"end":{"line":8,"column":null}},"6":{"start":{"line":9,"column":4},"end":{"line":9,"column":null}},"7":{"start":{"line":10,"column":4},"end":{"line":10,"column":null}},"8":{"start":{"line":11,"column":4},"end":{"line":11,"column":null}},"9":{"start":{"line":12,"column":4},"end":{"line":12,"column":null}},"10":{"start":{"line":13,"column":4},"end":{"line":13,"column":null}},"11":{"start":{"line":20,"column":47},"end":{"line":27,"column":1}},"12":{"start":{"line":21,"column":4},"end":{"line":26,"column":6}},"13":{"start":{"line":29,"column":19},"end":{"line":43,"column":1}},"14":{"start":{"line":30,"column":4},"end":{"line":42,"column":null}},"15":{"start":{"line":32,"column":12},"end":{"line":32,"column":42}},"16":{"start":{"line":34,"column":12},"end":{"line":34,"column":35}},"17":{"start":{"line":36,"column":12},"end":{"line":36,"column":43}},"18":{"start":{"line":38,"column":12},"end":{"line":38,"column":38}},"19":{"start":{"line":41,"column":12},"end":{"line":41,"column":41}},"20":{"start":{"line":45,"column":19},"end":{"line":58,"column":1}},"21":{"start":{"line":46,"column":4},"end":{"line":57,"column":null}},"22":{"start":{"line":48,"column":12},"end":{"line":48,"column":106}},"23":{"start":{"line":50,"column":12},"end":{"line":50,"column":84}},"24":{"start":{"line":52,"column":12},"end":{"line":52,"column":90}},"25":{"start":{"line":56,"column":12},"end":{"line":56,"column":81}},"26":{"start":{"line":60,"column":24},"end":{"line":71,"column":1}},"27":{"start":{"line":61,"column":4},"end":{"line":70,"column":null}},"28":{"start":{"line":63,"column":12},"end":{"line":63,"column":32}},"29":{"start":{"line":69,"column":12},"end":{"line":69,"column":35}},"30":{"start":{"line":73,"column":18},"end":{"line":84,"column":1}},"31":{"start":{"line":74,"column":4},"end":{"line":83,"column":null}},"32":{"start":{"line":76,"column":12},"end":{"line":76,"column":31}},"33":{"start":{"line":82,"column":12},"end":{"line":82,"column":42}},"34":{"start":{"line":86,"column":22},"end":{"line":89,"column":2}},"35":{"start":{"line":91,"column":13},"end":{"line":95,"column":3}},"36":{"start":{"line":91,"column":63},"end":{"line":95,"column":2}},"37":{"start":{"line":97,"column":24},"end":{"line":108,"column":3}},"38":{"start":{"line":97,"column":79},"end":{"line":108,"column":2}},"39":{"start":{"line":110,"column":15},"end":{"line":112,"column":7}},"40":{"start":{"line":110,"column":52},"end":{"line":112,"column":2}},"41":{"start":{"line":113,"column":20},"end":{"line":115,"column":7}},"42":{"start":{"line":113,"column":57},"end":{"line":115,"column":2}},"43":{"start":{"line":116,"column":19},"end":{"line":118,"column":7}},"44":{"start":{"line":116,"column":56},"end":{"line":118,"column":2}},"45":{"start":{"line":119,"column":15},"end":{"line":121,"column":7}},"46":{"start":{"line":119,"column":52},"end":{"line":121,"column":2}},"47":{"start":{"line":122,"column":15},"end":{"line":124,"column":7}},"48":{"start":{"line":122,"column":52},"end":{"line":124,"column":2}},"49":{"start":{"line":126,"column":13},"end":{"line":132,"column":2}},"50":{"start":{"line":134,"column":0},"end":{"line":134,"column":52}}},"fnMap":{"0":{"name":"(anonymous_1)","decl":{"start":{"line":8,"column":0},"end":{"line":8,"column":5}},"loc":{"start":{"line":8,"column":18},"end":{"line":14,"column":1}}},"1":{"name":"(anonymous_2)","decl":{"start":{"line":20,"column":47},"end":{"line":20,"column":48}},"loc":{"start":{"line":20,"column":72},"end":{"line":27,"column":1}}},"2":{"name":"(anonymous_3)","decl":{"start":{"line":29,"column":19},"end":{"line":29,"column":20}},"loc":{"start":{"line":29,"column":46},"end":{"line":43,"column":1}}},"3":{"name":"(anonymous_4)","decl":{"start":{"line":45,"column":19},"end":{"line":45,"column":20}},"loc":{"start":{"line":45,"column":46},"end":{"line":58,"column":1}}},"4":{"name":"(anonymous_5)","decl":{"start":{"line":60,"column":24},"end":{"line":60,"column":25}},"loc":{"start":{"line":60,"column":51},"end":{"line":71,"column":1}}},"5":{"name":"(anonymous_6)","decl":{"start":{"line":73,"column":18},"end":{"line":73,"column":19}},"loc":{"start":{"line":73,"column":45},"end":{"line":84,"column":1}}},"6":{"name":"(anonymous_7)","decl":{"start":{"line":91,"column":38},"end":{"line":91,"column":39}},"loc":{"start":{"line":91,"column":63},"end":{"line":95,"column":2}}},"7":{"name":"(anonymous_8)","decl":{"start":{"line":97,"column":54},"end":{"line":97,"column":55}},"loc":{"start":{"line":97,"column":79},"end":{"line":108,"column":2}}},"8":{"name":"(anonymous_9)","decl":{"start":{"line":110,"column":45},"end":{"line":110,"column":48}},"loc":{"start":{"line":110,"column":52},"end":{"line":112,"column":2}}},"9":{"name":"(anonymous_10)","decl":{"start":{"line":113,"column":50},"end":{"line":113,"column":53}},"loc":{"start":{"line":113,"column":57},"end":{"line":115,"column":2}}},"10":{"name":"(anonymous_11)","decl":{"start":{"line":116,"column":49},"end":{"line":116,"column":52}},"loc":{"start":{"line":116,"column":56},"end":{"line":118,"column":2}}},"11":{"name":"(anonymous_12)","decl":{"start":{"line":119,"column":45},"end":{"line":119,"column":48}},"loc":{"start":{"line":119,"column":52},"end":{"line":121,"column":2}}},"12":{"name":"(anonymous_13)","decl":{"start":{"line":122,"column":45},"end":{"line":122,"column":48}},"loc":{"start":{"line":122,"column":52},"end":{"line":124,"column":2}}}},"branchMap":{"0":{"loc":{"start":{"line":8,"column":5},"end":{"line":8,"column":null}},"type":"binary-expr","locations":[{"start":{"line":8,"column":5},"end":{"line":8,"column":18}},{"start":{"line":8,"column":5},"end":{"line":8,"column":null}}]},"1":{"loc":{"start":{"line":30,"column":4},"end":{"line":42,"column":null}},"type":"switch","locations":[{"start":{"line":31,"column":8},"end":{"line":32,"column":42}},{"start":{"line":33,"column":8},"end":{"line":34,"column":35}},{"start":{"line":35,"column":8},"end":{"line":36,"column":43}},{"start":{"line":37,"column":8},"end":{"line":38,"column":38}},{"start":{"line":39,"column":8},"end":{"line":39,"column":39}},{"start":{"line":40,"column":8},"end":{"line":41,"column":41}}]},"2":{"loc":{"start":{"line":46,"column":4},"end":{"line":57,"column":null}},"type":"switch","locations":[{"start":{"line":47,"column":8},"end":{"line":48,"column":106}},{"start":{"line":49,"column":8},"end":{"line":50,"column":84}},{"start":{"line":51,"column":8},"end":{"line":52,"column":90}},{"start":{"line":53,"column":8},"end":{"line":53,"column":38}},{"start":{"line":54,"column":8},"end":{"line":54,"column":39}},{"start":{"line":55,"column":8},"end":{"line":56,"column":81}}]},"3":{"loc":{"start":{"line":61,"column":4},"end":{"line":70,"column":null}},"type":"switch","locations":[{"start":{"line":62,"column":8},"end":{"line":63,"column":32}},{"start":{"line":64,"column":8},"end":{"line":64,"column":34}},{"start":{"line":65,"column":8},"end":{"line":65,"column":34}},{"start":{"line":66,"column":8},"end":{"line":66,"column":38}},{"start":{"line":67,"column":8},"end":{"line":67,"column":39}},{"start":{"line":68,"column":8},"end":{"line":69,"column":35}}]},"4":{"loc":{"start":{"line":74,"column":4},"end":{"line":83,"column":null}},"type":"switch","locations":[{"start":{"line":75,"column":8},"end":{"line":76,"column":31}},{"start":{"line":77,"column":8},"end":{"line":77,"column":38}},{"start":{"line":78,"column":8},"end":{"line":78,"column":39}},{"start":{"line":79,"column":8},"end":{"line":79,"column":34}},{"start":{"line":80,"column":8},"end":{"line":80,"column":34}},{"start":{"line":81,"column":8},"end":{"line":82,"column":42}}]},"5":{"loc":{"start":{"line":107,"column":17},"end":{"line":107,"column":63}},"type":"cond-expr","locations":[{"start":{"line":107,"column":58},"end":{"line":107,"column":59}},{"start":{"line":107,"column":62},"end":{"line":107,"column":63}}]}},"s":{"0":3,"1":3,"2":3,"3":3,"4":3,"5":3,"6":3,"7":3,"8":3,"9":3,"10":3,"11":3,"12":10,"13":3,"14":10,"15":2,"16":2,"17":2,"18":2,"19":2,"20":3,"21":10,"22":2,"23":2,"24":2,"25":4,"26":3,"27":10,"28":2,"29":8,"30":3,"31":10,"32":2,"33":8,"34":3,"35":3,"36":10,"37":3,"38":10,"39":3,"40":2,"41":3,"42":2,"43":3,"44":2,"45":3,"46":2,"47":3,"48":2,"49":3,"50":3},"f":{"0":3,"1":10,"2":10,"3":10,"4":10,"5":10,"6":10,"7":10,"8":2,"9":2,"10":2,"11":2,"12":2},"b":{"0":[3,3],"1":[2,2,2,2,2,2],"2":[2,2,2,2,4,4],"3":[2,2,4,6,8,8],"4":[2,2,4,6,8,8],"5":[2,8]}}
,"/Users/szabokinga/crypto/src/components/Alert.tsx": {"path":"/Users/szabokinga/crypto/src/components/Alert.tsx","statementMap":{"0":{"start":{"line":1,"column":0},"end":{"line":1,"column":40}},"1":{"start":{"line":2,"column":0},"end":{"line":2,"column":41}},"2":{"start":{"line":3,"column":0},"end":{"line":3,"column":67}},"3":{"start":{"line":4,"column":0},"end":{"line":4,"column":43}},"4":{"start":{"line":11,"column":49},"end":{"line":38,"column":1}},"5":{"start":{"line":12,"column":28},"end":{"line":12,"column":40}},"6":{"start":{"line":13,"column":4},"end":{"line":37,"column":6}},"7":{"start":{"line":18,"column":54},"end":{"line":18,"column":67}},"8":{"start":{"line":22,"column":24},"end":{"line":22,"column":36}},"9":{"start":{"line":23,"column":24},"end":{"line":23,"column":42}},"10":{"start":{"line":29,"column":24},"end":{"line":32,"column":null}},"11":{"start":{"line":30,"column":28},"end":{"line":30,"column":44}},"12":{"start":{"line":31,"column":28},"end":{"line":31,"column":46}},"13":{"start":{"line":11,"column":13},"end":{"line":11,"column":49}},"14":{"start":{"line":40,"column":49},"end":{"line":57,"column":1}},"15":{"start":{"line":41,"column":4},"end":{"line":56,"column":6}},"16":{"start":{"line":46,"column":61},"end":{"line":46,"column":78}},"17":{"start":{"line":50,"column":24},"end":{"line":50,"column":33}},"18":{"start":{"line":51,"column":24},"end":{"line":51,"column":42}},"19":{"start":{"line":40,"column":13},"end":{"line":40,"column":49}},"20":{"start":{"line":59,"column":23},"end":{"line":71,"column":1}},"21":{"start":{"line":60,"column":4},"end":{"line":70,"column":6}},"22":{"start":{"line":67,"column":31},"end":{"line":67,"column":39}},"23":{"start":{"line":59,"column":13},"end":{"line":59,"column":23}}},"fnMap":{"0":{"name":"(anonymous_7)","decl":{"start":{"line":11,"column":49},"end":{"line":11,"column":50}},"loc":{"start":{"line":11,"column":77},"end":{"line":38,"column":1}}},"1":{"name":"(anonymous_8)","decl":{"start":{"line":18,"column":44},"end":{"line":18,"column":45}},"loc":{"start":{"line":18,"column":54},"end":{"line":18,"column":67}}},"2":{"name":"(anonymous_9)","decl":{"start":{"line":21,"column":29},"end":{"line":21,"column":32}},"loc":{"start":{"line":21,"column":34},"end":{"line":24,"column":21}}},"3":{"name":"(anonymous_10)","decl":{"start":{"line":28,"column":29},"end":{"line":28,"column":32}},"loc":{"start":{"line":28,"column":34},"end":{"line":33,"column":21}}},"4":{"name":"(anonymous_11)","decl":{"start":{"line":40,"column":49},"end":{"line":40,"column":50}},"loc":{"start":{"line":40,"column":77},"end":{"line":57,"column":1}}},"5":{"name":"(anonymous_12)","decl":{"start":{"line":46,"column":55},"end":{"line":46,"column":58}},"loc":{"start":{"line":46,"column":61},"end":{"line":46,"column":78}}},"6":{"name":"(anonymous_13)","decl":{"start":{"line":49,"column":29},"end":{"line":49,"column":32}},"loc":{"start":{"line":49,"column":34},"end":{"line":52,"column":21}}},"7":{"name":"(anonymous_14)","decl":{"start":{"line":59,"column":23},"end":{"line":59,"column":26}},"loc":{"start":{"line":59,"column":28},"end":{"line":71,"column":1}}},"8":{"name":"(anonymous_15)","decl":{"start":{"line":67,"column":25},"end":{"line":67,"column":28}},"loc":{"start":{"line":67,"column":31},"end":{"line":67,"column":39}}}},"branchMap":{"0":{"loc":{"start":{"line":29,"column":24},"end":{"line":32,"column":null}},"type":"if","locations":[{"start":{"line":29,"column":24},"end":{"line":32,"column":null}}]}},"s":{"0":3,"1":3,"2":3,"3":3,"4":3,"5":2,"6":2,"7":0,"8":0,"9":0,"10":0,"11":0,"12":0,"13":3,"14":3,"15":2,"16":0,"17":0,"18":0,"19":3,"20":3,"21":0,"22":0,"23":3},"f":{"0":2,"1":0,"2":0,"3":0,"4":2,"5":0,"6":0,"7":0,"8":0},"b":{"0":[0]}}
,"/Users/szabokinga/crypto/src/components/Autocomplete.tsx": {"path":"/Users/szabokinga/crypto/src/components/Autocomplete.tsx","statementMap":{"0":{"start":{"line":1,"column":0},"end":{"line":1,"column":40}},"1":{"start":{"line":3,"column":0},"end":{"line":3,"column":58}},"2":{"start":{"line":4,"column":0},"end":{"line":4,"column":42}},"3":{"start":{"line":5,"column":0},"end":{"line":5,"column":46}},"4":{"start":{"line":7,"column":0},"end":{"line":7,"column":50}},"5":{"start":{"line":15,"column":57},"end":{"line":67,"column":1}},"6":{"start":{"line":16,"column":30},"end":{"line":16,"column":42}},"7":{"start":{"line":17,"column":42},"end":{"line":17,"column":57}},"8":{"start":{"line":18,"column":44},"end":{"line":18,"column":77}},"9":{"start":{"line":20,"column":23},"end":{"line":22,"column":5}},"10":{"start":{"line":21,"column":8},"end":{"line":21,"column":93}},"11":{"start":{"line":21,"column":37},"end":{"line":21,"column":91}},"12":{"start":{"line":24,"column":4},"end":{"line":66,"column":6}},"13":{"start":{"line":32,"column":20},"end":{"line":36,"column":null}},"14":{"start":{"line":33,"column":24},"end":{"line":33,"column":58}},"15":{"start":{"line":34,"column":27},"end":{"line":36,"column":null}},"16":{"start":{"line":35,"column":24},"end":{"line":35,"column":44}},"17":{"start":{"line":37,"column":20},"end":{"line":37,"column":41}},"18":{"start":{"line":38,"column":20},"end":{"line":38,"column":35}},"19":{"start":{"line":41,"column":20},"end":{"line":41,"column":41}},"20":{"start":{"line":43,"column":30},"end":{"line":43,"column":51}},"21":{"start":{"line":50,"column":28},"end":{"line":59,"column":null}},"22":{"start":{"line":53,"column":36},"end":{"line":53,"column":59}},"23":{"start":{"line":54,"column":36},"end":{"line":54,"column":56}},"24":{"start":{"line":55,"column":36},"end":{"line":55,"column":58}},"25":{"start":{"line":15,"column":13},"end":{"line":15,"column":57}},"26":{"start":{"line":69,"column":18},"end":{"line":72,"column":2}},"27":{"start":{"line":74,"column":24},"end":{"line":79,"column":2}},"28":{"start":{"line":81,"column":13},"end":{"line":93,"column":4}},"29":{"start":{"line":81,"column":88},"end":{"line":93,"column":2}}},"fnMap":{"0":{"name":"(anonymous_7)","decl":{"start":{"line":15,"column":57},"end":{"line":15,"column":58}},"loc":{"start":{"line":15,"column":104},"end":{"line":67,"column":1}}},"1":{"name":"(anonymous_8)","decl":{"start":{"line":20,"column":23},"end":{"line":20,"column":24}},"loc":{"start":{"line":20,"column":40},"end":{"line":22,"column":5}}},"2":{"name":"(anonymous_9)","decl":{"start":{"line":21,"column":27},"end":{"line":21,"column":28}},"loc":{"start":{"line":21,"column":37},"end":{"line":21,"column":91}}},"3":{"name":"(anonymous_10)","decl":{"start":{"line":31,"column":30},"end":{"line":31,"column":31}},"loc":{"start":{"line":31,"column":39},"end":{"line":39,"column":17}}},"4":{"name":"(anonymous_11)","decl":{"start":{"line":40,"column":25},"end":{"line":40,"column":28}},"loc":{"start":{"line":40,"column":30},"end":{"line":42,"column":17}}},"5":{"name":"(anonymous_12)","decl":{"start":{"line":43,"column":24},"end":{"line":43,"column":27}},"loc":{"start":{"line":43,"column":30},"end":{"line":43,"column":51}}},"6":{"name":"(anonymous_13)","decl":{"start":{"line":49,"column":42},"end":{"line":49,"column":43}},"loc":{"start":{"line":50,"column":28},"end":{"line":59,"column":null}}},"7":{"name":"(anonymous_14)","decl":{"start":{"line":52,"column":41},"end":{"line":52,"column":44}},"loc":{"start":{"line":52,"column":46},"end":{"line":56,"column":33}}},"8":{"name":"(anonymous_15)","decl":{"start":{"line":81,"column":72},"end":{"line":81,"column":73}},"loc":{"start":{"line":81,"column":88},"end":{"line":93,"column":2}}}},"branchMap":{"0":{"loc":{"start":{"line":32,"column":20},"end":{"line":36,"column":null}},"type":"if","locations":[{"start":{"line":32,"column":20},"end":{"line":36,"column":null}},{"start":{"line":34,"column":27},"end":{"line":36,"column":null}}]},"1":{"loc":{"start":{"line":34,"column":27},"end":{"line":36,"column":null}},"type":"if","locations":[{"start":{"line":34,"column":27},"end":{"line":36,"column":null}}]},"2":{"loc":{"start":{"line":46,"column":13},"end":{"line":63,"column":null}},"type":"binary-expr","locations":[{"start":{"line":46,"column":13},"end":{"line":46,"column":24}},{"start":{"line":46,"column":28},"end":{"line":46,"column":40}},{"start":{"line":47,"column":16},"end":{"line":62,"column":null}}]},"3":{"loc":{"start":{"line":87,"column":11},"end":{"line":87,"column":30}},"type":"cond-expr","locations":[{"start":{"line":87,"column":19},"end":{"line":87,"column":24}},{"start":{"line":87,"column":27},"end":{"line":87,"column":30}}]}},"s":{"0":3,"1":3,"2":3,"3":3,"4":3,"5":3,"6":1,"7":1,"8":1,"9":1,"10":0,"11":0,"12":1,"13":0,"14":0,"15":0,"16":0,"17":0,"18":0,"19":0,"20":0,"21":0,"22":0,"23":0,"24":0,"25":3,"26":3,"27":3,"28":3,"29":0},"f":{"0":1,"1":0,"2":0,"3":0,"4":0,"5":0,"6":0,"7":0,"8":0},"b":{"0":[0,0],"1":[0],"2":[1,0,0],"3":[0,0]}}
,"/Users/szabokinga/crypto/src/components/Button.tsx": {"path":"/Users/szabokinga/crypto/src/components/Button.tsx","statementMap":{"0":{"start":{"line":1,"column":0},"end":{"line":1,"column":26}},"1":{"start":{"line":2,"column":0},"end":{"line":2,"column":46}},"2":{"start":{"line":4,"column":0},"end":{"line":4,"column":39}},"3":{"start":{"line":11,"column":45},"end":{"line":17,"column":1}},"4":{"start":{"line":12,"column":4},"end":{"line":16,"column":6}},"5":{"start":{"line":11,"column":13},"end":{"line":11,"column":45}},"6":{"start":{"line":19,"column":13},"end":{"line":28,"column":3}},"7":{"start":{"line":30,"column":13},"end":{"line":33,"column":2}}},"fnMap":{"0":{"name":"(anonymous_1)","decl":{"start":{"line":11,"column":45},"end":{"line":11,"column":46}},"loc":{"start":{"line":11,"column":68},"end":{"line":17,"column":1}}}},"branchMap":{},"s":{"0":5,"1":5,"2":5,"3":5,"4":5,"5":5,"6":5,"7":5},"f":{"0":5},"b":{}}
,"/Users/szabokinga/crypto/src/components/CryptoChart.tsx": {"path":"/Users/szabokinga/crypto/src/components/CryptoChart.tsx","statementMap":{"0":{"start":{"line":1,"column":0},"end":{"line":1,"column":26}},"1":{"start":{"line":2,"column":0},"end":{"line":2,"column":42}},"2":{"start":{"line":3,"column":0},"end":{"line":3,"column":54}},"3":{"start":{"line":4,"column":0},"end":{"line":4,"column":46}},"4":{"start":{"line":6,"column":0},"end":{"line":6,"column":39}},"5":{"start":{"line":8,"column":25},"end":{"line":8,"column":49}},"6":{"start":{"line":19,"column":15},"end":{"line":24,"column":1}},"7":{"start":{"line":20,"column":4},"end":{"line":23,"column":7}},"8":{"start":{"line":26,"column":55},"end":{"line":64,"column":1}},"9":{"start":{"line":27,"column":4},"end":{"line":63,"column":6}},"10":{"start":{"line":46,"column":40},"end":{"line":46,"column":42}},"11":{"start":{"line":47,"column":24},"end":{"line":51,"column":31}},"12":{"start":{"line":48,"column":28},"end":{"line":51,"column":31}},"13":{"start":{"line":52,"column":24},"end":{"line":52,"column":46}},"14":{"start":{"line":26,"column":13},"end":{"line":26,"column":55}},"15":{"start":{"line":66,"column":18},"end":{"line":69,"column":2}},"16":{"start":{"line":71,"column":23},"end":{"line":75,"column":2}},"17":{"start":{"line":77,"column":23},"end":{"line":82,"column":2}},"18":{"start":{"line":84,"column":22},"end":{"line":87,"column":2}},"19":{"start":{"line":89,"column":14},"end":{"line":93,"column":2}},"20":{"start":{"line":95,"column":13},"end":{"line":98,"column":2}},"21":{"start":{"line":100,"column":14},"end":{"line":104,"column":2}},"22":{"start":{"line":106,"column":24},"end":{"line":109,"column":3}},"23":{"start":{"line":106,"column":76},"end":{"line":109,"column":2}},"24":{"start":{"line":111,"column":23},"end":{"line":113,"column":2}},"25":{"start":{"line":115,"column":13},"end":{"line":792,"column":2}}},"fnMap":{"0":{"name":"(anonymous_1)","decl":{"start":{"line":19,"column":15},"end":{"line":19,"column":16}},"loc":{"start":{"line":19,"column":29},"end":{"line":24,"column":1}}},"1":{"name":"(anonymous_2)","decl":{"start":{"line":26,"column":55},"end":{"line":26,"column":56}},"loc":{"start":{"line":26,"column":120},"end":{"line":64,"column":1}}},"2":{"name":"(anonymous_3)","decl":{"start":{"line":44,"column":28},"end":{"line":44,"column":29}},"loc":{"start":{"line":44,"column":42},"end":{"line":53,"column":21}}},"3":{"name":"(anonymous_4)","decl":{"start":{"line":106,"column":54},"end":{"line":106,"column":55}},"loc":{"start":{"line":106,"column":76},"end":{"line":109,"column":2}}}},"branchMap":{"0":{"loc":{"start":{"line":33,"column":33},"end":{"line":33,"column":57}},"type":"cond-expr","locations":[{"start":{"line":33,"column":42},"end":{"line":33,"column":44}},{"start":{"line":33,"column":33},"end":{"line":33,"column":57}}]},"1":{"loc":{"start":{"line":33,"column":33},"end":{"line":33,"column":44}},"type":"binary-expr","locations":[{"start":{"line":33,"column":33},"end":{"line":33,"column":44}},{"start":{"line":33,"column":33},"end":{"line":33,"column":44}}]},"2":{"loc":{"start":{"line":39,"column":25},"end":{"line":39,"column":55}},"type":"cond-expr","locations":[{"start":{"line":39,"column":30},"end":{"line":39,"column":32}},{"start":{"line":39,"column":25},"end":{"line":39,"column":55}}]},"3":{"loc":{"start":{"line":39,"column":25},"end":{"line":39,"column":32}},"type":"binary-expr","locations":[{"start":{"line":39,"column":25},"end":{"line":39,"column":32}},{"start":{"line":39,"column":25},"end":{"line":39,"column":32}}]},"4":{"loc":{"start":{"line":40,"column":60},"end":{"line":40,"column":83}},"type":"cond-expr","locations":[{"start":{"line":40,"column":71},"end":{"line":40,"column":73}},{"start":{"line":40,"column":60},"end":{"line":40,"column":83}}]},"5":{"loc":{"start":{"line":40,"column":60},"end":{"line":40,"column":73}},"type":"binary-expr","locations":[{"start":{"line":40,"column":60},"end":{"line":40,"column":73}},{"start":{"line":40,"column":60},"end":{"line":40,"column":73}}]},"6":{"loc":{"start":{"line":47,"column":24},"end":{"line":51,"column":31}},"type":"if","locations":[{"start":{"line":47,"column":24},"end":{"line":51,"column":31}}]},"7":{"loc":{"start":{"line":108,"column":11},"end":{"line":108,"column":51}},"type":"cond-expr","locations":[{"start":{"line":108,"column":30},"end":{"line":108,"column":39}},{"start":{"line":108,"column":42},"end":{"line":108,"column":51}}]}},"s":{"0":3,"1":3,"2":3,"3":3,"4":3,"5":3,"6":3,"7":0,"8":3,"9":0,"10":0,"11":0,"12":0,"13":0,"14":3,"15":3,"16":3,"17":3,"18":3,"19":3,"20":3,"21":3,"22":3,"23":0,"24":3,"25":3},"f":{"0":0,"1":0,"2":0,"3":0},"b":{"0":[0,0],"1":[0,0],"2":[0,0],"3":[0,0],"4":[0,0],"5":[0,0],"6":[0],"7":[0,0]}}
,"/Users/szabokinga/crypto/src/components/CryptoCoin.tsx": {"path":"/Users/szabokinga/crypto/src/components/CryptoCoin.tsx","statementMap":{"0":{"start":{"line":1,"column":0},"end":{"line":1,"column":46}},"1":{"start":{"line":3,"column":0},"end":{"line":3,"column":54}},"2":{"start":{"line":4,"column":0},"end":{"line":4,"column":46}},"3":{"start":{"line":6,"column":0},"end":{"line":6,"column":56}},"4":{"start":{"line":9,"column":0},"end":{"line":9,"column":39}},"5":{"start":{"line":10,"column":0},"end":{"line":10,"column":48}},"6":{"start":{"line":12,"column":0},"end":{"line":12,"column":64}},"7":{"start":{"line":25,"column":55},"end":{"line":55,"column":1}},"8":{"start":{"line":26,"column":17},"end":{"line":26,"column":76}},"9":{"start":{"line":26,"column":51},"end":{"line":26,"column":61}},"10":{"start":{"line":27,"column":26},"end":{"line":27,"column":68}},"11":{"start":{"line":29,"column":4},"end":{"line":54,"column":6}},"12":{"start":{"line":50,"column":112},"end":{"line":50,"column":124}},"13":{"start":{"line":51,"column":121},"end":{"line":51,"column":133}},"14":{"start":{"line":57,"column":18},"end":{"line":64,"column":2}},"15":{"start":{"line":66,"column":22},"end":{"line":69,"column":2}},"16":{"start":{"line":71,"column":23},"end":{"line":74,"column":2}},"17":{"start":{"line":76,"column":23},"end":{"line":79,"column":2}},"18":{"start":{"line":81,"column":28},"end":{"line":85,"column":2}},"19":{"start":{"line":87,"column":14},"end":{"line":90,"column":2}},"20":{"start":{"line":92,"column":14},"end":{"line":95,"column":2}},"21":{"start":{"line":97,"column":24},"end":{"line":101,"column":3}},"22":{"start":{"line":97,"column":84},"end":{"line":101,"column":2}},"23":{"start":{"line":103,"column":17},"end":{"line":107,"column":2}},"24":{"start":{"line":109,"column":13},"end":{"line":109,"column":52}}},"fnMap":{"0":{"name":"(anonymous_7)","decl":{"start":{"line":25,"column":55},"end":{"line":25,"column":56}},"loc":{"start":{"line":25,"column":142},"end":{"line":55,"column":1}}},"1":{"name":"(anonymous_8)","decl":{"start":{"line":26,"column":29},"end":{"line":26,"column":30}},"loc":{"start":{"line":26,"column":51},"end":{"line":26,"column":61}}},"2":{"name":"(anonymous_9)","decl":{"start":{"line":50,"column":106},"end":{"line":50,"column":109}},"loc":{"start":{"line":50,"column":112},"end":{"line":50,"column":124}}},"3":{"name":"(anonymous_10)","decl":{"start":{"line":51,"column":115},"end":{"line":51,"column":118}},"loc":{"start":{"line":51,"column":121},"end":{"line":51,"column":133}}},"4":{"name":"(anonymous_11)","decl":{"start":{"line":97,"column":62},"end":{"line":97,"column":63}},"loc":{"start":{"line":97,"column":84},"end":{"line":101,"column":2}}}},"branchMap":{"0":{"loc":{"start":{"line":48,"column":64},"end":{"line":48,"column":87}},"type":"cond-expr","locations":[{"start":{"line":48,"column":75},"end":{"line":48,"column":77}},{"start":{"line":48,"column":64},"end":{"line":48,"column":87}}]},"1":{"loc":{"start":{"line":48,"column":64},"end":{"line":48,"column":77}},"type":"binary-expr","locations":[{"start":{"line":48,"column":64},"end":{"line":48,"column":77}},{"start":{"line":48,"column":64},"end":{"line":48,"column":77}}]},"2":{"loc":{"start":{"line":50,"column":17},"end":{"line":50,"column":128}},"type":"binary-expr","locations":[{"start":{"line":50,"column":17},"end":{"line":50,"column":32}},{"start":{"line":50,"column":36},"end":{"line":50,"column":39}},{"start":{"line":50,"column":43},"end":{"line":50,"column":128}}]},"3":{"loc":{"start":{"line":51,"column":17},"end":{"line":51,"column":137}},"type":"binary-expr","locations":[{"start":{"line":51,"column":17},"end":{"line":51,"column":32}},{"start":{"line":51,"column":36},"end":{"line":51,"column":40}},{"start":{"line":51,"column":44},"end":{"line":51,"column":137}}]},"4":{"loc":{"start":{"line":100,"column":11},"end":{"line":100,"column":51}},"type":"cond-expr","locations":[{"start":{"line":100,"column":30},"end":{"line":100,"column":39}},{"start":{"line":100,"column":42},"end":{"line":100,"column":51}}]}},"s":{"0":3,"1":3,"2":3,"3":3,"4":3,"5":3,"6":3,"7":3,"8":0,"9":0,"10":0,"11":0,"12":0,"13":0,"14":3,"15":3,"16":3,"17":3,"18":3,"19":3,"20":3,"21":3,"22":0,"23":3,"24":3},"f":{"0":0,"1":0,"2":0,"3":0,"4":0},"b":{"0":[0,0],"1":[0,0],"2":[0,0,0],"3":[0,0,0],"4":[0,0]}}
,"/Users/szabokinga/crypto/src/components/EditOwnedCoinBottomModal.tsx": {"path":"/Users/szabokinga/crypto/src/components/EditOwnedCoinBottomModal.tsx","statementMap":{"0":{"start":{"line":1,"column":0},"end":{"line":1,"column":26}},"1":{"start":{"line":2,"column":0},"end":{"line":2,"column":68}},"2":{"start":{"line":3,"column":0},"end":{"line":3,"column":46}},"3":{"start":{"line":4,"column":0},"end":{"line":4,"column":52}},"4":{"start":{"line":6,"column":0},"end":{"line":6,"column":50}},"5":{"start":{"line":7,"column":0},"end":{"line":7,"column":51}},"6":{"start":{"line":8,"column":0},"end":{"line":8,"column":44}},"7":{"start":{"line":9,"column":0},"end":{"line":9,"column":56}},"8":{"start":{"line":10,"column":25},"end":{"line":10,"column":49}},"9":{"start":{"line":22,"column":68},"end":{"line":69,"column":1}},"10":{"start":{"line":23,"column":4},"end":{"line":68,"column":6}},"11":{"start":{"line":63,"column":58},"end":{"line":63,"column":74}},"12":{"start":{"line":64,"column":56},"end":{"line":64,"column":70}},"13":{"start":{"line":22,"column":13},"end":{"line":22,"column":68}},"14":{"start":{"line":71,"column":18},"end":{"line":73,"column":2}},"15":{"start":{"line":74,"column":21},"end":{"line":79,"column":2}},"16":{"start":{"line":81,"column":14},"end":{"line":85,"column":2}},"17":{"start":{"line":87,"column":13},"end":{"line":90,"column":2}},"18":{"start":{"line":92,"column":24},"end":{"line":96,"column":2}}},"fnMap":{"0":{"name":"(anonymous_1)","decl":{"start":{"line":22,"column":68},"end":{"line":22,"column":69}},"loc":{"start":{"line":22,"column":78},"end":{"line":69,"column":1}}},"1":{"name":"(anonymous_2)","decl":{"start":{"line":63,"column":52},"end":{"line":63,"column":55}},"loc":{"start":{"line":63,"column":58},"end":{"line":63,"column":74}}},"2":{"name":"(anonymous_3)","decl":{"start":{"line":64,"column":50},"end":{"line":64,"column":53}},"loc":{"start":{"line":64,"column":56},"end":{"line":64,"column":70}}}},"branchMap":{"0":{"loc":{"start":{"line":29,"column":20},"end":{"line":29,"column":84}},"type":"cond-expr","locations":[{"start":{"line":29,"column":44},"end":{"line":29,"column":55}},{"start":{"line":29,"column":58},"end":{"line":29,"column":84}}]}},"s":{"0":2,"1":2,"2":2,"3":2,"4":2,"5":2,"6":2,"7":2,"8":2,"9":2,"10":1,"11":0,"12":0,"13":2,"14":2,"15":2,"16":2,"17":2,"18":2},"f":{"0":1,"1":0,"2":0},"b":{"0":[1,0]}}
,"/Users/szabokinga/crypto/src/components/ErrorComponent.tsx": {"path":"/Users/szabokinga/crypto/src/components/ErrorComponent.tsx","statementMap":{"0":{"start":{"line":1,"column":0},"end":{"line":1,"column":39}},"1":{"start":{"line":2,"column":0},"end":{"line":2,"column":26}},"2":{"start":{"line":4,"column":0},"end":{"line":4,"column":46}},"3":{"start":{"line":10,"column":56},"end":{"line":16,"column":1}},"4":{"start":{"line":11,"column":4},"end":{"line":15,"column":6}},"5":{"start":{"line":10,"column":13},"end":{"line":10,"column":56}},"6":{"start":{"line":18,"column":18},"end":{"line":22,"column":2}},"7":{"start":{"line":24,"column":13},"end":{"line":27,"column":2}}},"fnMap":{"0":{"name":"(anonymous_1)","decl":{"start":{"line":10,"column":56},"end":{"line":10,"column":57}},"loc":{"start":{"line":10,"column":66},"end":{"line":16,"column":1}}}},"branchMap":{},"s":{"0":5,"1":5,"2":5,"3":5,"4":0,"5":5,"6":5,"7":5},"f":{"0":0},"b":{}}
,"/Users/szabokinga/crypto/src/components/InputField.tsx": {"path":"/Users/szabokinga/crypto/src/components/InputField.tsx","statementMap":{"0":{"start":{"line":1,"column":0},"end":{"line":1,"column":26}},"1":{"start":{"line":3,"column":0},"end":{"line":3,"column":46}},"2":{"start":{"line":4,"column":0},"end":{"line":4,"column":50}},"3":{"start":{"line":12,"column":59},"end":{"line":28,"column":1}},"4":{"start":{"line":13,"column":4},"end":{"line":27,"column":6}},"5":{"start":{"line":30,"column":18},"end":{"line":33,"column":2}},"6":{"start":{"line":35,"column":18},"end":{"line":39,"column":3}},"7":{"start":{"line":35,"column":37},"end":{"line":39,"column":2}},"8":{"start":{"line":41,"column":18},"end":{"line":45,"column":3}},"9":{"start":{"line":41,"column":37},"end":{"line":45,"column":2}},"10":{"start":{"line":47,"column":20},"end":{"line":59,"column":3}},"11":{"start":{"line":47,"column":84},"end":{"line":59,"column":2}},"12":{"start":{"line":61,"column":13},"end":{"line":61,"column":44}}},"fnMap":{"0":{"name":"(anonymous_1)","decl":{"start":{"line":12,"column":59},"end":{"line":12,"column":60}},"loc":{"start":{"line":12,"column":139},"end":{"line":28,"column":1}}},"1":{"name":"(anonymous_2)","decl":{"start":{"line":35,"column":30},"end":{"line":35,"column":33}},"loc":{"start":{"line":35,"column":37},"end":{"line":39,"column":2}}},"2":{"name":"(anonymous_3)","decl":{"start":{"line":41,"column":30},"end":{"line":41,"column":33}},"loc":{"start":{"line":41,"column":37},"end":{"line":45,"column":2}}},"3":{"name":"(anonymous_4)","decl":{"start":{"line":47,"column":68},"end":{"line":47,"column":69}},"loc":{"start":{"line":47,"column":84},"end":{"line":59,"column":2}}}},"branchMap":{"0":{"loc":{"start":{"line":15,"column":13},"end":{"line":15,"column":52}},"type":"binary-expr","locations":[{"start":{"line":15,"column":13},"end":{"line":15,"column":18}},{"start":{"line":15,"column":22},"end":{"line":15,"column":52}}]},"1":{"loc":{"start":{"line":22,"column":30},"end":{"line":22,"column":69}},"type":"cond-expr","locations":[{"start":{"line":22,"column":45},"end":{"line":22,"column":57}},{"start":{"line":22,"column":60},"end":{"line":22,"column":69}}]},"2":{"loc":{"start":{"line":25,"column":13},"end":{"line":25,"column":60}},"type":"binary-expr","locations":[{"start":{"line":25,"column":13},"end":{"line":25,"column":22}},{"start":{"line":25,"column":26},"end":{"line":25,"column":60}}]},"3":{"loc":{"start":{"line":53,"column":11},"end":{"line":53,"column":30}},"type":"cond-expr","locations":[{"start":{"line":53,"column":19},"end":{"line":53,"column":24}},{"start":{"line":53,"column":27},"end":{"line":53,"column":30}}]}},"s":{"0":3,"1":3,"2":3,"3":3,"4":0,"5":3,"6":3,"7":0,"8":3,"9":0,"10":3,"11":0,"12":3},"f":{"0":0,"1":0,"2":0,"3":0},"b":{"0":[0,0],"1":[0,0],"2":[0,0],"3":[0,0]}}
,"/Users/szabokinga/crypto/src/components/NewOwnedCoinBottomModal.tsx": {"path":"/Users/szabokinga/crypto/src/components/NewOwnedCoinBottomModal.tsx","statementMap":{"0":{"start":{"line":1,"column":0},"end":{"line":1,"column":26}},"1":{"start":{"line":2,"column":0},"end":{"line":2,"column":68}},"2":{"start":{"line":3,"column":0},"end":{"line":3,"column":46}},"3":{"start":{"line":4,"column":0},"end":{"line":4,"column":52}},"4":{"start":{"line":6,"column":0},"end":{"line":6,"column":50}},"5":{"start":{"line":7,"column":0},"end":{"line":7,"column":51}},"6":{"start":{"line":8,"column":0},"end":{"line":8,"column":56}},"7":{"start":{"line":9,"column":0},"end":{"line":9,"column":44}},"8":{"start":{"line":11,"column":0},"end":{"line":11,"column":56}},"9":{"start":{"line":13,"column":25},"end":{"line":13,"column":49}},"10":{"start":{"line":27,"column":67},"end":{"line":74,"column":1}},"11":{"start":{"line":28,"column":4},"end":{"line":73,"column":6}},"12":{"start":{"line":68,"column":58},"end":{"line":68,"column":68}},"13":{"start":{"line":69,"column":56},"end":{"line":69,"column":64}},"14":{"start":{"line":27,"column":13},"end":{"line":27,"column":67}},"15":{"start":{"line":76,"column":18},"end":{"line":78,"column":2}},"16":{"start":{"line":79,"column":21},"end":{"line":84,"column":2}},"17":{"start":{"line":86,"column":14},"end":{"line":90,"column":2}},"18":{"start":{"line":92,"column":13},"end":{"line":95,"column":2}},"19":{"start":{"line":97,"column":24},"end":{"line":101,"column":2}}},"fnMap":{"0":{"name":"(anonymous_1)","decl":{"start":{"line":27,"column":67},"end":{"line":27,"column":68}},"loc":{"start":{"line":27,"column":172},"end":{"line":74,"column":1}}},"1":{"name":"(anonymous_2)","decl":{"start":{"line":68,"column":52},"end":{"line":68,"column":55}},"loc":{"start":{"line":68,"column":58},"end":{"line":68,"column":68}}},"2":{"name":"(anonymous_3)","decl":{"start":{"line":69,"column":50},"end":{"line":69,"column":53}},"loc":{"start":{"line":69,"column":56},"end":{"line":69,"column":64}}}},"branchMap":{"0":{"loc":{"start":{"line":34,"column":20},"end":{"line":34,"column":84}},"type":"cond-expr","locations":[{"start":{"line":34,"column":44},"end":{"line":34,"column":55}},{"start":{"line":34,"column":58},"end":{"line":34,"column":84}}]}},"s":{"0":2,"1":2,"2":2,"3":2,"4":2,"5":2,"6":2,"7":2,"8":2,"9":2,"10":2,"11":1,"12":0,"13":0,"14":2,"15":2,"16":2,"17":2,"18":2,"19":2},"f":{"0":1,"1":0,"2":0},"b":{"0":[1,0]}}
,"/Users/szabokinga/crypto/src/components/OwnedCoins.tsx": {"path":"/Users/szabokinga/crypto/src/components/OwnedCoins.tsx","statementMap":{"0":{"start":{"line":1,"column":0},"end":{"line":1,"column":46}},"1":{"start":{"line":3,"column":0},"end":{"line":3,"column":46}},"2":{"start":{"line":5,"column":0},"end":{"line":5,"column":39}},"3":{"start":{"line":6,"column":0},"end":{"line":6,"column":48}},"4":{"start":{"line":7,"column":0},"end":{"line":7,"column":47}},"5":{"start":{"line":21,"column":53},"end":{"line":53,"column":1}},"6":{"start":{"line":22,"column":4},"end":{"line":52,"column":6}},"7":{"start":{"line":55,"column":20},"end":{"line":65,"column":1}},"8":{"start":{"line":56,"column":4},"end":{"line":64,"column":null}},"9":{"start":{"line":58,"column":12},"end":{"line":58,"column":104}},"10":{"start":{"line":60,"column":12},"end":{"line":60,"column":104}},"11":{"start":{"line":63,"column":12},"end":{"line":63,"column":104}},"12":{"start":{"line":67,"column":18},"end":{"line":77,"column":2}},"13":{"start":{"line":79,"column":22},"end":{"line":83,"column":2}},"14":{"start":{"line":85,"column":24},"end":{"line":87,"column":2}},"15":{"start":{"line":89,"column":23},"end":{"line":92,"column":2}},"16":{"start":{"line":94,"column":28},"end":{"line":98,"column":2}},"17":{"start":{"line":100,"column":14},"end":{"line":103,"column":2}},"18":{"start":{"line":105,"column":14},"end":{"line":108,"column":2}},"19":{"start":{"line":110,"column":21},"end":{"line":113,"column":2}},"20":{"start":{"line":115,"column":24},"end":{"line":119,"column":3}},"21":{"start":{"line":115,"column":81},"end":{"line":119,"column":2}},"22":{"start":{"line":121,"column":17},"end":{"line":125,"column":2}},"23":{"start":{"line":127,"column":13},"end":{"line":127,"column":51}}},"fnMap":{"0":{"name":"(anonymous_7)","decl":{"start":{"line":21,"column":53},"end":{"line":21,"column":54}},"loc":{"start":{"line":21,"column":63},"end":{"line":53,"column":1}}},"1":{"name":"(anonymous_8)","decl":{"start":{"line":55,"column":20},"end":{"line":55,"column":21}},"loc":{"start":{"line":55,"column":56},"end":{"line":65,"column":1}}},"2":{"name":"(anonymous_9)","decl":{"start":{"line":115,"column":60},"end":{"line":115,"column":61}},"loc":{"start":{"line":115,"column":81},"end":{"line":119,"column":2}}}},"branchMap":{"0":{"loc":{"start":{"line":36,"column":35},"end":{"line":36,"column":65}},"type":"cond-expr","locations":[{"start":{"line":36,"column":50},"end":{"line":36,"column":52}},{"start":{"line":36,"column":50},"end":{"line":36,"column":65}}]},"1":{"loc":{"start":{"line":36,"column":35},"end":{"line":36,"column":52}},"type":"binary-expr","locations":[{"start":{"line":36,"column":35},"end":{"line":36,"column":52}},{"start":{"line":36,"column":50},"end":{"line":36,"column":52}}]},"2":{"loc":{"start":{"line":56,"column":4},"end":{"line":64,"column":null}},"type":"switch","locations":[{"start":{"line":57,"column":8},"end":{"line":58,"column":104}},{"start":{"line":59,"column":8},"end":{"line":60,"column":104}},{"start":{"line":61,"column":8},"end":{"line":61,"column":26}},{"start":{"line":62,"column":8},"end":{"line":63,"column":104}}]},"3":{"loc":{"start":{"line":118,"column":11},"end":{"line":118,"column":50}},"type":"cond-expr","locations":[{"start":{"line":118,"column":29},"end":{"line":118,"column":38}},{"start":{"line":118,"column":41},"end":{"line":118,"column":50}}]}},"s":{"0":2,"1":2,"2":2,"3":2,"4":2,"5":2,"6":0,"7":2,"8":0,"9":0,"10":0,"11":0,"12":2,"13":2,"14":2,"15":2,"16":2,"17":2,"18":2,"19":2,"20":2,"21":0,"22":2,"23":2},"f":{"0":0,"1":0,"2":0},"b":{"0":[0,0],"1":[0,0],"2":[0,0,0,0],"3":[0,0]}}
,"/Users/szabokinga/crypto/src/components/ScreenBackground.tsx": {"path":"/Users/szabokinga/crypto/src/components/ScreenBackground.tsx","statementMap":{"0":{"start":{"line":1,"column":0},"end":{"line":1,"column":26}},"1":{"start":{"line":2,"column":0},"end":{"line":2,"column":46}},"2":{"start":{"line":4,"column":0},"end":{"line":4,"column":50}},"3":{"start":{"line":6,"column":0},"end":{"line":6,"column":39}},"4":{"start":{"line":7,"column":0},"end":{"line":7,"column":44}},"5":{"start":{"line":8,"column":0},"end":{"line":8,"column":56}},"6":{"start":{"line":10,"column":0},"end":{"line":10,"column":60}},"7":{"start":{"line":11,"column":0},"end":{"line":11,"column":45}},"8":{"start":{"line":17,"column":65},"end":{"line":29,"column":1}},"9":{"start":{"line":18,"column":17},"end":{"line":18,"column":76}},"10":{"start":{"line":18,"column":51},"end":{"line":18,"column":61}},"11":{"start":{"line":19,"column":18},"end":{"line":19,"column":84}},"12":{"start":{"line":19,"column":52},"end":{"line":19,"column":69}},"13":{"start":{"line":21,"column":4},"end":{"line":28,"column":6}},"14":{"start":{"line":25,"column":56},"end":{"line":25,"column":71}},"15":{"start":{"line":17,"column":13},"end":{"line":17,"column":65}},"16":{"start":{"line":31,"column":19},"end":{"line":36,"column":2}}},"fnMap":{"0":{"name":"(anonymous_1)","decl":{"start":{"line":17,"column":65},"end":{"line":17,"column":66}},"loc":{"start":{"line":17,"column":89},"end":{"line":29,"column":1}}},"1":{"name":"(anonymous_2)","decl":{"start":{"line":18,"column":29},"end":{"line":18,"column":30}},"loc":{"start":{"line":18,"column":51},"end":{"line":18,"column":61}}},"2":{"name":"(anonymous_3)","decl":{"start":{"line":19,"column":30},"end":{"line":19,"column":31}},"loc":{"start":{"line":19,"column":52},"end":{"line":19,"column":69}}},"3":{"name":"(anonymous_4)","decl":{"start":{"line":25,"column":50},"end":{"line":25,"column":53}},"loc":{"start":{"line":25,"column":56},"end":{"line":25,"column":71}}}},"branchMap":{"0":{"loc":{"start":{"line":25,"column":17},"end":{"line":25,"column":93}},"type":"cond-expr","locations":[{"start":{"line":25,"column":25},"end":{"line":25,"column":75}},{"start":{"line":25,"column":78},"end":{"line":25,"column":93}}]}},"s":{"0":5,"1":5,"2":5,"3":5,"4":5,"5":5,"6":5,"7":5,"8":5,"9":4,"10":4,"11":4,"12":4,"13":4,"14":0,"15":5,"16":5},"f":{"0":4,"1":4,"2":4,"3":0},"b":{"0":[0,4]}}
,"/Users/szabokinga/crypto/src/components/SelectedCoinGraph.tsx": {"path":"/Users/szabokinga/crypto/src/components/SelectedCoinGraph.tsx","statementMap":{"0":{"start":{"line":1,"column":0},"end":{"line":1,"column":54}},"1":{"start":{"line":2,"column":0},"end":{"line":2,"column":56}},"2":{"start":{"line":4,"column":0},"end":{"line":4,"column":50}},"3":{"start":{"line":5,"column":0},"end":{"line":5,"column":26}},"4":{"start":{"line":6,"column":0},"end":{"line":6,"column":52}},"5":{"start":{"line":7,"column":0},"end":{"line":7,"column":52}},"6":{"start":{"line":9,"column":25},"end":{"line":9,"column":49}},"7":{"start":{"line":16,"column":58},"end":{"line":50,"column":1}},"8":{"start":{"line":17,"column":4},"end":{"line":49,"column":6}},"9":{"start":{"line":16,"column":13},"end":{"line":16,"column":58}}},"fnMap":{"0":{"name":"(anonymous_1)","decl":{"start":{"line":16,"column":58},"end":{"line":16,"column":59}},"loc":{"start":{"line":16,"column":94},"end":{"line":50,"column":1}}}},"branchMap":{"0":{"loc":{"start":{"line":23,"column":20},"end":{"line":23,"column":82}},"type":"cond-expr","locations":[{"start":{"line":23,"column":44},"end":{"line":23,"column":54}},{"start":{"line":23,"column":57},"end":{"line":23,"column":82}}]},"1":{"loc":{"start":{"line":38,"column":13},"end":{"line":46,"column":null}},"type":"binary-expr","locations":[{"start":{"line":38,"column":13},"end":{"line":38,"column":29}},{"start":{"line":39,"column":16},"end":{"line":45,"column":null}}]}},"s":{"0":3,"1":3,"2":3,"3":3,"4":3,"5":3,"6":3,"7":3,"8":2,"9":3},"f":{"0":2},"b":{"0":[2,0],"1":[2,1]}}
,"/Users/szabokinga/crypto/src/components/TabHeader.tsx": {"path":"/Users/szabokinga/crypto/src/components/TabHeader.tsx","statementMap":{"0":{"start":{"line":1,"column":0},"end":{"line":1,"column":26}},"1":{"start":{"line":2,"column":0},"end":{"line":2,"column":46}},"2":{"start":{"line":4,"column":0},"end":{"line":4,"column":39}},"3":{"start":{"line":10,"column":51},"end":{"line":16,"column":1}},"4":{"start":{"line":11,"column":4},"end":{"line":15,"column":6}},"5":{"start":{"line":10,"column":13},"end":{"line":10,"column":51}},"6":{"start":{"line":18,"column":19},"end":{"line":28,"column":2}},"7":{"start":{"line":30,"column":13},"end":{"line":33,"column":2}}},"fnMap":{"0":{"name":"(anonymous_1)","decl":{"start":{"line":10,"column":51},"end":{"line":10,"column":52}},"loc":{"start":{"line":10,"column":65},"end":{"line":16,"column":1}}}},"branchMap":{},"s":{"0":5,"1":5,"2":5,"3":5,"4":4,"5":5,"6":5,"7":5},"f":{"0":4},"b":{}}
,"/Users/szabokinga/crypto/src/components/UserRequiredContent.tsx": {"path":"/Users/szabokinga/crypto/src/components/UserRequiredContent.tsx","statementMap":{"0":{"start":{"line":1,"column":0},"end":{"line":1,"column":39}},"1":{"start":{"line":2,"column":0},"end":{"line":2,"column":26}},"2":{"start":{"line":3,"column":0},"end":{"line":3,"column":54}},"3":{"start":{"line":4,"column":0},"end":{"line":4,"column":46}},"4":{"start":{"line":6,"column":35},"end":{"line":13,"column":1}},"5":{"start":{"line":7,"column":4},"end":{"line":12,"column":6}},"6":{"start":{"line":6,"column":13},"end":{"line":6,"column":35}},"7":{"start":{"line":15,"column":18},"end":{"line":19,"column":2}},"8":{"start":{"line":21,"column":13},"end":{"line":25,"column":2}}},"fnMap":{"0":{"name":"(anonymous_1)","decl":{"start":{"line":6,"column":35},"end":{"line":6,"column":38}},"loc":{"start":{"line":6,"column":40},"end":{"line":13,"column":1}}}},"branchMap":{},"s":{"0":4,"1":4,"2":4,"3":4,"4":4,"5":5,"6":4,"7":4,"8":4},"f":{"0":5},"b":{}}
,"/Users/szabokinga/crypto/src/constants/Tabs.ts": {"path":"/Users/szabokinga/crypto/src/constants/Tabs.ts","statementMap":{"0":{"start":{"line":1,"column":0},"end":{"line":1,"column":null}},"1":{"start":{"line":2,"column":2},"end":{"line":2,"column":null}},"2":{"start":{"line":3,"column":2},"end":{"line":3,"column":null}},"3":{"start":{"line":4,"column":2},"end":{"line":4,"column":null}},"4":{"start":{"line":5,"column":2},"end":{"line":5,"column":null}}},"fnMap":{"0":{"name":"(anonymous_0)","decl":{"start":{"line":1,"column":0},"end":{"line":1,"column":12}},"loc":{"start":{"line":1,"column":16},"end":{"line":6,"column":1}}}},"branchMap":{"0":{"loc":{"start":{"line":1,"column":12},"end":{"line":1,"column":null}},"type":"binary-expr","locations":[{"start":{"line":1,"column":12},"end":{"line":1,"column":16}},{"start":{"line":1,"column":12},"end":{"line":1,"column":null}}]}},"s":{"0":5,"1":5,"2":5,"3":5,"4":5},"f":{"0":5},"b":{"0":[5,5]}}
,"/Users/szabokinga/crypto/src/constants/androidHelper.ts": {"path":"/Users/szabokinga/crypto/src/constants/androidHelper.ts","statementMap":{"0":{"start":{"line":1,"column":0},"end":{"line":1,"column":42}},"1":{"start":{"line":3,"column":21},"end":{"line":3,"column":52}},"2":{"start":{"line":4,"column":21},"end":{"line":4,"column":52}},"3":{"start":{"line":5,"column":13},"end":{"line":5,"column":56}}},"fnMap":{},"branchMap":{},"s":{"0":5,"1":5,"2":5,"3":5},"f":{},"b":{}}
,"/Users/szabokinga/crypto/src/constants/currency.ts": {"path":"/Users/szabokinga/crypto/src/constants/currency.ts","statementMap":{"0":{"start":{"line":1,"column":0},"end":{"line":1,"column":null}},"1":{"start":{"line":2,"column":4},"end":{"line":2,"column":null}},"2":{"start":{"line":3,"column":4},"end":{"line":3,"column":null}},"3":{"start":{"line":4,"column":4},"end":{"line":4,"column":null}}},"fnMap":{"0":{"name":"(anonymous_0)","decl":{"start":{"line":1,"column":0},"end":{"line":1,"column":12}},"loc":{"start":{"line":1,"column":20},"end":{"line":5,"column":1}}}},"branchMap":{"0":{"loc":{"start":{"line":1,"column":12},"end":{"line":1,"column":null}},"type":"binary-expr","locations":[{"start":{"line":1,"column":12},"end":{"line":1,"column":20}},{"start":{"line":1,"column":12},"end":{"line":1,"column":null}}]}},"s":{"0":2,"1":2,"2":2,"3":2},"f":{"0":2},"b":{"0":[2,2]}}
,"/Users/szabokinga/crypto/src/constants/server.ts": {"path":"/Users/szabokinga/crypto/src/constants/server.ts","statementMap":{"0":{"start":{"line":1,"column":13},"end":{"line":1,"column":60}},"1":{"start":{"line":4,"column":13},"end":{"line":4,"column":103}}},"fnMap":{},"branchMap":{},"s":{"0":8,"1":8},"f":{},"b":{}}
,"/Users/szabokinga/crypto/src/navigation/BottomNavigator.tsx": {"path":"/Users/szabokinga/crypto/src/navigation/BottomNavigator.tsx","statementMap":{"0":{"start":{"line":1,"column":0},"end":{"line":1,"column":90}},"1":{"start":{"line":2,"column":0},"end":{"line":2,"column":63}},"2":{"start":{"line":3,"column":0},"end":{"line":3,"column":41}},"3":{"start":{"line":4,"column":0},"end":{"line":4,"column":42}},"4":{"start":{"line":5,"column":0},"end":{"line":5,"column":66}},"5":{"start":{"line":6,"column":0},"end":{"line":6,"column":54}},"6":{"start":{"line":8,"column":0},"end":{"line":8,"column":39}},"7":{"start":{"line":10,"column":0},"end":{"line":10,"column":55}},"8":{"start":{"line":11,"column":0},"end":{"line":11,"column":60}},"9":{"start":{"line":12,"column":0},"end":{"line":12,"column":53}},"10":{"start":{"line":13,"column":0},"end":{"line":13,"column":55}},"11":{"start":{"line":15,"column":0},"end":{"line":15,"column":39}},"12":{"start":{"line":16,"column":0},"end":{"line":16,"column":56}},"13":{"start":{"line":18,"column":0},"end":{"line":18,"column":45}},"14":{"start":{"line":20,"column":31},"end":{"line":78,"column":1}},"15":{"start":{"line":21,"column":17},"end":{"line":21,"column":76}},"16":{"start":{"line":21,"column":51},"end":{"line":21,"column":61}},"17":{"start":{"line":22,"column":18},"end":{"line":22,"column":78}},"18":{"start":{"line":22,"column":52},"end":{"line":22,"column":63}},"19":{"start":{"line":24,"column":28},"end":{"line":26,"column":5}},"20":{"start":{"line":25,"column":8},"end":{"line":25,"column":24}},"21":{"start":{"line":28,"column":4},"end":{"line":30,"column":22}},"22":{"start":{"line":29,"column":8},"end":{"line":29,"column":57}},"23":{"start":{"line":29,"column":32},"end":{"line":29,"column":57}},"24":{"start":{"line":32,"column":4},"end":{"line":34,"column":26}},"25":{"start":{"line":33,"column":8},"end":{"line":33,"column":26}},"26":{"start":{"line":36,"column":16},"end":{"line":36,"column":50}},"27":{"start":{"line":38,"column":4},"end":{"line":77,"column":6}},"28":{"start":{"line":47,"column":55},"end":{"line":47,"column":101}},"29":{"start":{"line":55,"column":55},"end":{"line":55,"column":101}},"30":{"start":{"line":63,"column":55},"end":{"line":63,"column":99}},"31":{"start":{"line":71,"column":55},"end":{"line":71,"column":103}},"32":{"start":{"line":20,"column":13},"end":{"line":20,"column":31}},"33":{"start":{"line":80,"column":15},"end":{"line":93,"column":2}}},"fnMap":{"0":{"name":"(anonymous_7)","decl":{"start":{"line":20,"column":31},"end":{"line":20,"column":34}},"loc":{"start":{"line":20,"column":36},"end":{"line":78,"column":1}}},"1":{"name":"(anonymous_8)","decl":{"start":{"line":21,"column":29},"end":{"line":21,"column":30}},"loc":{"start":{"line":21,"column":51},"end":{"line":21,"column":61}}},"2":{"name":"(anonymous_9)","decl":{"start":{"line":22,"column":30},"end":{"line":22,"column":31}},"loc":{"start":{"line":22,"column":52},"end":{"line":22,"column":63}}},"3":{"name":"(anonymous_10)","decl":{"start":{"line":24,"column":28},"end":{"line":24,"column":33}},"loc":{"start":{"line":24,"column":39},"end":{"line":26,"column":5}}},"4":{"name":"(anonymous_11)","decl":{"start":{"line":28,"column":14},"end":{"line":28,"column":17}},"loc":{"start":{"line":28,"column":19},"end":{"line":30,"column":5}}},"5":{"name":"(anonymous_12)","decl":{"start":{"line":32,"column":14},"end":{"line":32,"column":17}},"loc":{"start":{"line":32,"column":19},"end":{"line":34,"column":5}}},"6":{"name":"(anonymous_13)","decl":{"start":{"line":47,"column":40},"end":{"line":47,"column":41}},"loc":{"start":{"line":47,"column":55},"end":{"line":47,"column":101}}},"7":{"name":"(anonymous_14)","decl":{"start":{"line":55,"column":40},"end":{"line":55,"column":41}},"loc":{"start":{"line":55,"column":55},"end":{"line":55,"column":101}}},"8":{"name":"(anonymous_15)","decl":{"start":{"line":63,"column":40},"end":{"line":63,"column":41}},"loc":{"start":{"line":63,"column":55},"end":{"line":63,"column":99}}},"9":{"name":"(anonymous_16)","decl":{"start":{"line":71,"column":40},"end":{"line":71,"column":41}},"loc":{"start":{"line":71,"column":55},"end":{"line":71,"column":103}}}},"branchMap":{"0":{"loc":{"start":{"line":29,"column":8},"end":{"line":29,"column":57}},"type":"if","locations":[{"start":{"line":29,"column":8},"end":{"line":29,"column":57}}]}},"s":{"0":1,"1":1,"2":1,"3":1,"4":1,"5":1,"6":1,"7":1,"8":1,"9":1,"10":1,"11":1,"12":1,"13":1,"14":1,"15":1,"16":2,"17":1,"18":2,"19":1,"20":1,"21":1,"22":1,"23":0,"24":1,"25":1,"26":1,"27":1,"28":0,"29":0,"30":0,"31":0,"32":1,"33":1},"f":{"0":1,"1":2,"2":2,"3":1,"4":1,"5":1,"6":0,"7":0,"8":0,"9":0},"b":{"0":[0]}}
,"/Users/szabokinga/crypto/src/screens/AccountScreen.tsx": {"path":"/Users/szabokinga/crypto/src/screens/AccountScreen.tsx","statementMap":{"0":{"start":{"line":1,"column":0},"end":{"line":1,"column":26}},"1":{"start":{"line":2,"column":0},"end":{"line":2,"column":56}},"2":{"start":{"line":5,"column":0},"end":{"line":5,"column":39}},"3":{"start":{"line":7,"column":0},"end":{"line":7,"column":64}},"4":{"start":{"line":9,"column":0},"end":{"line":9,"column":67}},"5":{"start":{"line":10,"column":0},"end":{"line":10,"column":73}},"6":{"start":{"line":12,"column":29},"end":{"line":21,"column":1}},"7":{"start":{"line":13,"column":17},"end":{"line":13,"column":76}},"8":{"start":{"line":13,"column":51},"end":{"line":13,"column":61}},"9":{"start":{"line":15,"column":4},"end":{"line":20,"column":6}},"10":{"start":{"line":12,"column":13},"end":{"line":12,"column":29}}},"fnMap":{"0":{"name":"(anonymous_1)","decl":{"start":{"line":12,"column":29},"end":{"line":12,"column":32}},"loc":{"start":{"line":12,"column":34},"end":{"line":21,"column":1}}},"1":{"name":"(anonymous_2)","decl":{"start":{"line":13,"column":29},"end":{"line":13,"column":30}},"loc":{"start":{"line":13,"column":51},"end":{"line":13,"column":61}}}},"branchMap":{"0":{"loc":{"start":{"line":17,"column":13},"end":{"line":17,"column":52}},"type":"binary-expr","locations":[{"start":{"line":17,"column":13},"end":{"line":17,"column":29}},{"start":{"line":17,"column":33},"end":{"line":17,"column":52}}]},"1":{"loc":{"start":{"line":18,"column":13},"end":{"line":18,"column":48}},"type":"binary-expr","locations":[{"start":{"line":18,"column":13},"end":{"line":18,"column":28}},{"start":{"line":18,"column":32},"end":{"line":18,"column":48}}]}},"s":{"0":2,"1":2,"2":2,"3":2,"4":2,"5":2,"6":2,"7":2,"8":1,"9":1,"10":2},"f":{"0":2,"1":1},"b":{"0":[1,1],"1":[1,0]}}
,"/Users/szabokinga/crypto/src/screens/FavouritesScreen.tsx": {"path":"/Users/szabokinga/crypto/src/screens/FavouritesScreen.tsx","statementMap":{"0":{"start":{"line":1,"column":0},"end":{"line":1,"column":26}},"1":{"start":{"line":3,"column":0},"end":{"line":3,"column":56}},"2":{"start":{"line":6,"column":0},"end":{"line":6,"column":39}},"3":{"start":{"line":8,"column":0},"end":{"line":8,"column":64}},"4":{"start":{"line":9,"column":0},"end":{"line":9,"column":76}},"5":{"start":{"line":10,"column":0},"end":{"line":10,"column":70}},"6":{"start":{"line":12,"column":31},"end":{"line":21,"column":1}},"7":{"start":{"line":13,"column":17},"end":{"line":13,"column":76}},"8":{"start":{"line":13,"column":51},"end":{"line":13,"column":61}},"9":{"start":{"line":15,"column":4},"end":{"line":20,"column":6}},"10":{"start":{"line":12,"column":13},"end":{"line":12,"column":31}}},"fnMap":{"0":{"name":"(anonymous_1)","decl":{"start":{"line":12,"column":31},"end":{"line":12,"column":34}},"loc":{"start":{"line":12,"column":36},"end":{"line":21,"column":1}}},"1":{"name":"(anonymous_2)","decl":{"start":{"line":13,"column":29},"end":{"line":13,"column":30}},"loc":{"start":{"line":13,"column":51},"end":{"line":13,"column":61}}}},"branchMap":{"0":{"loc":{"start":{"line":17,"column":13},"end":{"line":17,"column":52}},"type":"binary-expr","locations":[{"start":{"line":17,"column":13},"end":{"line":17,"column":29}},{"start":{"line":17,"column":33},"end":{"line":17,"column":52}}]},"1":{"loc":{"start":{"line":18,"column":13},"end":{"line":18,"column":48}},"type":"binary-expr","locations":[{"start":{"line":18,"column":13},"end":{"line":18,"column":28}},{"start":{"line":18,"column":32},"end":{"line":18,"column":48}}]}},"s":{"0":2,"1":2,"2":2,"3":2,"4":2,"5":2,"6":2,"7":1,"8":1,"9":1,"10":2},"f":{"0":1,"1":1},"b":{"0":[1,1],"1":[1,0]}}
,"/Users/szabokinga/crypto/src/screens/MarketScreen.tsx": {"path":"/Users/szabokinga/crypto/src/screens/MarketScreen.tsx","statementMap":{"0":{"start":{"line":1,"column":0},"end":{"line":1,"column":59}},"1":{"start":{"line":2,"column":0},"end":{"line":2,"column":59}},"2":{"start":{"line":5,"column":0},"end":{"line":5,"column":56}},"3":{"start":{"line":8,"column":0},"end":{"line":8,"column":72}},"4":{"start":{"line":12,"column":0},"end":{"line":12,"column":39}},"5":{"start":{"line":14,"column":0},"end":{"line":14,"column":52}},"6":{"start":{"line":15,"column":0},"end":{"line":15,"column":64}},"7":{"start":{"line":16,"column":0},"end":{"line":16,"column":66}},"8":{"start":{"line":18,"column":28},"end":{"line":75,"column":1}},"9":{"start":{"line":19,"column":19},"end":{"line":19,"column":80}},"10":{"start":{"line":19,"column":53},"end":{"line":19,"column":65}},"11":{"start":{"line":20,"column":17},"end":{"line":20,"column":76}},"12":{"start":{"line":20,"column":51},"end":{"line":20,"column":61}},"13":{"start":{"line":22,"column":52},"end":{"line":22,"column":85}},"14":{"start":{"line":23,"column":34},"end":{"line":23,"column":49}},"15":{"start":{"line":25,"column":23},"end":{"line":25,"column":66}},"16":{"start":{"line":27,"column":28},"end":{"line":34,"column":5}},"17":{"start":{"line":28,"column":8},"end":{"line":31,"column":37}},"18":{"start":{"line":29,"column":12},"end":{"line":29,"column":41}},"19":{"start":{"line":30,"column":12},"end":{"line":30,"column":41}},"20":{"start":{"line":31,"column":15},"end":{"line":31,"column":37}},"21":{"start":{"line":33,"column":8},"end":{"line":33,"column":26}},"22":{"start":{"line":36,"column":22},"end":{"line":39,"column":5}},"23":{"start":{"line":37,"column":8},"end":{"line":37,"column":34}},"24":{"start":{"line":38,"column":8},"end":{"line":38,"column":35}},"25":{"start":{"line":41,"column":22},"end":{"line":44,"column":5}},"26":{"start":{"line":42,"column":8},"end":{"line":42,"column":25}},"27":{"start":{"line":43,"column":8},"end":{"line":43,"column":32}},"28":{"start":{"line":46,"column":4},"end":{"line":74,"column":6}},"29":{"start":{"line":51,"column":40},"end":{"line":51,"column":47}},"30":{"start":{"line":53,"column":33},"end":{"line":53,"column":44}},"31":{"start":{"line":56,"column":49},"end":{"line":56,"column":90}},"32":{"start":{"line":58,"column":20},"end":{"line":67,"column":null}},"33":{"start":{"line":61,"column":39},"end":{"line":61,"column":54}},"34":{"start":{"line":18,"column":13},"end":{"line":18,"column":28}}},"fnMap":{"0":{"name":"(anonymous_6)","decl":{"start":{"line":18,"column":28},"end":{"line":18,"column":31}},"loc":{"start":{"line":18,"column":33},"end":{"line":75,"column":1}}},"1":{"name":"(anonymous_7)","decl":{"start":{"line":19,"column":31},"end":{"line":19,"column":32}},"loc":{"start":{"line":19,"column":53},"end":{"line":19,"column":65}}},"2":{"name":"(anonymous_8)","decl":{"start":{"line":20,"column":29},"end":{"line":20,"column":30}},"loc":{"start":{"line":20,"column":51},"end":{"line":20,"column":61}}},"3":{"name":"(anonymous_9)","decl":{"start":{"line":27,"column":28},"end":{"line":27,"column":33}},"loc":{"start":{"line":27,"column":39},"end":{"line":34,"column":5}}},"4":{"name":"(anonymous_10)","decl":{"start":{"line":36,"column":22},"end":{"line":36,"column":23}},"loc":{"start":{"line":36,"column":43},"end":{"line":39,"column":5}}},"5":{"name":"(anonymous_11)","decl":{"start":{"line":41,"column":22},"end":{"line":41,"column":27}},"loc":{"start":{"line":41,"column":33},"end":{"line":44,"column":5}}},"6":{"name":"(anonymous_12)","decl":{"start":{"line":51,"column":30},"end":{"line":51,"column":31}},"loc":{"start":{"line":51,"column":40},"end":{"line":51,"column":47}}},"7":{"name":"(anonymous_13)","decl":{"start":{"line":53,"column":27},"end":{"line":53,"column":30}},"loc":{"start":{"line":53,"column":33},"end":{"line":53,"column":44}}},"8":{"name":"(anonymous_14)","decl":{"start":{"line":56,"column":31},"end":{"line":56,"column":32}},"loc":{"start":{"line":56,"column":49},"end":{"line":56,"column":90}}},"9":{"name":"(anonymous_15)","decl":{"start":{"line":57,"column":28},"end":{"line":57,"column":29}},"loc":{"start":{"line":58,"column":20},"end":{"line":67,"column":null}}},"10":{"name":"(anonymous_16)","decl":{"start":{"line":61,"column":33},"end":{"line":61,"column":36}},"loc":{"start":{"line":61,"column":39},"end":{"line":61,"column":54}}}},"branchMap":{"0":{"loc":{"start":{"line":28,"column":8},"end":{"line":31,"column":37}},"type":"if","locations":[{"start":{"line":28,"column":8},"end":{"line":31,"column":37}},{"start":{"line":31,"column":15},"end":{"line":31,"column":37}}]},"1":{"loc":{"start":{"line":48,"column":13},"end":{"line":48,"column":95}},"type":"binary-expr","locations":[{"start":{"line":48,"column":13},"end":{"line":48,"column":20}},{"start":{"line":48,"column":24},"end":{"line":48,"column":95}}]}},"s":{"0":2,"1":2,"2":2,"3":2,"4":2,"5":2,"6":2,"7":2,"8":2,"9":1,"10":1,"11":1,"12":1,"13":1,"14":1,"15":1,"16":1,"17":0,"18":0,"19":0,"20":0,"21":0,"22":1,"23":0,"24":0,"25":1,"26":0,"27":0,"28":1,"29":0,"30":0,"31":0,"32":0,"33":0,"34":2},"f":{"0":1,"1":1,"2":1,"3":0,"4":0,"5":0,"6":0,"7":0,"8":0,"9":0,"10":0},"b":{"0":[0,0],"1":[1,0]}}
,"/Users/szabokinga/crypto/src/screens/MyCoinsScreen.tsx": {"path":"/Users/szabokinga/crypto/src/screens/MyCoinsScreen.tsx","statementMap":{"0":{"start":{"line":1,"column":0},"end":{"line":1,"column":59}},"1":{"start":{"line":3,"column":0},"end":{"line":3,"column":39}},"2":{"start":{"line":5,"column":0},"end":{"line":5,"column":64}},"3":{"start":{"line":7,"column":0},"end":{"line":7,"column":67}},"4":{"start":{"line":8,"column":0},"end":{"line":8,"column":73}},"5":{"start":{"line":9,"column":0},"end":{"line":9,"column":56}},"6":{"start":{"line":12,"column":29},"end":{"line":20,"column":1}},"7":{"start":{"line":13,"column":17},"end":{"line":13,"column":76}},"8":{"start":{"line":13,"column":51},"end":{"line":13,"column":61}},"9":{"start":{"line":14,"column":4},"end":{"line":19,"column":6}},"10":{"start":{"line":12,"column":13},"end":{"line":12,"column":29}}},"fnMap":{"0":{"name":"(anonymous_1)","decl":{"start":{"line":12,"column":29},"end":{"line":12,"column":32}},"loc":{"start":{"line":12,"column":34},"end":{"line":20,"column":1}}},"1":{"name":"(anonymous_2)","decl":{"start":{"line":13,"column":29},"end":{"line":13,"column":30}},"loc":{"start":{"line":13,"column":51},"end":{"line":13,"column":61}}}},"branchMap":{"0":{"loc":{"start":{"line":16,"column":13},"end":{"line":16,"column":52}},"type":"binary-expr","locations":[{"start":{"line":16,"column":13},"end":{"line":16,"column":29}},{"start":{"line":16,"column":33},"end":{"line":16,"column":52}}]},"1":{"loc":{"start":{"line":17,"column":13},"end":{"line":17,"column":48}},"type":"binary-expr","locations":[{"start":{"line":17,"column":13},"end":{"line":17,"column":28}},{"start":{"line":17,"column":32},"end":{"line":17,"column":48}}]}},"s":{"0":2,"1":2,"2":2,"3":2,"4":2,"5":2,"6":2,"7":1,"8":1,"9":1,"10":2},"f":{"0":1,"1":1},"b":{"0":[1,1],"1":[1,0]}}
,"/Users/szabokinga/crypto/src/screens/AccountScreen/UserLoggedIn.tsx": {"path":"/Users/szabokinga/crypto/src/screens/AccountScreen/UserLoggedIn.tsx","statementMap":{"0":{"start":{"line":1,"column":0},"end":{"line":1,"column":40}},"1":{"start":{"line":2,"column":0},"end":{"line":2,"column":58}},"2":{"start":{"line":3,"column":0},"end":{"line":3,"column":61}},"3":{"start":{"line":5,"column":28},"end":{"line":17,"column":1}},"4":{"start":{"line":6,"column":42},"end":{"line":6,"column":57}},"5":{"start":{"line":7,"column":42},"end":{"line":7,"column":57}},"6":{"start":{"line":9,"column":4},"end":{"line":16,"column":6}},"7":{"start":{"line":11,"column":49},"end":{"line":11,"column":69}},"8":{"start":{"line":12,"column":49},"end":{"line":12,"column":69}},"9":{"start":{"line":5,"column":13},"end":{"line":5,"column":28}}},"fnMap":{"0":{"name":"(anonymous_6)","decl":{"start":{"line":5,"column":28},"end":{"line":5,"column":31}},"loc":{"start":{"line":5,"column":33},"end":{"line":17,"column":1}}},"1":{"name":"(anonymous_7)","decl":{"start":{"line":11,"column":43},"end":{"line":11,"column":46}},"loc":{"start":{"line":11,"column":49},"end":{"line":11,"column":69}}},"2":{"name":"(anonymous_8)","decl":{"start":{"line":12,"column":43},"end":{"line":12,"column":46}},"loc":{"start":{"line":12,"column":49},"end":{"line":12,"column":69}}}},"branchMap":{},"s":{"0":2,"1":2,"2":2,"3":2,"4":1,"5":1,"6":1,"7":0,"8":0,"9":2},"f":{"0":1,"1":0,"2":0},"b":{}}
,"/Users/szabokinga/crypto/src/screens/AccountScreen/UserNotLoggedIn.tsx": {"path":"/Users/szabokinga/crypto/src/screens/AccountScreen/UserNotLoggedIn.tsx","statementMap":{"0":{"start":{"line":1,"column":0},"end":{"line":1,"column":68}},"1":{"start":{"line":2,"column":0},"end":{"line":2,"column":58}},"2":{"start":{"line":3,"column":0},"end":{"line":3,"column":51}},"3":{"start":{"line":4,"column":0},"end":{"line":4,"column":73}},"4":{"start":{"line":5,"column":0},"end":{"line":5,"column":50}},"5":{"start":{"line":6,"column":0},"end":{"line":6,"column":58}},"6":{"start":{"line":7,"column":0},"end":{"line":7,"column":48}},"7":{"start":{"line":8,"column":0},"end":{"line":8,"column":52}},"8":{"start":{"line":10,"column":31},"end":{"line":80,"column":1}},"9":{"start":{"line":11,"column":19},"end":{"line":11,"column":62}},"10":{"start":{"line":12,"column":18},"end":{"line":12,"column":61}},"11":{"start":{"line":14,"column":30},"end":{"line":14,"column":42}},"12":{"start":{"line":15,"column":36},"end":{"line":15,"column":48}},"13":{"start":{"line":16,"column":44},"end":{"line":16,"column":56}},"14":{"start":{"line":17,"column":42},"end":{"line":17,"column":54}},"15":{"start":{"line":19,"column":24},"end":{"line":24,"column":5}},"16":{"start":{"line":20,"column":8},"end":{"line":20,"column":21}},"17":{"start":{"line":21,"column":8},"end":{"line":21,"column":24}},"18":{"start":{"line":22,"column":8},"end":{"line":22,"column":28}},"19":{"start":{"line":23,"column":8},"end":{"line":23,"column":27}},"20":{"start":{"line":26,"column":20},"end":{"line":29,"column":5}},"21":{"start":{"line":27,"column":20},"end":{"line":27,"column":42}},"22":{"start":{"line":28,"column":8},"end":{"line":28,"column":55}},"23":{"start":{"line":28,"column":17},"end":{"line":28,"column":55}},"24":{"start":{"line":31,"column":21},"end":{"line":34,"column":5}},"25":{"start":{"line":32,"column":20},"end":{"line":32,"column":57}},"26":{"start":{"line":33,"column":8},"end":{"line":33,"column":55}},"27":{"start":{"line":33,"column":17},"end":{"line":33,"column":55}},"28":{"start":{"line":36,"column":25},"end":{"line":38,"column":5}},"29":{"start":{"line":37,"column":8},"end":{"line":37,"column":30}},"30":{"start":{"line":40,"column":26},"end":{"line":42,"column":5}},"31":{"start":{"line":41,"column":8},"end":{"line":41,"column":31}},"32":{"start":{"line":44,"column":23},"end":{"line":48,"column":5}},"33":{"start":{"line":45,"column":8},"end":{"line":45,"column":31}},"34":{"start":{"line":46,"column":8},"end":{"line":46,"column":32}},"35":{"start":{"line":47,"column":8},"end":{"line":47,"column":22}},"36":{"start":{"line":50,"column":34},"end":{"line":53,"column":5}},"37":{"start":{"line":51,"column":8},"end":{"line":52,"column":26}},"38":{"start":{"line":51,"column":19},"end":{"line":51,"column":41}},"39":{"start":{"line":52,"column":13},"end":{"line":52,"column":26}},"40":{"start":{"line":54,"column":4},"end":{"line":79,"column":6}},"41":{"start":{"line":56,"column":49},"end":{"line":56,"column":63}},"42":{"start":{"line":57,"column":53},"end":{"line":57,"column":67}},"43":{"start":{"line":58,"column":54},"end":{"line":58,"column":69}},"44":{"start":{"line":59,"column":73},"end":{"line":59,"column":86}},"45":{"start":{"line":63,"column":48},"end":{"line":63,"column":58}},"46":{"start":{"line":65,"column":50},"end":{"line":65,"column":62}},"47":{"start":{"line":72,"column":72},"end":{"line":72,"column":85}},"48":{"start":{"line":73,"column":114},"end":{"line":73,"column":123}},"49":{"start":{"line":73,"column":184},"end":{"line":73,"column":196}},"50":{"start":{"line":10,"column":13},"end":{"line":10,"column":31}},"51":{"start":{"line":82,"column":19},"end":{"line":94,"column":2}}},"fnMap":{"0":{"name":"(anonymous_7)","decl":{"start":{"line":10,"column":31},"end":{"line":10,"column":34}},"loc":{"start":{"line":10,"column":36},"end":{"line":80,"column":1}}},"1":{"name":"(anonymous_8)","decl":{"start":{"line":19,"column":24},"end":{"line":19,"column":27}},"loc":{"start":{"line":19,"column":29},"end":{"line":24,"column":5}}},"2":{"name":"(anonymous_9)","decl":{"start":{"line":26,"column":20},"end":{"line":26,"column":23}},"loc":{"start":{"line":26,"column":25},"end":{"line":29,"column":5}}},"3":{"name":"(anonymous_10)","decl":{"start":{"line":31,"column":21},"end":{"line":31,"column":24}},"loc":{"start":{"line":31,"column":26},"end":{"line":34,"column":5}}},"4":{"name":"(anonymous_11)","decl":{"start":{"line":36,"column":25},"end":{"line":36,"column":28}},"loc":{"start":{"line":36,"column":30},"end":{"line":38,"column":5}}},"5":{"name":"(anonymous_12)","decl":{"start":{"line":40,"column":26},"end":{"line":40,"column":29}},"loc":{"start":{"line":40,"column":31},"end":{"line":42,"column":5}}},"6":{"name":"(anonymous_13)","decl":{"start":{"line":44,"column":23},"end":{"line":44,"column":26}},"loc":{"start":{"line":44,"column":28},"end":{"line":48,"column":5}}},"7":{"name":"(anonymous_14)","decl":{"start":{"line":50,"column":34},"end":{"line":50,"column":35}},"loc":{"start":{"line":50,"column":53},"end":{"line":53,"column":5}}},"8":{"name":"(anonymous_15)","decl":{"start":{"line":56,"column":43},"end":{"line":56,"column":46}},"loc":{"start":{"line":56,"column":49},"end":{"line":56,"column":63}}},"9":{"name":"(anonymous_16)","decl":{"start":{"line":57,"column":47},"end":{"line":57,"column":50}},"loc":{"start":{"line":57,"column":53},"end":{"line":57,"column":67}}},"10":{"name":"(anonymous_17)","decl":{"start":{"line":58,"column":48},"end":{"line":58,"column":51}},"loc":{"start":{"line":58,"column":54},"end":{"line":58,"column":69}}},"11":{"name":"(anonymous_18)","decl":{"start":{"line":59,"column":67},"end":{"line":59,"column":70}},"loc":{"start":{"line":59,"column":73},"end":{"line":59,"column":86}}},"12":{"name":"(anonymous_19)","decl":{"start":{"line":63,"column":42},"end":{"line":63,"column":45}},"loc":{"start":{"line":63,"column":48},"end":{"line":63,"column":58}}},"13":{"name":"(anonymous_20)","decl":{"start":{"line":65,"column":44},"end":{"line":65,"column":47}},"loc":{"start":{"line":65,"column":50},"end":{"line":65,"column":62}}},"14":{"name":"(anonymous_21)","decl":{"start":{"line":72,"column":66},"end":{"line":72,"column":69}},"loc":{"start":{"line":72,"column":72},"end":{"line":72,"column":85}}},"15":{"name":"(anonymous_22)","decl":{"start":{"line":73,"column":108},"end":{"line":73,"column":111}},"loc":{"start":{"line":73,"column":114},"end":{"line":73,"column":123}}},"16":{"name":"(anonymous_23)","decl":{"start":{"line":73,"column":178},"end":{"line":73,"column":181}},"loc":{"start":{"line":73,"column":184},"end":{"line":73,"column":196}}}},"branchMap":{"0":{"loc":{"start":{"line":28,"column":8},"end":{"line":28,"column":55}},"type":"if","locations":[{"start":{"line":28,"column":8},"end":{"line":28,"column":55}}]},"1":{"loc":{"start":{"line":33,"column":8},"end":{"line":33,"column":55}},"type":"if","locations":[{"start":{"line":33,"column":8},"end":{"line":33,"column":55}}]},"2":{"loc":{"start":{"line":45,"column":8},"end":{"line":45,"column":30}},"type":"cond-expr","locations":[{"start":{"line":45,"column":21},"end":{"line":45,"column":23}},{"start":{"line":45,"column":21},"end":{"line":45,"column":30}}]},"3":{"loc":{"start":{"line":45,"column":8},"end":{"line":45,"column":23}},"type":"binary-expr","locations":[{"start":{"line":45,"column":8},"end":{"line":45,"column":23}},{"start":{"line":45,"column":21},"end":{"line":45,"column":23}}]},"4":{"loc":{"start":{"line":46,"column":8},"end":{"line":46,"column":31}},"type":"cond-expr","locations":[{"start":{"line":46,"column":22},"end":{"line":46,"column":24}},{"start":{"line":46,"column":22},"end":{"line":46,"column":31}}]},"5":{"loc":{"start":{"line":46,"column":8},"end":{"line":46,"column":24}},"type":"binary-expr","locations":[{"start":{"line":46,"column":8},"end":{"line":46,"column":24}},{"start":{"line":46,"column":22},"end":{"line":46,"column":24}}]},"6":{"loc":{"start":{"line":51,"column":8},"end":{"line":52,"column":26}},"type":"if","locations":[{"start":{"line":51,"column":8},"end":{"line":52,"column":26}},{"start":{"line":52,"column":13},"end":{"line":52,"column":26}}]}},"s":{"0":2,"1":2,"2":2,"3":2,"4":2,"5":2,"6":2,"7":2,"8":2,"9":2,"10":1,"11":1,"12":1,"13":1,"14":1,"15":1,"16":0,"17":0,"18":0,"19":0,"20":1,"21":0,"22":0,"23":0,"24":1,"25":0,"26":0,"27":0,"28":1,"29":0,"30":1,"31":0,"32":1,"33":0,"34":0,"35":0,"36":1,"37":0,"38":0,"39":0,"40":1,"41":0,"42":0,"43":0,"44":0,"45":0,"46":0,"47":0,"48":0,"49":0,"50":2,"51":2},"f":{"0":2,"1":0,"2":0,"3":0,"4":0,"5":0,"6":0,"7":0,"8":0,"9":0,"10":0,"11":0,"12":0,"13":0,"14":0,"15":0,"16":0},"b":{"0":[0],"1":[0],"2":[0,0],"3":[0,0],"4":[0,0],"5":[0,0],"6":[0,0]}}
,"/Users/szabokinga/crypto/src/screens/FavouritesScreen/UserLoggedIn.tsx": {"path":"/Users/szabokinga/crypto/src/screens/FavouritesScreen/UserLoggedIn.tsx","statementMap":{"0":{"start":{"line":1,"column":0},"end":{"line":1,"column":40}},"1":{"start":{"line":2,"column":0},"end":{"line":2,"column":56}},"2":{"start":{"line":5,"column":0},"end":{"line":5,"column":72}},"3":{"start":{"line":6,"column":0},"end":{"line":6,"column":59}},"4":{"start":{"line":7,"column":0},"end":{"line":7,"column":52}},"5":{"start":{"line":8,"column":0},"end":{"line":8,"column":66}},"6":{"start":{"line":11,"column":28},"end":{"line":64,"column":1}},"7":{"start":{"line":12,"column":19},"end":{"line":12,"column":80}},"8":{"start":{"line":12,"column":53},"end":{"line":12,"column":65}},"9":{"start":{"line":13,"column":17},"end":{"line":13,"column":76}},"10":{"start":{"line":13,"column":51},"end":{"line":13,"column":61}},"11":{"start":{"line":15,"column":34},"end":{"line":15,"column":49}},"12":{"start":{"line":17,"column":52},"end":{"line":17,"column":85}},"13":{"start":{"line":19,"column":23},"end":{"line":19,"column":72}},"14":{"start":{"line":21,"column":25},"end":{"line":25,"column":5}},"15":{"start":{"line":22,"column":8},"end":{"line":22,"column":37}},"16":{"start":{"line":23,"column":8},"end":{"line":23,"column":37}},"17":{"start":{"line":24,"column":8},"end":{"line":24,"column":26}},"18":{"start":{"line":27,"column":22},"end":{"line":30,"column":5}},"19":{"start":{"line":28,"column":8},"end":{"line":28,"column":34}},"20":{"start":{"line":29,"column":8},"end":{"line":29,"column":35}},"21":{"start":{"line":32,"column":22},"end":{"line":35,"column":5}},"22":{"start":{"line":33,"column":8},"end":{"line":33,"column":25}},"23":{"start":{"line":34,"column":8},"end":{"line":34,"column":29}},"24":{"start":{"line":37,"column":4},"end":{"line":63,"column":6}},"25":{"start":{"line":41,"column":40},"end":{"line":41,"column":47}},"26":{"start":{"line":44,"column":33},"end":{"line":44,"column":44}},"27":{"start":{"line":46,"column":49},"end":{"line":46,"column":90}},"28":{"start":{"line":48,"column":20},"end":{"line":57,"column":null}},"29":{"start":{"line":51,"column":39},"end":{"line":51,"column":54}},"30":{"start":{"line":11,"column":13},"end":{"line":11,"column":28}}},"fnMap":{"0":{"name":"(anonymous_6)","decl":{"start":{"line":11,"column":28},"end":{"line":11,"column":31}},"loc":{"start":{"line":11,"column":33},"end":{"line":64,"column":1}}},"1":{"name":"(anonymous_7)","decl":{"start":{"line":12,"column":31},"end":{"line":12,"column":32}},"loc":{"start":{"line":12,"column":53},"end":{"line":12,"column":65}}},"2":{"name":"(anonymous_8)","decl":{"start":{"line":13,"column":29},"end":{"line":13,"column":30}},"loc":{"start":{"line":13,"column":51},"end":{"line":13,"column":61}}},"3":{"name":"(anonymous_9)","decl":{"start":{"line":21,"column":25},"end":{"line":21,"column":30}},"loc":{"start":{"line":21,"column":36},"end":{"line":25,"column":5}}},"4":{"name":"(anonymous_10)","decl":{"start":{"line":27,"column":22},"end":{"line":27,"column":23}},"loc":{"start":{"line":27,"column":43},"end":{"line":30,"column":5}}},"5":{"name":"(anonymous_11)","decl":{"start":{"line":32,"column":22},"end":{"line":32,"column":27}},"loc":{"start":{"line":32,
[...]
,"/Users/szabokinga/crypto/src/stores/Actions.ts": {"path":"/Users/szabokinga/crypto/src/stores/Actions.ts","statementMap":{"0":{"start":{"line":2,"column":0},"end":{"line":2,"column":38}},"1":{"start":{"line":4,"column":13},"end":{"line":4,"column":29}},"2":{"start":{"line":5,"column":13},"end":{"line":5,"column":31}},"3":{"start":{"line":7,"column":13},"end":{"line":7,"column":41}},"4":{"start":{"line":8,"column":13},"end":{"line":8,"column":37}},"5":{"start":{"line":9,"column":13},"end":{"line":9,"column":39}},"6":{"start":{"line":11,"column":13},"end":{"line":11,"column":49}},"7":{"start":{"line":13,"column":13},"end":{"line":13,"column":35}},"8":{"start":{"line":15,"column":18},"end":{"line":22,"column":2}},"9":{"start":{"line":15,"column":103},"end":{"line":22,"column":2}},"10":{"start":{"line":24,"column":19},"end":{"line":26,"column":2}},"11":{"start":{"line":24,"column":26},"end":{"line":26,"column":2}},"12":{"start":{"line":28,"column":20},"end":{"line":31,"column":2}},"13":{"start":{"line":28,"column":52},"end":{"line":31,"column":2}},"14":{"start":{"line":33,"column":18},"end":{"line":36,"column":2}},"15":{"start":{"line":33,"column":43},"end":{"line":36,"column":2}},"16":{"start":{"line":38,"column":19},"end":{"line":41,"column":2}},"17":{"start":{"line":38,"column":43},"end":{"line":41,"column":2}},"18":{"start":{"line":43,"column":24},"end":{"line":46,"column":2}},"19":{"start":{"line":43,"column":53},"end":{"line":46,"column":2}},"20":{"start":{"line":48,"column":17},"end":{"line":51,"column":2}},"21":{"start":{"line":48,"column":37},"end":{"line":51,"column":2}},"22":{"start":{"line":53,"column":27},"end":{"line":59,"column":1}},"23":{"start":{"line":54,"column":4},"end":{"line":58,"column":null}},"24":{"start":{"line":55,"column":8},"end":{"line":55,"column":73}},"25":{"start":{"line":57,"column":8},"end":{"line":57,"column":27}},"26":{"start":{"line":53,"column":13},"end":{"line":53,"column":27}},"27":{"start":{"line":61,"column":28},"end":{"line":69,"column":1}},"28":{"start":{"line":62,"column":4},"end":{"line":68,"column":null}},"29":{"start":{"line":63,"column":8},"end":{"line":63,"column":37}},"30":{"start":{"line":64,"column":8},"end":{"line":64,"column":40}},"31":{"start":{"line":65,"column":8},"end":{"line":65,"column":38}},"32":{"start":{"line":67,"column":8},"end":{"line":67,"column":27}},"33":{"start":{"line":61,"column":13},"end":{"line":61,"column":28}},"34":{"start":{"line":71,"column":33},"end":{"line":77,"column":1}},"35":{"start":{"line":72,"column":4},"end":{"line":76,"column":null}},"36":{"start":{"line":73,"column":8},"end":{"line":73,"column":49}},"37":{"start":{"line":75,"column":8},"end":{"line":75,"column":27}},"38":{"start":{"line":71,"column":13},"end":{"line":71,"column":33}},"39":{"start":{"line":79,"column":31},"end":{"line":85,"column":1}},"40":{"start":{"line":80,"column":4},"end":{"line":84,"column":null}},"41":{"start":{"line":81,"column":8},"end":{"line":81,"column":40}},"42":{"start":{"line":83,"column":8},"end":{"line":83,"column":27}},"43":{"start":{"line":79,"column":13},"end":{"line":79,"column":31}},"44":{"start":{"line":87,"column":32},"end":{"line":93,"column":1}},"45":{"start":{"line":88,"column":4},"end":{"line":92,"column":null}},"46":{"start":{"line":89,"column":8},"end":{"line":89,"column":42}},"47":{"start":{"line":91,"column":8},"end":{"line":91,"column":27}},"48":{"start":{"line":87,"column":13},"end":{"line":87,"column":32}},"49":{"start":{"line":95,"column":37},"end":{"line":101,"column":1}},"50":{"start":{"line":96,"column":4},"end":{"line":100,"column":null}},"51":{"start":{"line":97,"column":8},"end":{"line":97,"column":52}},"52":{"start":{"line":99,"column":8},"end":{"line":99,"column":27}},"53":{"start":{"line":95,"column":13},"end":{"line":95,"column":37}},"54":{"start":{"line":103,"column":30},"end":{"line":109,"column":1}},"55":{"start":{"line":104,"column":4},"end":{"line":108,"column":null}},"56":{"start":{"line":105,"column":8},"end":{"line":105,"column":40}},"57":{"start":{"line":107,"column":8},"end":{"line":107,"column":27}},"58":{"start":{"line":103,"column":13},"end":{"line":103,"column":30}}},"fnMap":{"0":{"name":"(anonymous_0)","decl":{"start":{"line":15,"column":18},"end":{"line":15,"column":19}},"loc":{"start":{"line":15,"column":103},"end":{"line":22,"column":2}}},"1":{"name":"(anonymous_1)","decl":{"start":{"line":24,"column":19},"end":{"line":24,"column":22}},"loc":{"start":{"line":24,"column":26},"end":{"line":26,"column":2}}},"2":{"name":"(anonymous_2)","decl":{"start":{"line":28,"column":20},"end":{"line":28,"column":21}},"loc":{"start":{"line":28,"column":52},"end":{"line":31,"column":2}}},"3":{"name":"(anonymous_3)","decl":{"start":{"line":33,"column":18},"end":{"line":33,"column":19}},"loc":{"start":{"line":33,"column":43},"end":{"line":36,"column":2}}},"4":{"name":"(anonymous_4)","decl":{"start":{"line":38,"column":19},"end":{"line":38,"column":20}},"loc":{"start":{"line":38,"column":43},"end":{"line":41,"column":2}}},"5":{"name":"(anonymous_5)","decl":{"start":{"line":43,"column":24},"end":{"line":43,"column":25}},"loc":{"start":{"line":43,"column":53},"end":{"line":46,"column":2}}},"6":{"name":"(anonymous_6)","decl":{"start":{"line":48,"column":17},"end":{"line":48,"column":18}},"loc":{"start":{"line":48,"column":37},"end":{"line":51,"column":2}}},"7":{"name":"(anonymous_7)","decl":{"start":{"line":53,"column":27},"end":{"line":53,"column":28}},"loc":{"start":{"line":53,"column":111},"end":{"line":59,"column":1}}},"8":{"name":"(anonymous_8)","decl":{"start":{"line":61,"column":28},"end":{"line":61,"column":31}},"loc":{"start":{"line":61,"column":33},"end":{"line":69,"column":1}}},"9":{"name":"(anonymous_9)","decl":{"start":{"line":71,"column":33},"end":{"line":71,"column":34}},"loc":{"start":{"line":71,"column":63},"end":{"line":77,"column":1}}},"10":{"name":"(anonymous_10)","decl":{"start":{"line":79,"column":31},"end":{"line":79,"column":32}},"loc":{"start":{"line":79,"column":54},"end":{"line":85,"column":1}}},"11":{"name":"(anonymous_11)","decl":{"start":{"line":87,"column":32},"end":{"line":87,"column":33}},"loc":{"start":{"line":87,"column":54},"end":{"line":93,"column":1}}},"12":{"name":"(anonymous_12)","decl":{"start":{"line":95,"column":37},"end":{"line":95,"column":38}},"loc":{"start":{"line":95,"column":64},"end":{"line":101,"column":1}}},"13":{"name":"(anonymous_13)","decl":{"start":{"line":103,"column":30},"end":{"line":103,"column":31}},"loc":{"start":{"line":103,"column":48},"end":{"line":109,"column":1}}}},"branchMap":{},"s":{"0":8,"1":8,"2":8,"3":8,"4":8,"5":8,"6":8,"7":8,"8":8,"9":0,"10":8,"11":0,"12":8,"13":1,"14":8,"15":1,"16":8,"17":1,"18":8,"19":2,"20":8,"21":51,"22":8,"23":0,"24":0,"25":0,"26":8,"27":8,"28":0,"29":0,"30":0,"31":0,"32":0,"33":8,"34":8,"35":1,"36":1,"37":0,"38":8,"39":8,"40":1,"41":1,"42":0,"43":8,"44":8,"45":1,"46":1,"47":0,"48":8,"49":8,"50":2,"51":2,"52":0,"53":8,"54":8,"55":51,"56":51,"57":0,"58":8},"f":{"0":0,"1":0,"2":1,"3":1,"4":1,"5":2,"6":51,"7":0,"8":0,"9":1,"10":1,"11":1,"12":2,"13":51},"b":{}}
,"/Users/szabokinga/crypto/src/stores/reducer.ts": {"path":"/Users/szabokinga/crypto/src/stores/reducer.ts","statementMap":{"0":{"start":{"line":2,"column":0},"end":{"line":2,"column":111}},"1":{"start":{"line":5,"column":20},"end":{"line":12,"column":2}},"2":{"start":{"line":21,"column":22},"end":{"line":26,"column":2}},"3":{"start":{"line":32,"column":21},"end":{"line":34,"column":2}},"4":{"start":{"line":36,"column":27},"end":{"line":53,"column":1}},"5":{"start":{"line":37,"column":4},"end":{"line":52,"column":null}},"6":{"start":{"line":39,"column":12},"end":{"line":47,"column":14}},"7":{"start":{"line":49,"column":12},"end":{"line":49,"column":31}},"8":{"start":{"line":51,"column":12},"end":{"line":51,"column":25}},"9":{"start":{"line":36,"column":13},"end":{"line":36,"column":27}},"10":{"start":{"line":55,"column":29},"end":{"line":80,"column":1}},"11":{"start":{"line":56,"column":4},"end":{"line":79,"column":null}},"12":{"start":{"line":58,"column":12},"end":{"line":61,"column":14}},"13":{"start":{"line":63,"column":12},"end":{"line":66,"column":14}},"14":{"start":{"line":68,"column":12},"end":{"line":71,"column":14}},"15":{"start":{"line":73,"column":12},"end":{"line":76,"column":14}},"16":{"start":{"line":78,"column":12},"end":{"line":78,"column":25}},"17":{"start":{"line":55,"column":13},"end":{"line":55,"column":29}},"18":{"start":{"line":82,"column":28},"end":{"line":92,"column":1}},"19":{"start":{"line":83,"column":4},"end":{"line":91,"column":null}},"20":{"start":{"line":85,"column":12},"end":{"line":88,"column":14}},"21":{"start":{"line":90,"column":12},"end":{"line":90,"column":25}},"22":{"start":{"line":82,"column":13},"end":{"line":82,"column":28}}},"fnMap":{"0":{"name":"(anonymous_0)","decl":{"start":{"line":36,"column":27},"end":{"line":36,"column":28}},"loc":{"start":{"line":36,"column":70},"end":{"line":53,"column":1}}},"1":{"name":"(anonymous_1)","decl":{"start":{"line":55,"column":29},"end":{"line":55,"column":30}},"loc":{"start":{"line":55,"column":74},"end":{"line":80,"column":1}}},"2":{"name":"(anonymous_2)","decl":{"start":{"line":82,"column":28},"end":{"line":82,"column":29}},"loc":{"start":{"line":82,"column":72},"end":{"line":92,"column":1}}}},"branchMap":{"0":{"loc":{"start":{"line":36,"column":28},"end":{"line":36,"column":47}},"type":"default-arg","locations":[{"start":{"line":36,"column":36},"end":{"line":36,"column":47}}]},"1":{"loc":{"start":{"line":37,"column":4},"end":{"line":52,"column":null}},"type":"switch","locations":[{"start":{"line":38,"column":8},"end":{"line":47,"column":14}},{"start":{"line":48,"column":8},"end":{"line":49,"column":31}},{"start":{"line":50,"column":8},"end":{"line":51,"column":25}}]},"2":{"loc":{"start":{"line":55,"column":30},"end":{"line":55,"column":51}},"type":"default-arg","locations":[{"start":{"line":55,"column":38},"end":{"line":55,"column":51}}]},"3":{"loc":{"start":{"line":56,"column":4},"end":{"line":79,"column":null}},"type":"switch","locations":[{"start":{"line":57,"column":8},"end":{"line":61,"column":14}},{"start":{"line":62,"column":8},"end":{"line":66,"column":14}},{"start":{"line":67,"column":8},"end":{"line":71,"column":14}},{"start":{"line":72,"column":8},"end":{"line":76,"column":14}},{"start":{"line":77,"column":8},"end":{"line":78,"column":25}}]},"4":{"loc":{"start":{"line":82,"column":29},"end":{"line":82,"column":49}},"type":"default-arg","locations":[{"start":{"line":82,"column":37},"end":{"line":82,"column":49}}]},"5":{"loc":{"start":{"line":83,"column":4},"end":{"line":91,"column":null}},"type":"switch","locations":[{"start":{"line":84,"column":8},"end":{"line":88,"column":14}},{"start":{"line":89,"column":8},"end":{"line":90,"column":25}}]}},"s":{"0":8,"1":8,"2":8,"3":8,"4":8,"5":88,"6":0,"7":0,"8":88,"9":8,"10":8,"11":88,"12":1,"13":1,"14":1,"15":2,"16":83,"17":8,"18":8,"19":88,"20":51,"21":37,"22":8},"f":{"0":88,"1":88,"2":88},"b":{"0":[24],"1":[0,0,88],"2":[24],"3":[1,1,1,2,83],"4":[24],"5":[51,37]}}
,"/Users/szabokinga/crypto/src/stores/store.ts": {"path":"/Users/szabokinga/crypto/src/stores/store.ts","statementMap":{"0":{"start":{"line":1,"column":0},"end":{"line":1,"column":75}},"1":{"start":{"line":2,"column":0},"end":{"line":2,"column":53}},"2":{"start":{"line":3,"column":0},"end":{"line":3,"column":69}},"3":{"start":{"line":4,"column":0},"end":{"line":4,"column":47}},"4":{"start":{"line":5,"column":0},"end":{"line":5,"column":58}},"5":{"start":{"line":7,"column":20},"end":{"line":11,"column":2}},"6":{"start":{"line":13,"column":22},"end":{"line":17,"column":2}},"7":{"start":{"line":19,"column":25},"end":{"line":19,"column":67}},"8":{"start":{"line":23,"column":13},"end":{"line":23,"column":51}},"9":{"start":{"line":24,"column":13},"end":{"line":24,"column":45}}},"fnMap":{},"branchMap":{},"s":{"0":8,"1":8,"2":8,"3":8,"4":8,"5":8,"6":8,"7":8,"8":8,"9":8},"f":{},"b":{}}
,"/Users/szabokinga/crypto/src/theme/Colors.ts": {"path":"/Users/szabokinga/crypto/src/theme/Colors.ts","statementMap":{"0":{"start":{"line":1,"column":13},"end":{"line":11,"column":2}},"1":{"start":{"line":14,"column":12},"end":{"line":14,"column":14}},"2":{"start":{"line":15,"column":12},"end":{"line":15,"column":14}},"3":{"start":{"line":16,"column":12},"end":{"line":16,"column":14}},"4":{"start":{"line":18,"column":4},"end":{"line":26,"column":null}},"5":{"start":{"line":19,"column":8},"end":{"line":19,"column":31}},"6":{"start":{"line":20,"column":8},"end":{"line":20,"column":31}},"7":{"start":{"line":21,"column":8},"end":{"line":21,"column":31}},"8":{"start":{"line":22,"column":11},"end":{"line":26,"column":null}},"9":{"start":{"line":23,"column":8},"end":{"line":23,"column":31}},"10":{"start":{"line":24,"column":8},"end":{"line":24,"column":31}},"11":{"start":{"line":25,"column":8},"end":{"line":25,"column":31}},"12":{"start":{"line":28,"column":4},"end":{"line":28,"column":90}},"13":{"start":{"line":13,"column":0},"end":{"line":13,"column":16}}},"fnMap":{"0":{"name":"hexToRGBA","decl":{"start":{"line":13,"column":16},"end":{"line":13,"column":25}},"loc":{"start":{"line":13,"column":48},"end":{"line":29,"column":1}}}},"branchMap":{"0":{"loc":{"start":{"line":13,"column":37},"end":{"line":13,"column":48}},"type":"default-arg","locations":[{"start":{"line":13,"column":47},"end":{"line":13,"column":48}}]},"1":{"loc":{"start":{"line":18,"column":4},"end":{"line":26,"column":null}},"type":"if","locations":[{"start":{"line":18,"column":4},"end":{"line":26,"column":null}},{"start":{"line":22,"column":11},"end":{"line":26,"column":null}}]},"2":{"loc":{"start":{"line":22,"column":11},"end":{"line":26,"column":null}},"type":"if","locations":[{"start":{"line":22,"column":11},"end":{"line":26,"column":null}}]}},"s":{"0":10,"1":7,"2":7,"3":7,"4":7,"5":0,"6":0,"7":0,"8":7,"9":7,"10":7,"11":7,"12":7,"13":10},"f":{"0":7},"b":{"0":[0],"1":[0,7],"2":[7]}}
,"/Users/szabokinga/crypto/src/utils/BottomModalHeight.ts": {"path":"/Users/szabokinga/crypto/src/utils/BottomModalHeight.ts","statementMap":{"0":{"start":{"line":1,"column":0},"end":{"line":1,"column":56}},"1":{"start":{"line":2,"column":0},"end":{"line":2,"column":52}},"2":{"start":{"line":4,"column":25},"end":{"line":4,"column":49}},"3":{"start":{"line":6,"column":30},"end":{"line":8,"column":1}},"4":{"start":{"line":7,"column":4},"end":{"line":7,"column":100}},"5":{"start":{"line":6,"column":13},"end":{"line":6,"column":30}}},"fnMap":{"0":{"name":"(anonymous_0)","decl":{"start":{"line":6,"column":30},"end":{"line":6,"column":31}},"loc":{"start":{"line":6,"column":59},"end":{"line":8,"column":1}}}},"branchMap":{"0":{"loc":{"start":{"line":7,"column":11},"end":{"line":7,"column":99}},"type":"cond-expr","locations":[{"start":{"line":7,"column":35},"end":{"line":7,"column":58}},{"start":{"line":7,"column":61},"end":{"line":7,"column":99}}]}},"s":{"0":2,"1":2,"2":2,"3":2,"4":2,"5":2},"f":{"0":2},"b":{"0":[2,0]}}
,"/Users/szabokinga/crypto/src/utils/FetchData.ts": {"path":"/Users/szabokinga/crypto/src/utils/FetchData.ts","statementMap":{"0":{"start":{"line":2,"column":0},"end":{"line":2,"column":72}},"1":{"start":{"line":3,"column":0},"end":{"line":3,"column":55}},"2":{"start":{"line":5,"column":25},"end":{"line":11,"column":1}},"3":{"start":{"line":6,"column":4},"end":{"line":10,"column":33}},"4":{"start":{"line":7,"column":8},"end":{"line":7,"column":37}},"5":{"start":{"line":8,"column":8},"end":{"line":8,"column":37}},"6":{"start":{"line":9,"column":8},"end":{"line":9,"column":37}},"7":{"start":{"line":10,"column":11},"end":{"line":10,"column":33}},"8":{"start":{"line":5,"column":13},"end":{"line":5,"column":25}}},"fnMap":{"0":{"name":"(anonymous_0)","decl":{"start":{"line":5,"column":25},"end":{"line":5,"column":30}},"loc":{"start":{"line":5,"column":46},"end":{"line":11,"column":1}}}},"branchMap":{"0":{"loc":{"start":{"line":6,"column":4},"end":{"line":10,"column":33}},"type":"if","locations":[{"start":{"line":6,"column":4},"end":{"line":10,"column":33}},{"start":{"line":10,"column":11},"end":{"line":10,"column":33}}]}},"s":{"0":5,"1":5,"2":5,"3":1,"4":0,"5":0,"6":0,"7":1,"8":5},"f":{"0":1},"b":{"0":[0,1]}}
,"/Users/szabokinga/crypto/src/utils/useFavouritesStatus.tsx": {"path":"/Users/szabokinga/crypto/src/utils/useFavouritesStatus.tsx","statementMap":{"0":{"start":{"line":1,"column":0},"end":{"line":1,"column":51}},"1":{"start":{"line":2,"column":0},"end":{"line":2,"column":56}},"2":{"start":{"line":4,"column":0},"end":{"line":4,"column":59}},"3":{"start":{"line":5,"column":0},"end":{"line":5,"column":69}},"4":{"start":{"line":9,"column":30},"end":{"line":9,"column":43}},"5":{"start":{"line":11,"column":17},"end":{"line":11,"column":76}},"6":{"start":{"line":11,"column":51},"end":{"line":11,"column":61}},"7":{"start":{"line":12,"column":19},"end":{"line":12,"column":80}},"8":{"start":{"line":12,"column":53},"end":{"line":12,"column":65}},"9":{"start":{"line":15,"column":8},"end":{"line":15,"column":24}},"10":{"start":{"line":16,"column":21},"end":{"line":16,"column":65}},"11":{"start":{"line":18,"column":35},"end":{"line":18,"column":37}},"12":{"start":{"line":19,"column":33},"end":{"line":19,"column":35}},"13":{"start":{"line":21,"column":8},"end":{"line":32,"column":null}},"14":{"start":{"line":22,"column":12},"end":{"line":22,"column":38}},"15":{"start":{"line":24,"column":12},"end":{"line":24,"column":107}},"16":{"start":{"line":25,"column":12},"end":{"line":25,"column":42}},"17":{"start":{"line":27,"column":12},"end":{"line":27,"column":41}},"18":{"start":{"line":29,"column":12},"end":{"line":29,"column":85}},"19":{"start":{"line":30,"column":12},"end":{"line":30,"column":83}},"20":{"start":{"line":31,"column":12},"end":{"line":31,"column":34}},"21":{"start":{"line":33,"column":8},"end":{"line":33,"column":34}},"22":{"start":{"line":34,"column":8},"end":{"line":34,"column":30}},"23":{"start":{"line":37,"column":4},"end":{"line":37,"column":36}},"24":{"start":{"line":8,"column":0},"end":{"line":8,"column":16}}},"fnMap":{"0":{"name":"useFavouriteStatus","decl":{"start":{"line":8,"column":16},"end":{"line":8,"column":34}},"loc":{"start":{"line":8,"column":74},"end":{"line":38,"column":1}}},"1":{"name":"(anonymous_1)","decl":{"start":{"line":11,"column":29},"end":{"line":11,"column":30}},"loc":{"start":{"line":11,"column":51},"end":{"line":11,"column":61}}},"2":{"name":"(anonymous_2)","decl":{"start":{"line":12,"column":31},"end":{"line":12,"column":32}},"loc":{"start":{"line":12,"column":53},"end":{"line":12,"column":65}}},"3":{"name":"setFav","decl":{"start":{"line":14,"column":19},"end":{"line":14,"column":25}},"loc":{"start":{"line":14,"column":40},"end":{"line":35,"column":5}}}},"branchMap":{"0":{"loc":{"start":{"line":21,"column":8},"end":{"line":32,"column":null}},"type":"if","locations":[{"start":{"line":21,"column":8},"end":{"line":32,"column":null}},{"start":{"line":26,"column":15},"end":{"line":32,"column":null}}]}},"s":{"0":3,"1":3,"2":3,"3":3,"4":0,"5":0,"6":0,"7":0,"8":0,"9":0,"10":0,"11":0,"12":0,"13":0,"14":0,"15":0,"16":0,"17":0,"18":0,"19":0,"20":0,"21":0,"22":0,"23":0,"24":3},"f":{"0":0,"1":0,"2":0,"3":0},"b":{"0":[0,0]}}
}
