{"/Users/szabokinga/crypto/src/App.tsx": {"path":"/Users/szabokinga/crypto/src/App.tsx","statementMap":{"0":{"start":{"line":1,"column":0},"end":{"line":1,"column":38}},"1":{"start":{"line":2,"column":0},"end":{"line":2,"column":26}},"2":{"start":{"line":3,"column":0},"end":{"line":3,"column":62}},"3":{"start":{"line":4,"column":0},"end":{"line":4,"column":73}},"4":{"start":{"line":5,"column":0},"end":{"line":5,"column":49}},"5":{"start":{"line":7,"column":12},"end":{"line":12,"column":1}},"6":{"start":{"line":8,"column":4},"end":{"line":10,"column":7}},"7":{"start":{"line":11,"column":4},"end":{"line":11,"column":31}},"8":{"start":{"line":14,"column":0},"end":{"line":14,"column":19}}},"fnMap":{"0":{"name":"(anonymous_1)","decl":{"start":{"line":7,"column":12},"end":{"line":7,"column":15}},"loc":{"start":{"line":7,"column":17},"end":{"line":12,"column":1}}}},"branchMap":{},"s":{"0":1,"1":1,"2":1,"3":1,"4":1,"5":1,"6":1,"7":1,"8":1},"f":{"0":1},"b":{}}
,"/Users/szabokinga/crypto/src/components/AccountBottomModal.tsx": {"path":"/Users/szabokinga/crypto/src/components/AccountBottomModal.tsx","statementMap":{"0":{"start":{"line":1,"column":0},"end":{"line":1,"column":26}},"1":{"start":{"line":2,"column":0},"end":{"line":2,"column":46}},"2":{"start":{"line":3,"column":0},"end":{"line":3,"column":44}},"3":{"start":{"line":16,"column":56},"end":{"line":27,"column":1}},"4":{"start":{"line":17,"column":4},"end":{"line":26,"column":6}},"5":{"start":{"line":22,"column":67},"end":{"line":22,"column":91}},"6":{"start":{"line":23,"column":65},"end":{"line":23,"column":87}},"7":{"start":{"line":16,"column":13},"end":{"line":16,"column":56}},"8":{"start":{"line":29,"column":18},"end":{"line":31,"column":2}},"9":{"start":{"line":33,"column":23},"end":{"line":36,"column":2}},"10":{"start":{"line":38,"column":24},"end":{"line":42,"column":2}},"11":{"start":{"line":44,"column":18},"end":{"line":50,"column":2}}},"fnMap":{"0":{"name":"(anonymous_1)","decl":{"start":{"line":16,"column":56},"end":{"line":16,"column":57}},"loc":{"start":{"line":16,"column":170},"end":{"line":27,"column":1}}},"1":{"name":"(anonymous_2)","decl":{"start":{"line":22,"column":61},"end":{"line":22,"column":64}},"loc":{"start":{"line":22,"column":67},"end":{"line":22,"column":91}}},"2":{"name":"(anonymous_3)","decl":{"start":{"line":23,"column":59},"end":{"line":23,"column":62}},"loc":{"start":{"line":23,"column":65},"end":{"line":23,"column":87}}}},"branchMap":{"0":{"loc":{"start":{"line":19,"column":13},"end":{"line":19,"column":62}},"type":"binary-expr","locations":[{"start":{"line":19,"column":13},"end":{"line":19,"column":24}},{"start":{"line":19,"column":28},"end":{"line":19,"column":62}}]}},"s":{"0":3,"1":3,"2":3,"3":3,"4":4,"5":1,"6":1,"7":3,"8":3,"9":3,"10":3,"11":3},"f":{"0":4,"1":1,"2":1},"b":{"0":[4,1]}}
,"/Users/szabokinga/crypto/src/components/AccountButton.tsx": {"path":"/Users/szabokinga/crypto/src/components/AccountButton.tsx","statementMap":{"0":{"start":{"line":1,"column":0},"end":{"line":1,"column":26}},"1":{"start":{"line":2,"column":0},"end":{"line":2,"column":53}},"2":{"start":{"line":3,"column":0},"end":{"line":3,"column":54}},"3":{"start":{"line":4,"column":0},"end":{"line":4,"column":46}},"4":{"start":{"line":5,"column":0},"end":{"line":5,"column":39}},"5":{"start":{"line":7,"column":0},"end":{"line":7,"column":null}},"6":{"start":{"line":8,"column":4},"end":{"line":8,"column":null}},"7":{"start":{"line":9,"column":4},"end":{"line":9,"column":null}},"8":{"start":{"line":10,"column":4},"end":{"line":10,"column":null}},"9":{"start":{"line":11,"column":4},"end":{"line":11,"column":null}},"10":{"start":{"line":12,"column":4},"end":{"line":12,"column":null}},"11":{"start":{"line":22,"column":47},"end":{"line":29,"column":1}},"12":{"start":{"line":23,"column":4},"end":{"line":28,"column":6}},"13":{"start":{"line":31,"column":19},"end":{"line":45,"column":1}},"14":{"start":{"line":32,"column":4},"end":{"line":44,"column":null}},"15":{"start":{"line":34,"column":12},"end":{"line":34,"column":42}},"16":{"start":{"line":36,"column":12},"end":{"line":36,"column":35}},"17":{"start":{"line":38,"column":12},"end":{"line":38,"column":43}},"18":{"start":{"line":40,"column":12},"end":{"line":40,"column":38}},"19":{"start":{"line":43,"column":12},"end":{"line":43,"column":41}},"20":{"start":{"line":47,"column":19},"end":{"line":60,"column":1}},"21":{"start":{"line":48,"column":4},"end":{"line":59,"column":null}},"22":{"start":{"line":50,"column":12},"end":{"line":50,"column":106}},"23":{"start":{"line":52,"column":12},"end":{"line":52,"column":84}},"24":{"start":{"line":54,"column":12},"end":{"line":54,"column":90}},"25":{"start":{"line":58,"column":12},"end":{"line":58,"column":81}},"26":{"start":{"line":62,"column":24},"end":{"line":73,"column":1}},"27":{"start":{"line":63,"column":4},"end":{"line":72,"column":null}},"28":{"start":{"line":65,"column":12},"end":{"line":65,"column":32}},"29":{"start":{"line":71,"column":12},"end":{"line":71,"column":35}},"30":{"start":{"line":75,"column":18},"end":{"line":86,"column":1}},"31":{"start":{"line":76,"column":4},"end":{"line":85,"column":null}},"32":{"start":{"line":78,"column":12},"end":{"line":78,"column":31}},"33":{"start":{"line":84,"column":12},"end":{"line":84,"column":42}},"34":{"start":{"line":88,"column":22},"end":{"line":91,"column":2}},"35":{"start":{"line":93,"column":13},"end":{"line":97,"column":3}},"36":{"start":{"line":93,"column":63},"end":{"line":97,"column":2}},"37":{"start":{"line":99,"column":24},"end":{"line":110,"column":3}},"38":{"start":{"line":99,"column":79},"end":{"line":110,"column":2}},"39":{"start":{"line":112,"column":15},"end":{"line":114,"column":7}},"40":{"start":{"line":112,"column":52},"end":{"line":114,"column":2}},"41":{"start":{"line":115,"column":20},"end":{"line":117,"column":7}},"42":{"start":{"line":115,"column":57},"end":{"line":117,"column":2}},"43":{"start":{"line":118,"column":19},"end":{"line":120,"column":7}},"44":{"start":{"line":118,"column":56},"end":{"line":120,"column":2}},"45":{"start":{"line":121,"column":15},"end":{"line":123,"column":7}},"46":{"start":{"line":121,"column":52},"end":{"line":123,"column":2}},"47":{"start":{"line":124,"column":15},"end":{"line":126,"column":7}},"48":{"start":{"line":124,"column":52},"end":{"line":126,"column":2}},"49":{"start":{"line":128,"column":13},"end":{"line":134,"column":2}},"50":{"start":{"line":136,"column":0},"end":{"line":136,"column":52}}},"fnMap":{"0":{"name":"(anonymous_1)","decl":{"start":{"line":7,"column":0},"end":{"line":7,"column":5}},"loc":{"start":{"line":7,"column":18},"end":{"line":13,"column":1}}},"1":{"name":"(anonymous_2)","decl":{"start":{"line":22,"column":47},"end":{"line":22,"column":48}},"loc":{"start":{"line":22,"column":72},"end":{"line":29,"column":1}}},"2":{"name":"(anonymous_3)","decl":{"start":{"line":31,"column":19},"end":{"line":31,"column":20}},"loc":{"start":{"line":31,"column":46},"end":{"line":45,"column":1}}},"3":{"name":"(anonymous_4)","decl":{"start":{"line":47,"column":19},"end":{"line":47,"column":20}},"loc":{"start":{"line":47,"column":46},"end":{"line":60,"column":1}}},"4":{"name":"(anonymous_5)","decl":{"start":{"line":62,"column":24},"end":{"line":62,"column":25}},"loc":{"start":{"line":62,"column":51},"end":{"line":73,"column":1}}},"5":{"name":"(anonymous_6)","decl":{"start":{"line":75,"column":18},"end":{"line":75,"column":19}},"loc":{"start":{"line":75,"column":45},"end":{"line":86,"column":1}}},"6":{"name":"(anonymous_7)","decl":{"start":{"line":93,"column":38},"end":{"line":93,"column":39}},"loc":{"start":{"line":93,"column":63},"end":{"line":97,"column":2}}},"7":{"name":"(anonymous_8)","decl":{"start":{"line":99,"column":54},"end":{"line":99,"column":55}},"loc":{"start":{"line":99,"column":79},"end":{"line":110,"column":2}}},"8":{"name":"(anonymous_9)","decl":{"start":{"line":112,"column":45},"end":{"line":112,"column":48}},"loc":{"start":{"line":112,"column":52},"end":{"line":114,"column":2}}},"9":{"name":"(anonymous_10)","decl":{"start":{"line":115,"column":50},"end":{"line":115,"column":53}},"loc":{"start":{"line":115,"column":57},"end":{"line":117,"column":2}}},"10":{"name":"(anonymous_11)","decl":{"start":{"line":118,"column":49},"end":{"line":118,"column":52}},"loc":{"start":{"line":118,"column":56},"end":{"line":120,"column":2}}},"11":{"name":"(anonymous_12)","decl":{"start":{"line":121,"column":45},"end":{"line":121,"column":48}},"loc":{"start":{"line":121,"column":52},"end":{"line":123,"column":2}}},"12":{"name":"(anonymous_13)","decl":{"start":{"line":124,"column":45},"end":{"line":124,"column":48}},"loc":{"start":{"line":124,"column":52},"end":{"line":126,"column":2}}}},"branchMap":{"0":{"loc":{"start":{"line":7,"column":5},"end":{"line":7,"column":null}},"type":"binary-expr","locations":[{"start":{"line":7,"column":5},"end":{"line":7,"column":18}},{"start":{"line":7,"column":5},"end":{"line":7,"column":null}}]},"1":{"loc":{"start":{"line":32,"column":4},"end":{"line":44,"column":null}},"type":"switch","locations":[{"start":{"line":33,"column":8},"end":{"line":34,"column":42}},{"start":{"line":35,"column":8},"end":{"line":36,"column":35}},{"start":{"line":37,"column":8},"end":{"line":38,"column":43}},{"start":{"line":39,"column":8},"end":{"line":40,"column":38}},{"start":{"line":41,"column":8},"end":{"line":41,"column":39}},{"start":{"line":42,"column":8},"end":{"line":43,"column":41}}]},"2":{"loc":{"start":{"line":48,"column":4},"end":{"line":59,"column":null}},"type":"switch","locations":[{"start":{"line":49,"column":8},"end":{"line":50,"column":106}},{"start":{"line":51,"column":8},"end":{"line":52,"column":84}},{"start":{"line":53,"column":8},"end":{"line":54,"column":90}},{"start":{"line":55,"column":8},"end":{"line":55,"column":38}},{"start":{"line":56,"column":8},"end":{"line":56,"column":39}},{"start":{"line":57,"column":8},"end":{"line":58,"column":81}}]},"3":{"loc":{"start":{"line":63,"column":4},"end":{"line":72,"column":null}},"type":"switch","locations":[{"start":{"line":64,"column":8},"end":{"line":65,"column":32}},{"start":{"line":66,"column":8},"end":{"line":66,"column":34}},{"start":{"line":67,"column":8},"end":{"line":67,"column":34}},{"start":{"line":68,"column":8},"end":{"line":68,"column":38}},{"start":{"line":69,"column":8},"end":{"line":69,"column":39}},{"start":{"line":70,"column":8},"end":{"line":71,"column":35}}]},"4":{"loc":{"start":{"line":76,"column":4},"end":{"line":85,"column":null}},"type":"switch","locations":[{"start":{"line":77,"column":8},"end":{"line":78,"column":31}},{"start":{"line":79,"column":8},"end":{"line":79,"column":38}},{"start":{"line":80,"column":8},"end":{"line":80,"column":39}},{"start":{"line":81,"column":8},"end":{"line":81,"column":34}},{"start":{"line":82,"column":8},"end":{"line":82,"column":34}},{"start":{"line":83,"column":8},"end":{"line":84,"column":42}}]},"5":{"loc":{"start":{"line":109,"column":17},"end":{"line":109,"column":63}},"type":"cond-expr","locations":[{"start":{"line":109,"column":58},"end":{"line":109,"column":59}},{"start":{"line":109,"column":62},"end":{"line":109,"column":63}}]}},"s":{"0":3,"1":3,"2":3,"3":3,"4":3,"5":3,"6":3,"7":3,"8":3,"9":3,"10":3,"11":3,"12":10,"13":3,"14":10,"15":2,"16":2,"17":2,"18":2,"19":2,"20":3,"21":10,"22":2,"23":2,"24":2,"25":4,"26":3,"27":10,"28":2,"29":8,"30":3,"31":10,"32":2,"33":8,"34":3,"35":3,"36":10,"37":3,"38":10,"39":3,"40":2,"41":3,"42":2,"43":3,"44":2,"45":3,"46":2,"47":3,"48":2,"49":3,"50":3},"f":{"0":3,"1":10,"2":10,"3":10,"4":10,"5":10,"6":10,"7":10,"8":2,"9":2,"10":2,"11":2,"12":2},"b":{"0":[3,3],"1":[2,2,2,2,2,2],"2":[2,2,2,2,4,4],"3":[2,2,4,6,8,8],"4":[2,2,4,6,8,8],"5":[2,8]}}
,"/Users/szabokinga/crypto/src/components/Alert.tsx": {"path":"/Users/szabokinga/crypto/src/components/Alert.tsx","statementMap":{"0":{"start":{"line":1,"column":0},"end":{"line":1,"column":40}},"1":{"start":{"line":2,"column":0},"end":{"line":2,"column":41}},"2":{"start":{"line":3,"column":0},"end":{"line":3,"column":67}},"3":{"start":{"line":4,"column":0},"end":{"line":4,"column":43}},"4":{"start":{"line":14,"column":49},"end":{"line":41,"column":1}},"5":{"start":{"line":15,"column":28},"end":{"line":15,"column":40}},"6":{"start":{"line":16,"column":4},"end":{"line":40,"column":6}},"7":{"start":{"line":21,"column":54},"end":{"line":21,"column":67}},"8":{"start":{"line":25,"column":24},"end":{"line":25,"column":36}},"9":{"start":{"line":26,"column":24},"end":{"line":26,"column":42}},"10":{"start":{"line":32,"column":24},"end":{"line":35,"column":null}},"11":{"start":{"line":33,"column":28},"end":{"line":33,"column":44}},"12":{"start":{"line":34,"column":28},"end":{"line":34,"column":46}},"13":{"start":{"line":14,"column":13},"end":{"line":14,"column":49}},"14":{"start":{"line":46,"column":49},"end":{"line":63,"column":1}},"15":{"start":{"line":47,"column":4},"end":{"line":62,"column":6}},"16":{"start":{"line":52,"column":61},"end":{"line":52,"column":78}},"17":{"start":{"line":56,"column":24},"end":{"line":56,"column":33}},"18":{"start":{"line":57,"column":24},"end":{"line":57,"column":42}},"19":{"start":{"line":46,"column":13},"end":{"line":46,"column":49}},"20":{"start":{"line":69,"column":23},"end":{"line":81,"column":1}},"21":{"start":{"line":70,"column":4},"end":{"line":80,"column":6}},"22":{"start":{"line":77,"column":31},"end":{"line":77,"column":39}},"23":{"start":{"line":69,"column":13},"end":{"line":69,"column":23}}},"fnMap":{"0":{"name":"(anonymous_7)","decl":{"start":{"line":14,"column":49},"end":{"line":14,"column":50}},"loc":{"start":{"line":14,"column":77},"end":{"line":41,"column":1}}},"1":{"name":"(anonymous_8)","decl":{"start":{"line":21,"column":44},"end":{"line":21,"column":45}},"loc":{"start":{"line":21,"column":54},"end":{"line":21,"column":67}}},"2":{"name":"(anonymous_9)","decl":{"start":{"line":24,"column":29},"end":{"line":24,"column":32}},"loc":{"start":{"line":24,"column":34},"end":{"line":27,"column":21}}},"3":{"name":"(anonymous_10)","decl":{"start":{"line":31,"column":29},"end":{"line":31,"column":32}},"loc":{"start":{"line":31,"column":34},"end":{"line":36,"column":21}}},"4":{"name":"(anonymous_11)","decl":{"start":{"line":46,"column":49},"end":{"line":46,"column":50}},"loc":{"start":{"line":46,"column":77},"end":{"line":63,"column":1}}},"5":{"name":"(anonymous_12)","decl":{"start":{"line":52,"column":55},"end":{"line":52,"column":58}},"loc":{"start":{"line":52,"column":61},"end":{"line":52,"column":78}}},"6":{"name":"(anonymous_13)","decl":{"start":{"line":55,"column":29},"end":{"line":55,"column":32}},"loc":{"start":{"line":55,"column":34},"end":{"line":58,"column":21}}},"7":{"name":"(anonymous_14)","decl":{"start":{"line":69,"column":23},"end":{"line":69,"column":26}},"loc":{"start":{"line":69,"column":28},"end":{"line":81,"column":1}}},"8":{"name":"(anonymous_15)","decl":{"start":{"line":77,"column":25},"end":{"line":77,"column":28}},"loc":{"start":{"line":77,"column":31},"end":{"line":77,"column":39}}}},"branchMap":{"0":{"loc":{"start":{"line":32,"column":24},"end":{"line":35,"column":null}},"type":"if","locations":[{"start":{"line":32,"column":24},"end":{"line":35,"column":null}}]}},"s":{"0":3,"1":3,"2":3,"3":3,"4":3,"5":2,"6":2,"7":0,"8":0,"9":0,"10":0,"11":0,"12":0,"13":3,"14":3,"15":2,"16":0,"17":0,"18":0,"19":3,"20":3,"21":0,"22":0,"23":3},"f":{"0":2,"1":0,"2":0,"3":0,"4":2,"5":0,"6":0,"7":0,"8":0},"b":{"0":[0]}}
,"/Users/szabokinga/crypto/src/components/Autocomplete.tsx": {"path":"/Users/szabokinga/crypto/src/components/Autocomplete.tsx","statementMap":{"0":{"start":{"line":1,"column":0},"end":{"line":1,"column":40}},"1":{"start":{"line":2,"column":0},"end":{"line":2,"column":58}},"2":{"start":{"line":3,"column":0},"end":{"line":3,"column":42}},"3":{"start":{"line":4,"column":0},"end":{"line":4,"column":46}},"4":{"start":{"line":5,"column":0},"end":{"line":5,"column":50}},"5":{"start":{"line":16,"column":57},"end":{"line":68,"column":1}},"6":{"start":{"line":17,"column":30},"end":{"line":17,"column":42}},"7":{"start":{"line":18,"column":42},"end":{"line":18,"column":57}},"8":{"start":{"line":19,"column":44},"end":{"line":19,"column":70}},"9":{"start":{"line":21,"column":23},"end":{"line":23,"column":5}},"10":{"start":{"line":22,"column":8},"end":{"line":22,"column":93}},"11":{"start":{"line":22,"column":37},"end":{"line":22,"column":91}},"12":{"start":{"line":25,"column":4},"end":{"line":67,"column":6}},"13":{"start":{"line":33,"column":20},"end":{"line":37,"column":null}},"14":{"start":{"line":34,"column":24},"end":{"line":34,"column":58}},"15":{"start":{"line":35,"column":27},"end":{"line":37,"column":null}},"16":{"start":{"line":36,"column":24},"end":{"line":36,"column":44}},"17":{"start":{"line":38,"column":20},"end":{"line":38,"column":41}},"18":{"start":{"line":39,"column":20},"end":{"line":39,"column":35}},"19":{"start":{"line":42,"column":20},"end":{"line":42,"column":41}},"20":{"start":{"line":44,"column":30},"end":{"line":44,"column":51}},"21":{"start":{"line":51,"column":28},"end":{"line":60,"column":null}},"22":{"start":{"line":54,"column":36},"end":{"line":54,"column":59}},"23":{"start":{"line":55,"column":36},"end":{"line":55,"column":56}},"24":{"start":{"line":56,"column":36},"end":{"line":56,"column":58}},"25":{"start":{"line":16,"column":13},"end":{"line":16,"column":57}},"26":{"start":{"line":70,"column":18},"end":{"line":73,"column":2}},"27":{"start":{"line":75,"column":24},"end":{"line":80,"column":2}},"28":{"start":{"line":82,"column":13},"end":{"line":94,"column":4}},"29":{"start":{"line":82,"column":88},"end":{"line":94,"column":2}}},"fnMap":{"0":{"name":"(anonymous_7)","decl":{"start":{"line":16,"column":57},"end":{"line":16,"column":58}},"loc":{"start":{"line":16,"column":104},"end":{"line":68,"column":1}}},"1":{"name":"(anonymous_8)","decl":{"start":{"line":21,"column":23},"end":{"line":21,"column":24}},"loc":{"start":{"line":21,"column":40},"end":{"line":23,"column":5}}},"2":{"name":"(anonymous_9)","decl":{"start":{"line":22,"column":27},"end":{"line":22,"column":28}},"loc":{"start":{"line":22,"column":37},"end":{"line":22,"column":91}}},"3":{"name":"(anonymous_10)","decl":{"start":{"line":32,"column":30},"end":{"line":32,"column":31}},"loc":{"start":{"line":32,"column":39},"end":{"line":40,"column":17}}},"4":{"name":"(anonymous_11)","decl":{"start":{"line":41,"column":25},"end":{"line":41,"column":28}},"loc":{"start":{"line":41,"column":30},"end":{"line":43,"column":17}}},"5":{"name":"(anonymous_12)","decl":{"start":{"line":44,"column":24},"end":{"line":44,"column":27}},"loc":{"start":{"line":44,"column":30},"end":{"line":44,"column":51}}},"6":{"name":"(anonymous_13)","decl":{"start":{"line":50,"column":42},"end":{"line":50,"column":43}},"loc":{"start":{"line":51,"column":28},"end":{"line":60,"column":null}}},"7":{"name":"(anonymous_14)","decl":{"start":{"line":53,"column":41},"end":{"line":53,"column":44}},"loc":{"start":{"line":53,"column":46},"end":{"line":57,"column":33}}},"8":{"name":"(anonymous_15)","decl":{"start":{"line":82,"column":72},"end":{"line":82,"column":73}},"loc":{"start":{"line":82,"column":88},"end":{"line":94,"column":2}}}},"branchMap":{"0":{"loc":{"start":{"line":33,"column":20},"end":{"line":37,"column":null}},"type":"if","locations":[{"start":{"line":33,"column":20},"end":{"line":37,"column":null}},{"start":{"line":35,"column":27},"end":{"line":37,"column":null}}]},"1":{"loc":{"start":{"line":35,"column":27},"end":{"line":37,"column":null}},"type":"if","locations":[{"start":{"line":35,"column":27},"end":{"line":37,"column":null}}]},"2":{"loc":{"start":{"line":47,"column":13},"end":{"line":64,"column":null}},"type":"binary-expr","locations":[{"start":{"line":47,"column":13},"end":{"line":47,"column":24}},{"start":{"line":47,"column":28},"end":{"line":47,"column":40}},{"start":{"line":48,"column":16},"end":{"line":63,"column":null}}]},"3":{"loc":{"start":{"line":88,"column":11},"end":{"line":88,"column":30}},"type":"cond-expr","locations":[{"start":{"line":88,"column":19},"end":{"line":88,"column":24}},{"start":{"line":88,"column":27},"end":{"line":88,"column":30}}]}},"s":{"0":3,"1":3,"2":3,"3":3,"4":3,"5":3,"6":1,"7":1,"8":1,"9":1,"10":0,"11":0,"12":1,"13":0,"14":0,"15":0,"16":0,"17":0,"18":0,"19":0,"20":0,"21":0,"22":0,"23":0,"24":0,"25":3,"26":3,"27":3,"28":3,"29":0},"f":{"0":1,"1":0,"2":0,"3":0,"4":0,"5":0,"6":0,"7":0,"8":0},"b":{"0":[0,0],"1":[0],"2":[1,0,0],"3":[0,0]}}
,"/Users/szabokinga/crypto/src/components/Button.tsx": {"path":"/Users/szabokinga/crypto/src/components/Button.tsx","statementMap":{"0":{"start":{"line":1,"column":0},"end":{"line":1,"column":26}},"1":{"start":{"line":3,"column":0},"end":{"line":3,"column":46}},"2":{"start":{"line":4,"column":0},"end":{"line":4,"column":39}},"3":{"start":{"line":13,"column":45},"end":{"line":19,"column":1}},"4":{"start":{"line":14,"column":4},"end":{"line":18,"column":6}},"5":{"start":{"line":13,"column":13},"end":{"line":13,"column":45}},"6":{"start":{"line":22,"column":13},"end":{"line":31,"column":3}},"7":{"start":{"line":33,"column":13},"end":{"line":36,"column":2}}},"fnMap":{"0":{"name":"(anonymous_1)","decl":{"start":{"line":13,"column":45},"end":{"line":13,"column":46}},"loc":{"start":{"line":13,"column":68},"end":{"line":19,"column":1}}}},"branchMap":{},"s":{"0":5,"1":5,"2":5,"3":5,"4":5,"5":5,"6":5,"7":5},"f":{"0":5},"b":{}}
,"/Users/szabokinga/crypto/src/components/CryptoChart.tsx": {"path":"/Users/szabokinga/crypto/src/components/CryptoChart.tsx","statementMap":{"0":{"start":{"line":1,"column":0},"end":{"line":1,"column":26}},"1":{"start":{"line":2,"column":0},"end":{"line":2,"column":42}},"2":{"start":{"line":3,"column":0},"end":{"line":3,"column":54}},"3":{"start":{"line":4,"column":0},"end":{"line":4,"column":46}},"4":{"start":{"line":5,"column":0},"end":{"line":5,"column":39}},"5":{"start":{"line":6,"column":25},"end":{"line":6,"column":49}},"6":{"start":{"line":19,"column":55},"end":{"line":54,"column":1}},"7":{"start":{"line":20,"column":4},"end":{"line":53,"column":6}},"8":{"start":{"line":39,"column":24},"end":{"line":41,"column":null}},"9":{"start":{"line":40,"column":28},"end":{"line":40,"column":51}},"10":{"start":{"line":42,"column":24},"end":{"line":42,"column":34}},"11":{"start":{"line":19,"column":13},"end":{"line":19,"column":55}},"12":{"start":{"line":56,"column":18},"end":{"line":59,"column":2}},"13":{"start":{"line":61,"column":23},"end":{"line":65,"column":2}},"14":{"start":{"line":67,"column":23},"end":{"line":72,"column":2}},"15":{"start":{"line":74,"column":22},"end":{"line":77,"column":2}},"16":{"start":{"line":79,"column":14},"end":{"line":83,"column":2}},"17":{"start":{"line":85,"column":13},"end":{"line":88,"column":2}},"18":{"start":{"line":90,"column":14},"end":{"line":94,"column":2}},"19":{"start":{"line":96,"column":24},"end":{"line":99,"column":3}},"20":{"start":{"line":96,"column":76},"end":{"line":99,"column":2}}},"fnMap":{"0":{"name":"(anonymous_1)","decl":{"start":{"line":19,"column":55},"end":{"line":19,"column":56}},"loc":{"start":{"line":19,"column":120},"end":{"line":54,"column":1}}},"1":{"name":"(anonymous_2)","decl":{"start":{"line":37,"column":28},"end":{"line":37,"column":29}},"loc":{"start":{"line":37,"column":46},"end":{"line":43,"column":21}}},"2":{"name":"(anonymous_3)","decl":{"start":{"line":96,"column":54},"end":{"line":96,"column":55}},"loc":{"start":{"line":96,"column":76},"end":{"line":99,"column":2}}}},"branchMap":{"0":{"loc":{"start":{"line":26,"column":33},"end":{"line":26,"column":57}},"type":"cond-expr","locations":[{"start":{"line":26,"column":42},"end":{"line":26,"column":44}},{"start":{"line":26,"column":33},"end":{"line":26,"column":57}}]},"1":{"loc":{"start":{"line":26,"column":33},"end":{"line":26,"column":44}},"type":"binary-expr","locations":[{"start":{"line":26,"column":33},"end":{"line":26,"column":44}},{"start":{"line":26,"column":33},"end":{"line":26,"column":44}}]},"2":{"loc":{"start":{"line":32,"column":25},"end":{"line":32,"column":55}},"type":"cond-expr","locations":[{"start":{"line":32,"column":30},"end":{"line":32,"column":32}},{"start":{"line":32,"column":25},"end":{"line":32,"column":55}}]},"3":{"loc":{"start":{"line":32,"column":25},"end":{"line":32,"column":32}},"type":"binary-expr","locations":[{"start":{"line":32,"column":25},"end":{"line":32,"column":32}},{"start":{"line":32,"column":25},"end":{"line":32,"column":32}}]},"4":{"loc":{"start":{"line":33,"column":60},"end":{"line":33,"column":83}},"type":"cond-expr","locations":[{"start":{"line":33,"column":71},"end":{"line":33,"column":73}},{"start":{"line":33,"column":60},"end":{"line":33,"column":83}}]},"5":{"loc":{"start":{"line":33,"column":60},"end":{"line":33,"column":73}},"type":"binary-expr","locations":[{"start":{"line":33,"column":60},"end":{"line":33,"column":73}},{"start":{"line":33,"column":60},"end":{"line":33,"column":73}}]},"6":{"loc":{"start":{"line":39,"column":24},"end":{"line":41,"column":null}},"type":"if","locations":[{"start":{"line":39,"column":24},"end":{"line":41,"column":null}}]},"7":{"loc":{"start":{"line":98,"column":11},"end":{"line":98,"column":51}},"type":"cond-expr","locations":[{"start":{"line":98,"column":30},"end":{"line":98,"column":39}},{"start":{"line":98,"column":42},"end":{"line":98,"column":51}}]}},"s":{"0":3,"1":3,"2":3,"3":3,"4":3,"5":3,"6":3,"7":0,"8":0,"9":0,"10":0,"11":3,"12":3,"13":3,"14":3,"15":3,"16":3,"17":3,"18":3,"19":3,"20":0},"f":{"0":0,"1":0,"2":0},"b":{"0":[0,0],"1":[0,0],"2":[0,0],"3":[0,0],"4":[0,0],"5":[0,0],"6":[0],"7":[0,0]}}
,"/Users/szabokinga/crypto/src/components/CryptoCoin.tsx": {"path":"/Users/szabokinga/crypto/src/components/CryptoCoin.tsx","statementMap":{"0":{"start":{"line":1,"column":0},"end":{"line":1,"column":36}},"1":{"start":{"line":3,"column":0},"end":{"line":3,"column":54}},"2":{"start":{"line":4,"column":0},"end":{"line":4,"column":46}},"3":{"start":{"line":5,"column":0},"end":{"line":5,"column":48}},"4":{"start":{"line":6,"column":0},"end":{"line":6,"column":56}},"5":{"start":{"line":8,"column":0},"end":{"line":8,"column":39}},"6":{"start":{"line":9,"column":0},"end":{"line":9,"column":64}},"7":{"start":{"line":24,"column":55},"end":{"line":54,"column":1}},"8":{"start":{"line":25,"column":17},"end":{"line":25,"column":76}},"9":{"start":{"line":25,"column":51},"end":{"line":25,"column":61}},"10":{"start":{"line":26,"column":26},"end":{"line":26,"column":61}},"11":{"start":{"line":28,"column":4},"end":{"line":53,"column":6}},"12":{"start":{"line":49,"column":112},"end":{"line":49,"column":124}},"13":{"start":{"line":50,"column":121},"end":{"line":50,"column":133}},"14":{"start":{"line":56,"column":18},"end":{"line":63,"column":2}},"15":{"start":{"line":65,"column":22},"end":{"line":68,"column":2}},"16":{"start":{"line":70,"column":23},"end":{"line":73,"column":2}},"17":{"start":{"line":75,"column":23},"end":{"line":78,"column":2}},"18":{"start":{"line":80,"column":28},"end":{"line":84,"column":2}},"19":{"start":{"line":86,"column":14},"end":{"line":89,"column":2}},"20":{"start":{"line":91,"column":14},"end":{"line":94,"column":2}},"21":{"start":{"line":96,"column":24},"end":{"line":100,"column":3}},"22":{"start":{"line":96,"column":84},"end":{"line":100,"column":2}},"23":{"start":{"line":102,"column":17},"end":{"line":106,"column":2}},"24":{"start":{"line":108,"column":13},"end":{"line":108,"column":52}}},"fnMap":{"0":{"name":"(anonymous_7)","decl":{"start":{"line":24,"column":55},"end":{"line":24,"column":56}},"loc":{"start":{"line":24,"column":135},"end":{"line":54,"column":1}}},"1":{"name":"(anonymous_8)","decl":{"start":{"line":25,"column":29},"end":{"line":25,"column":30}},"loc":{"start":{"line":25,"column":51},"end":{"line":25,"column":61}}},"2":{"name":"(anonymous_9)","decl":{"start":{"line":49,"column":106},"end":{"line":49,"column":109}},"loc":{"start":{"line":49,"column":112},"end":{"line":49,"column":124}}},"3":{"name":"(anonymous_10)","decl":{"start":{"line":50,"column":115},"end":{"line":50,"column":118}},"loc":{"start":{"line":50,"column":121},"end":{"line":50,"column":133}}},"4":{"name":"(anonymous_11)","decl":{"start":{"line":96,"column":62},"end":{"line":96,"column":63}},"loc":{"start":{"line":96,"column":84},"end":{"line":100,"column":2}}}},"branchMap":{"0":{"loc":{"start":{"line":47,"column":64},"end":{"line":47,"column":87}},"type":"cond-expr","locations":[{"start":{"line":47,"column":75},"end":{"line":47,"column":77}},{"start":{"line":47,"column":64},"end":{"line":47,"column":87}}]},"1":{"loc":{"start":{"line":47,"column":64},"end":{"line":47,"column":77}},"type":"binary-expr","locations":[{"start":{"line":47,"column":64},"end":{"line":47,"column":77}},{"start":{"line":47,"column":64},"end":{"line":47,"column":77}}]},"2":{"loc":{"start":{"line":49,"column":17},"end":{"line":49,"column":128}},"type":"binary-expr","locations":[{"start":{"line":49,"column":17},"end":{"line":49,"column":32}},{"start":{"line":49,"column":36},"end":{"line":49,"column":39}},{"start":{"line":49,"column":43},"end":{"line":49,"column":128}}]},"3":{"loc":{"start":{"line":50,"column":17},"end":{"line":50,"column":137}},"type":"binary-expr","locations":[{"start":{"line":50,"column":17},"end":{"line":50,"column":32}},{"start":{"line":50,"column":36},"end":{"line":50,"column":40}},{"start":{"line":50,"column":44},"end":{"line":50,"column":137}}]},"4":{"loc":{"start":{"line":99,"column":11},"end":{"line":99,"column":51}},"type":"cond-expr","locations":[{"start":{"line":99,"column":30},"end":{"line":99,"column":39}},{"start":{"line":99,"column":42},"end":{"line":99,"column":51}}]}},"s":{"0":3,"1":3,"2":3,"3":3,"4":3,"5":3,"6":3,"7":3,"8":0,"9":0,"10":0,"11":0,"12":0,"13":0,"14":3,"15":3,"16":3,"17":3,"18":3,"19":3,"20":3,"21":3,"22":0,"23":3,"24":3},"f":{"0":0,"1":0,"2":0,"3":0,"4":0},"b":{"0":[0,0],"1":[0,0],"2":[0,0,0],"3":[0,0,0],"4":[0,0]}}
,"/Users/szabokinga/crypto/src/components/EditOwnedCoinBottomModal.tsx": {"path":"/Users/szabokinga/crypto/src/components/EditOwnedCoinBottomModal.tsx","statementMap":{"0":{"start":{"line":1,"column":0},"end":{"line":1,"column":26}},"1":{"start":{"line":3,"column":0},"end":{"line":3,"column":46}},"2":{"start":{"line":4,"column":0},"end":{"line":4,"column":52}},"3":{"start":{"line":5,"column":0},"end":{"line":5,"column":50}},"4":{"start":{"line":6,"column":0},"end":{"line":6,"column":51}},"5":{"start":{"line":7,"column":0},"end":{"line":7,"column":58}},"6":{"start":{"line":8,"column":0},"end":{"line":8,"column":44}},"7":{"start":{"line":23,"column":68},"end":{"line":70,"column":1}},"8":{"start":{"line":24,"column":4},"end":{"line":69,"column":6}},"9":{"start":{"line":64,"column":58},"end":{"line":64,"column":74}},"10":{"start":{"line":65,"column":56},"end":{"line":65,"column":70}},"11":{"start":{"line":23,"column":13},"end":{"line":23,"column":68}},"12":{"start":{"line":72,"column":18},"end":{"line":74,"column":2}},"13":{"start":{"line":75,"column":21},"end":{"line":80,"column":2}},"14":{"start":{"line":82,"column":14},"end":{"line":86,"column":2}},"15":{"start":{"line":88,"column":13},"end":{"line":91,"column":2}},"16":{"start":{"line":93,"column":24},"end":{"line":97,"column":2}}},"fnMap":{"0":{"name":"(anonymous_1)","decl":{"start":{"line":23,"column":68},"end":{"line":23,"column":69}},"loc":{"start":{"line":23,"column":78},"end":{"line":70,"column":1}}},"1":{"name":"(anonymous_2)","decl":{"start":{"line":64,"column":52},"end":{"line":64,"column":55}},"loc":{"start":{"line":64,"column":58},"end":{"line":64,"column":74}}},"2":{"name":"(anonymous_3)","decl":{"start":{"line":65,"column":50},"end":{"line":65,"column":53}},"loc":{"start":{"line":65,"column":56},"end":{"line":65,"column":70}}}},"branchMap":{},"s":{"0":2,"1":2,"2":2,"3":2,"4":2,"5":2,"6":2,"7":2,"8":1,"9":0,"10":0,"11":2,"12":2,"13":2,"14":2,"15":2,"16":2},"f":{"0":1,"1":0,"2":0},"b":{}}
,"/Users/szabokinga/crypto/src/components/ErrorComponent.tsx": {"path":"/Users/szabokinga/crypto/src/components/ErrorComponent.tsx","statementMap":{"0":{"start":{"line":1,"column":0},"end":{"line":1,"column":39}},"1":{"start":{"line":2,"column":0},"end":{"line":2,"column":26}},"2":{"start":{"line":4,"column":0},"end":{"line":4,"column":46}},"3":{"start":{"line":9,"column":56},"end":{"line":15,"column":1}},"4":{"start":{"line":10,"column":4},"end":{"line":14,"column":6}},"5":{"start":{"line":9,"column":13},"end":{"line":9,"column":56}},"6":{"start":{"line":17,"column":18},"end":{"line":21,"column":2}},"7":{"start":{"line":23,"column":13},"end":{"line":26,"column":2}}},"fnMap":{"0":{"name":"(anonymous_1)","decl":{"start":{"line":9,"column":56},"end":{"line":9,"column":57}},"loc":{"start":{"line":9,"column":66},"end":{"line":15,"column":1}}}},"branchMap":{},"s":{"0":5,"1":5,"2":5,"3":5,"4":0,"5":5,"6":5,"7":5},"f":{"0":0},"b":{}}
,"/Users/szabokinga/crypto/src/components/InputField.tsx": {"path":"/Users/szabokinga/crypto/src/components/InputField.tsx","statementMap":{"0":{"start":{"line":1,"column":0},"end":{"line":1,"column":26}},"1":{"start":{"line":3,"column":0},"end":{"line":3,"column":46}},"2":{"start":{"line":4,"column":0},"end":{"line":4,"column":50}},"3":{"start":{"line":16,"column":59},"end":{"line":34,"column":1}},"4":{"start":{"line":17,"column":4},"end":{"line":33,"column":6}},"5":{"start":{"line":36,"column":18},"end":{"line":39,"column":2}},"6":{"start":{"line":41,"column":18},"end":{"line":45,"column":3}},"7":{"start":{"line":41,"column":37},"end":{"line":45,"column":2}},"8":{"start":{"line":47,"column":18},"end":{"line":51,"column":3}},"9":{"start":{"line":47,"column":37},"end":{"line":51,"column":2}},"10":{"start":{"line":53,"column":20},"end":{"line":65,"column":3}},"11":{"start":{"line":53,"column":84},"end":{"line":65,"column":2}},"12":{"start":{"line":67,"column":13},"end":{"line":67,"column":44}}},"fnMap":{"0":{"name":"(anonymous_1)","decl":{"start":{"line":16,"column":59},"end":{"line":16,"column":60}},"loc":{"start":{"line":16,"column":149},"end":{"line":34,"column":1}}},"1":{"name":"(anonymous_2)","decl":{"start":{"line":41,"column":30},"end":{"line":41,"column":33}},"loc":{"start":{"line":41,"column":37},"end":{"line":45,"column":2}}},"2":{"name":"(anonymous_3)","decl":{"start":{"line":47,"column":30},"end":{"line":47,"column":33}},"loc":{"start":{"line":47,"column":37},"end":{"line":51,"column":2}}},"3":{"name":"(anonymous_4)","decl":{"start":{"line":53,"column":68},"end":{"line":53,"column":69}},"loc":{"start":{"line":53,"column":84},"end":{"line":65,"column":2}}}},"branchMap":{"0":{"loc":{"start":{"line":19,"column":13},"end":{"line":19,"column":52}},"type":"binary-expr","locations":[{"start":{"line":19,"column":13},"end":{"line":19,"column":18}},{"start":{"line":19,"column":22},"end":{"line":19,"column":52}}]},"1":{"loc":{"start":{"line":26,"column":30},"end":{"line":26,"column":69}},"type":"cond-expr","locations":[{"start":{"line":26,"column":45},"end":{"line":26,"column":57}},{"start":{"line":26,"column":60},"end":{"line":26,"column":69}}]},"2":{"loc":{"start":{"line":27,"column":33},"end":{"line":27,"column":56}},"type":"cond-expr","locations":[{"start":{"line":27,"column":44},"end":{"line":27,"column":48}},{"start":{"line":27,"column":51},"end":{"line":27,"column":56}}]},"3":{"loc":{"start":{"line":31,"column":13},"end":{"line":31,"column":60}},"type":"binary-expr","locations":[{"start":{"line":31,"column":13},"end":{"line":31,"column":22}},{"start":{"line":31,"column":26},"end":{"line":31,"column":60}}]},"4":{"loc":{"start":{"line":59,"column":11},"end":{"line":59,"column":30}},"type":"cond-expr","locations":[{"start":{"line":59,"column":19},"end":{"line":59,"column":24}},{"start":{"line":59,"column":27},"end":{"line":59,"column":30}}]}},"s":{"0":3,"1":3,"2":3,"3":3,"4":0,"5":3,"6":3,"7":0,"8":3,"9":0,"10":3,"11":0,"12":3},"f":{"0":0,"1":0,"2":0,"3":0},"b":{"0":[0,0],"1":[0,0],"2":[0,0],"3":[0,0],"4":[0,0]}}
,"/Users/szabokinga/crypto/src/components/NewOwnedCoinBottomModal.tsx": {"path":"/Users/szabokinga/crypto/src/components/NewOwnedCoinBottomModal.tsx","statementMap":{"0":{"start":{"line":1,"column":0},"end":{"line":1,"column":26}},"1":{"start":{"line":3,"column":0},"end":{"line":3,"column":46}},"2":{"start":{"line":4,"column":0},"end":{"line":4,"column":52}},"3":{"start":{"line":5,"column":0},"end":{"line":5,"column":50}},"4":{"start":{"line":6,"column":0},"end":{"line":6,"column":51}},"5":{"start":{"line":7,"column":0},"end":{"line":7,"column":56}},"6":{"start":{"line":8,"column":0},"end":{"line":8,"column":44}},"7":{"start":{"line":10,"column":0},"end":{"line":10,"column":58}},"8":{"start":{"line":27,"column":67},"end":{"line":74,"column":1}},"9":{"start":{"line":28,"column":4},"end":{"line":73,"column":6}},"10":{"start":{"line":68,"column":58},"end":{"line":68,"column":68}},"11":{"start":{"line":69,"column":56},"end":{"line":69,"column":64}},"12":{"start":{"line":27,"column":13},"end":{"line":27,"column":67}},"13":{"start":{"line":76,"column":18},"end":{"line":78,"column":2}},"14":{"start":{"line":79,"column":21},"end":{"line":84,"column":2}},"15":{"start":{"line":86,"column":14},"end":{"line":90,"column":2}},"16":{"start":{"line":92,"column":13},"end":{"line":95,"column":2}},"17":{"start":{"line":97,"column":24},"end":{"line":101,"column":2}}},"fnMap":{"0":{"name":"(anonymous_1)","decl":{"start":{"line":27,"column":67},"end":{"line":27,"column":68}},"loc":{"start":{"line":27,"column":172},"end":{"line":74,"column":1}}},"1":{"name":"(anonymous_2)","decl":{"start":{"line":68,"column":52},"end":{"line":68,"column":55}},"loc":{"start":{"line":68,"column":58},"end":{"line":68,"column":68}}},"2":{"name":"(anonymous_3)","decl":{"start":{"line":69,"column":50},"end":{"line":69,"column":53}},"loc":{"start":{"line":69,"column":56},"end":{"line":69,"column":64}}}},"branchMap":{},"s":{"0":2,"1":2,"2":2,"3":2,"4":2,"5":2,"6":2,"7":2,"8":2,"9":1,"10":0,"11":0,"12":2,"13":2,"14":2,"15":2,"16":2,"17":2},"f":{"0":1,"1":0,"2":0},"b":{}}
,"/Users/szabokinga/crypto/src/components/OwnedCoins.tsx": {"path":"/Users/szabokinga/crypto/src/components/OwnedCoins.tsx","statementMap":{"0":{"start":{"line":1,"column":0},"end":{"line":1,"column":46}},"1":{"start":{"line":3,"column":0},"end":{"line":3,"column":46}},"2":{"start":{"line":5,"column":0},"end":{"line":5,"column":39}},"3":{"start":{"line":6,"column":0},"end":{"line":6,"column":48}},"4":{"start":{"line":7,"column":0},"end":{"line":7,"column":47}},"5":{"start":{"line":24,"column":53},"end":{"line":56,"column":1}},"6":{"start":{"line":25,"column":4},"end":{"line":55,"column":6}},"7":{"start":{"line":58,"column":20},"end":{"line":68,"column":1}},"8":{"start":{"line":59,"column":4},"end":{"line":67,"column":null}},"9":{"start":{"line":61,"column":12},"end":{"line":61,"column":104}},"10":{"start":{"line":63,"column":12},"end":{"line":63,"column":104}},"11":{"start":{"line":66,"column":12},"end":{"line":66,"column":104}},"12":{"start":{"line":70,"column":18},"end":{"line":80,"column":2}},"13":{"start":{"line":82,"column":22},"end":{"line":86,"column":2}},"14":{"start":{"line":88,"column":24},"end":{"line":90,"column":2}},"15":{"start":{"line":92,"column":23},"end":{"line":95,"column":2}},"16":{"start":{"line":97,"column":28},"end":{"line":101,"column":2}},"17":{"start":{"line":103,"column":14},"end":{"line":106,"column":2}},"18":{"start":{"line":108,"column":14},"end":{"line":111,"column":2}},"19":{"start":{"line":113,"column":21},"end":{"line":116,"column":2}},"20":{"start":{"line":118,"column":24},"end":{"line":122,"column":3}},"21":{"start":{"line":118,"column":81},"end":{"line":122,"column":2}},"22":{"start":{"line":124,"column":17},"end":{"line":128,"column":2}},"23":{"start":{"line":130,"column":13},"end":{"line":130,"column":51}}},"fnMap":{"0":{"name":"(anonymous_7)","decl":{"start":{"line":24,"column":53},"end":{"line":24,"column":54}},"loc":{"start":{"line":24,"column":63},"end":{"line":56,"column":1}}},"1":{"name":"(anonymous_8)","decl":{"start":{"line":58,"column":20},"end":{"line":58,"column":21}},"loc":{"start":{"line":58,"column":56},"end":{"line":68,"column":1}}},"2":{"name":"(anonymous_9)","decl":{"start":{"line":118,"column":60},"end":{"line":118,"column":61}},"loc":{"start":{"line":118,"column":81},"end":{"line":122,"column":2}}}},"branchMap":{"0":{"loc":{"start":{"line":39,"column":35},"end":{"line":39,"column":65}},"type":"cond-expr","locations":[{"start":{"line":39,"column":50},"end":{"line":39,"column":52}},{"start":{"line":39,"column":50},"end":{"line":39,"column":65}}]},"1":{"loc":{"start":{"line":39,"column":35},"end":{"line":39,"column":52}},"type":"binary-expr","locations":[{"start":{"line":39,"column":35},"end":{"line":39,"column":52}},{"start":{"line":39,"column":50},"end":{"line":39,"column":52}}]},"2":{"loc":{"start":{"line":59,"column":4},"end":{"line":67,"column":null}},"type":"switch","locations":[{"start":{"line":60,"column":8},"end":{"line":61,"column":104}},{"start":{"line":62,"column":8},"end":{"line":63,"column":104}},{"start":{"line":64,"column":8},"end":{"line":64,"column":26}},{"start":{"line":65,"column":8},"end":{"line":66,"column":104}}]},"3":{"loc":{"start":{"line":121,"column":11},"end":{"line":121,"column":50}},"type":"cond-expr","locations":[{"start":{"line":121,"column":29},"end":{"line":121,"column":38}},{"start":{"line":121,"column":41},"end":{"line":121,"column":50}}]}},"s":{"0":2,"1":2,"2":2,"3":2,"4":2,"5":2,"6":0,"7":2,"8":0,"9":0,"10":0,"11":0,"12":2,"13":2,"14":2,"15":2,"16":2,"17":2,"18":2,"19":2,"20":2,"21":0,"22":2,"23":2},"f":{"0":0,"1":0,"2":0},"b":{"0":[0,0],"1":[0,0],"2":[0,0,0,0],"3":[0,0]}}
,"/Users/szabokinga/crypto/src/components/ScreenBackground.tsx": {"path":"/Users/szabokinga/crypto/src/components/ScreenBackground.tsx","statementMap":{"0":{"start":{"line":1,"column":0},"end":{"line":1,"column":26}},"1":{"start":{"line":2,"column":0},"end":{"line":2,"column":46}},"2":{"start":{"line":4,"column":0},"end":{"line":4,"column":50}},"3":{"start":{"line":6,"column":0},"end":{"line":6,"column":39}},"4":{"start":{"line":7,"column":0},"end":{"line":7,"column":44}},"5":{"start":{"line":8,"column":0},"end":{"line":8,"column":56}},"6":{"start":{"line":10,"column":0},"end":{"line":10,"column":60}},"7":{"start":{"line":11,"column":0},"end":{"line":11,"column":45}},"8":{"start":{"line":20,"column":65},"end":{"line":32,"column":1}},"9":{"start":{"line":21,"column":17},"end":{"line":21,"column":76}},"10":{"start":{"line":21,"column":51},"end":{"line":21,"column":61}},"11":{"start":{"line":22,"column":18},"end":{"line":22,"column":84}},"12":{"start":{"line":22,"column":52},"end":{"line":22,"column":69}},"13":{"start":{"line":24,"column":4},"end":{"line":31,"column":6}},"14":{"start":{"line":28,"column":56},"end":{"line":28,"column":71}},"15":{"start":{"line":20,"column":13},"end":{"line":20,"column":65}},"16":{"start":{"line":34,"column":19},"end":{"line":39,"column":2}}},"fnMap":{"0":{"name":"(anonymous_1)","decl":{"start":{"line":20,"column":65},"end":{"line":20,"column":66}},"loc":{"start":{"line":20,"column":89},"end":{"line":32,"column":1}}},"1":{"name":"(anonymous_2)","decl":{"start":{"line":21,"column":29},"end":{"line":21,"column":30}},"loc":{"start":{"line":21,"column":51},"end":{"line":21,"column":61}}},"2":{"name":"(anonymous_3)","decl":{"start":{"line":22,"column":30},"end":{"line":22,"column":31}},"loc":{"start":{"line":22,"column":52},"end":{"line":22,"column":69}}},"3":{"name":"(anonymous_4)","decl":{"start":{"line":28,"column":50},"end":{"line":28,"column":53}},"loc":{"start":{"line":28,"column":56},"end":{"line":28,"column":71}}}},"branchMap":{"0":{"loc":{"start":{"line":28,"column":17},"end":{"line":28,"column":93}},"type":"cond-expr","locations":[{"start":{"line":28,"column":25},"end":{"line":28,"column":75}},{"start":{"line":28,"column":78},"end":{"line":28,"column":93}}]}},"s":{"0":5,"1":5,"2":5,"3":5,"4":5,"5":5,"6":5,"7":5,"8":5,"9":4,"10":4,"11":4,"12":4,"13":4,"14":0,"15":5,"16":5},"f":{"0":4,"1":4,"2":4,"3":0},"b":{"0":[0,4]}}
,"/Users/szabokinga/crypto/src/components/SearchBar.tsx": {"path":"/Users/szabokinga/crypto/src/components/SearchBar.tsx","statementMap":{"0":{"start":{"line":1,"column":0},"end":{"line":1,"column":26}},"1":{"start":{"line":3,"column":0},"end":{"line":3,"column":46}},"2":{"start":{"line":4,"column":0},"end":{"line":4,"column":54}},"3":{"start":{"line":5,"column":0},"end":{"line":5,"column":50}},"4":{"start":{"line":12,"column":59},"end":{"line":19,"column":1}},"5":{"start":{"line":13,"column":4},"end":{"line":18,"column":6}},"6":{"start":{"line":21,"column":18},"end":{"line":34,"column":2}},"7":{"start":{"line":36,"column":20},"end":{"line":39,"column":2}},"8":{"start":{"line":41,"column":13},"end":{"line":41,"column":44}}},"fnMap":{"0":{"name":"(anonymous_1)","decl":{"start":{"line":12,"column":59},"end":{"line":12,"column":60}},"loc":{"start":{"line":12,"column":100},"end":{"line":19,"column":1}}}},"branchMap":{},"s":{"0":2,"1":2,"2":2,"3":2,"4":2,"5":1,"6":2,"7":2,"8":2},"f":{"0":1},"b":{}}
,"/Users/szabokinga/crypto/src/components/SelectedCoinGraph.tsx": {"path":"/Users/szabokinga/crypto/src/components/SelectedCoinGraph.tsx","statementMap":{"0":{"start":{"line":1,"column":0},"end":{"line":1,"column":26}},"1":{"start":{"line":2,"column":0},"end":{"line":2,"column":52}},"2":{"start":{"line":3,"column":0},"end":{"line":3,"column":54}},"3":{"start":{"line":5,"column":0},"end":{"line":5,"column":50}},"4":{"start":{"line":6,"column":0},"end":{"line":6,"column":58}},"5":{"start":{"line":16,"column":58},"end":{"line":50,"column":1}},"6":{"start":{"line":17,"column":4},"end":{"line":49,"column":6}},"7":{"start":{"line":16,"column":13},"end":{"line":16,"column":58}}},"fnMap":{"0":{"name":"(anonymous_1)","decl":{"start":{"line":16,"column":58},"end":{"line":16,"column":59}},"loc":{"start":{"line":16,"column":94},"end":{"line":50,"column":1}}}},"branchMap":{"0":{"loc":{"start":{"line":38,"column":13},"end":{"line":46,"column":null}},"type":"binary-expr","locations":[{"start":{"line":38,"column":13},"end":{"line":38,"column":29}},{"start":{"line":39,"column":16},"end":{"line":45,"column":null}}]}},"s":{"0":3,"1":3,"2":3,"3":3,"4":3,"5":3,"6":2,"7":3},"f":{"0":2},"b":{"0":[2,1]}}
,"/Users/szabokinga/crypto/src/components/TabHeader.tsx": {"path":"/Users/szabokinga/crypto/src/components/TabHeader.tsx","statementMap":{"0":{"start":{"line":1,"column":0},"end":{"line":1,"column":26}},"1":{"start":{"line":2,"column":0},"end":{"line":2,"column":46}},"2":{"start":{"line":3,"column":0},"end":{"line":3,"column":39}},"3":{"start":{"line":12,"column":51},"end":{"line":18,"column":1}},"4":{"start":{"line":13,"column":4},"end":{"line":17,"column":6}},"5":{"start":{"line":12,"column":13},"end":{"line":12,"column":51}},"6":{"start":{"line":20,"column":19},"end":{"line":30,"column":2}},"7":{"start":{"line":32,"column":13},"end":{"line":35,"column":2}}},"fnMap":{"0":{"name":"(anonymous_1)","decl":{"start":{"line":12,"column":51},"end":{"line":12,"column":52}},"loc":{"start":{"line":12,"column":65},"end":{"line":18,"column":1}}}},"branchMap":{},"s":{"0":5,"1":5,"2":5,"3":5,"4":4,"5":5,"6":5,"7":5},"f":{"0":4},"b":{}}
,"/Users/szabokinga/crypto/src/components/UserRequiredContent.tsx": {"path":"/Users/szabokinga/crypto/src/components/UserRequiredContent.tsx","statementMap":{"0":{"start":{"line":1,"column":0},"end":{"line":1,"column":26}},"1":{"start":{"line":2,"column":0},"end":{"line":2,"column":54}},"2":{"start":{"line":3,"column":0},"end":{"line":3,"column":46}},"3":{"start":{"line":4,"column":0},"end":{"line":4,"column":39}},"4":{"start":{"line":9,"column":35},"end":{"line":16,"column":1}},"5":{"start":{"line":10,"column":4},"end":{"line":15,"column":6}},"6":{"start":{"line":9,"column":13},"end":{"line":9,"column":35}},"7":{"start":{"line":18,"column":18},"end":{"line":22,"column":2}},"8":{"start":{"line":24,"column":13},"end":{"line":28,"column":2}}},"fnMap":{"0":{"name":"(anonymous_1)","decl":{"start":{"line":9,"column":35},"end":{"line":9,"column":38}},"loc":{"start":{"line":9,"column":40},"end":{"line":16,"column":1}}}},"branchMap":{},"s":{"0":4,"1":4,"2":4,"3":4,"4":4,"5":5,"6":4,"7":4,"8":4},"f":{"0":5},"b":{}}
,"/Users/szabokinga/crypto/src/constants/Tabs.ts": {"path":"/Users/szabokinga/crypto/src/constants/Tabs.ts","statementMap":{"0":{"start":{"line":4,"column":0},"end":{"line":4,"column":null}},"1":{"start":{"line":5,"column":4},"end":{"line":5,"column":null}},"2":{"start":{"line":6,"column":4},"end":{"line":6,"column":null}},"3":{"start":{"line":7,"column":4},"end":{"line":7,"column":null}},"4":{"start":{"line":8,"column":4},"end":{"line":8,"column":null}}},"fnMap":{"0":{"name":"(anonymous_0)","decl":{"start":{"line":4,"column":0},"end":{"line":4,"column":12}},"loc":{"start":{"line":4,"column":16},"end":{"line":9,"column":1}}}},"branchMap":{"0":{"loc":{"start":{"line":4,"column":12},"end":{"line":4,"column":null}},"type":"binary-expr","locations":[{"start":{"line":4,"column":12},"end":{"line":4,"column":16}},{"start":{"line":4,"column":12},"end":{"line":4,"column":null}}]}},"s":{"0":5,"1":5,"2":5,"3":5,"4":5},"f":{"0":5},"b":{"0":[5,5]}}
,"/Users/szabokinga/crypto/src/constants/authError.ts": {"path":"/Users/szabokinga/crypto/src/constants/authError.ts","statementMap":{"0":{"start":{"line":4,"column":0},"end":{"line":4,"column":null}},"1":{"start":{"line":5,"column":4},"end":{"line":5,"column":null}},"2":{"start":{"line":6,"column":4},"end":{"line":6,"column":null}},"3":{"start":{"line":7,"column":4},"end":{"line":7,"column":null}}},"fnMap":{"0":{"name":"(anonymous_0)","decl":{"start":{"line":4,"column":0},"end":{"line":4,"column":12}},"loc":{"start":{"line":4,"column":21},"end":{"line":8,"column":1}}}},"branchMap":{"0":{"loc":{"start":{"line":4,"column":12},"end":{"line":4,"column":null}},"type":"binary-expr","locations":[{"start":{"line":4,"column":12},"end":{"line":4,"column":21}},{"start":{"line":4,"column":12},"end":{"line":4,"column":null}}]}},"s":{"0":2,"1":2,"2":2,"3":2},"f":{"0":2},"b":{"0":[2,2]}}
,"/Users/szabokinga/crypto/src/constants/currency.ts": {"path":"/Users/szabokinga/crypto/src/constants/currency.ts","statementMap":{"0":{"start":{"line":4,"column":0},"end":{"line":4,"column":null}},"1":{"start":{"line":5,"column":4},"end":{"line":5,"column":null}},"2":{"start":{"line":6,"column":4},"end":{"line":6,"column":null}},"3":{"start":{"line":7,"column":4},"end":{"line":7,"column":null}}},"fnMap":{"0":{"name":"(anonymous_0)","decl":{"start":{"line":4,"column":0},"end":{"line":4,"column":12}},"loc":{"start":{"line":4,"column":20},"end":{"line":8,"column":1}}}},"branchMap":{"0":{"loc":{"start":{"line":4,"column":12},"end":{"line":4,"column":null}},"type":"binary-expr","locations":[{"start":{"line":4,"column":12},"end":{"line":4,"column":20}},{"start":{"line":4,"column":12},"end":{"line":4,"column":null}}]}},"s":{"0":2,"1":2,"2":2,"3":2},"f":{"0":2},"b":{"0":[2,2]}}
,"/Users/szabokinga/crypto/src/constants/server.ts": {"path":"/Users/szabokinga/crypto/src/constants/server.ts","statementMap":{"0":{"start":{"line":4,"column":13},"end":{"line":4,"column":60}},"1":{"start":{"line":10,"column":13},"end":{"line":10,"column":103}}},"fnMap":{},"branchMap":{},"s":{"0":8,"1":8},"f":{},"b":{}}
,"/Users/szabokinga/crypto/src/navigation/BottomNavigator.tsx": {"path":"/Users/szabokinga/crypto/src/navigation/BottomNavigator.tsx","statementMap":{"0":{"start":{"line":1,"column":0},"end":{"line":1,"column":41}},"1":{"start":{"line":2,"column":0},"end":{"line":2,"column":42}},"2":{"start":{"line":3,"column":0},"end":{"line":3,"column":90}},"3":{"start":{"line":4,"column":0},"end":{"line":4,"column":63}},"4":{"start":{"line":5,"column":0},"end":{"line":5,"column":56}},"5":{"start":{"line":6,"column":0},"end":{"line":6,"column":66}},"6":{"start":{"line":7,"column":0},"end":{"line":7,"column":54}},"7":{"start":{"line":9,"column":0},"end":{"line":9,"column":39}},"8":{"start":{"line":11,"column":0},"end":{"line":11,"column":55}},"9":{"start":{"line":12,"column":0},"end":{"line":12,"column":60}},"10":{"start":{"line":13,"column":0},"end":{"line":13,"column":53}},"11":{"start":{"line":14,"column":0},"end":{"line":14,"column":55}},"12":{"start":{"line":16,"column":0},"end":{"line":16,"column":39}},"13":{"start":{"line":18,"column":0},"end":{"line":18,"column":45}},"14":{"start":{"line":23,"column":31},"end":{"line":81,"column":1}},"15":{"start":{"line":24,"column":17},"end":{"line":24,"column":76}},"16":{"start":{"line":24,"column":51},"end":{"line":24,"column":61}},"17":{"start":{"line":25,"column":18},"end":{"line":25,"column":78}},"18":{"start":{"line":25,"column":52},"end":{"line":25,"column":63}},"19":{"start":{"line":27,"column":18},"end":{"line":29,"column":5}},"20":{"start":{"line":28,"column":8},"end":{"line":28,"column":24}},"21":{"start":{"line":31,"column":4},"end":{"line":33,"column":22}},"22":{"start":{"line":32,"column":8},"end":{"line":32,"column":57}},"23":{"start":{"line":32,"column":32},"end":{"line":32,"column":57}},"24":{"start":{"line":35,"column":4},"end":{"line":37,"column":26}},"25":{"start":{"line":36,"column":8},"end":{"line":36,"column":16}},"26":{"start":{"line":39,"column":16},"end":{"line":39,"column":50}},"27":{"start":{"line":41,"column":4},"end":{"line":80,"column":6}},"28":{"start":{"line":50,"column":55},"end":{"line":50,"column":101}},"29":{"start":{"line":58,"column":55},"end":{"line":58,"column":101}},"30":{"start":{"line":66,"column":55},"end":{"line":66,"column":99}},"31":{"start":{"line":74,"column":55},"end":{"line":74,"column":103}},"32":{"start":{"line":23,"column":13},"end":{"line":23,"column":31}},"33":{"start":{"line":83,"column":15},"end":{"line":96,"column":2}}},"fnMap":{"0":{"name":"(anonymous_7)","decl":{"start":{"line":23,"column":31},"end":{"line":23,"column":34}},"loc":{"start":{"line":23,"column":36},"end":{"line":81,"column":1}}},"1":{"name":"(anonymous_8)","decl":{"start":{"line":24,"column":29},"end":{"line":24,"column":30}},"loc":{"start":{"line":24,"column":51},"end":{"line":24,"column":61}}},"2":{"name":"(anonymous_9)","decl":{"start":{"line":25,"column":30},"end":{"line":25,"column":31}},"loc":{"start":{"line":25,"column":52},"end":{"line":25,"column":63}}},"3":{"name":"(anonymous_10)","decl":{"start":{"line":27,"column":18},"end":{"line":27,"column":23}},"loc":{"start":{"line":27,"column":29},"end":{"line":29,"column":5}}},"4":{"name":"(anonymous_11)","decl":{"start":{"line":31,"column":14},"end":{"line":31,"column":17}},"loc":{"start":{"line":31,"column":19},"end":{"line":33,"column":5}}},"5":{"name":"(anonymous_12)","decl":{"start":{"line":35,"column":14},"end":{"line":35,"column":17}},"loc":{"start":{"line":35,"column":19},"end":{"line":37,"column":5}}},"6":{"name":"(anonymous_13)","decl":{"start":{"line":50,"column":40},"end":{"line":50,"column":41}},"loc":{"start":{"line":50,"column":55},"end":{"line":50,"column":101}}},"7":{"name":"(anonymous_14)","decl":{"start":{"line":58,"column":40},"end":{"line":58,"column":41}},"loc":{"start":{"line":58,"column":55},"end":{"line":58,"column":101}}},"8":{"name":"(anonymous_15)","decl":{"start":{"line":66,"column":40},"end":{"line":66,"column":41}},"loc":{"start":{"line":66,"column":55},"end":{"line":66,"column":99}}},"9":{"name":"(anonymous_16)","decl":{"start":{"line":74,"column":40},"end":{"line":74,"column":41}},"loc":{"start":{"line":74,"column":55},"end":{"line":74,"column":103}}}},"branchMap":{"0":{"loc":{"start":{"line":32,"column":8},"end":{"line":32,"column":57}},"type":"if","locations":[{"start":{"line":32,"column":8},"end":{"line":32,"column":57}}]}},"s":{"0":1,"1":1,"2":1,"3":1,"4":1,"5":1,"6":1,"7":1,"8":1,"9":1,"10":1,"11":1,"12":1,"13":1,"14":1,"15":1,"16":2,"17":1,"18":2,"19":1,"20":1,"21":1,"22":1,"23":0,"24":1,"25":1,"26":1,"27":1,"28":0,"29":0,"30":0,"31":0,"32":1,"33":1},"f":{"0":1,"1":2,"2":2,"3":1,"4":1,"5":1,"6":0,"7":0,"8":0,"9":0},"b":{"0":[0]}}
,"/Users/szabokinga/crypto/src/screens/AccountScreen.tsx": {"path":"/Users/szabokinga/crypto/src/screens/AccountScreen.tsx","statementMap":{"0":{"start":{"line":1,"column":0},"end":{"line":1,"column":26}},"1":{"start":{"line":2,"column":0},"end":{"line":2,"column":56}},"2":{"start":{"line":4,"column":0},"end":{"line":4,"column":39}},"3":{"start":{"line":5,"column":0},"end":{"line":5,"column":64}},"4":{"start":{"line":6,"column":0},"end":{"line":6,"column":67}},"5":{"start":{"line":7,"column":0},"end":{"line":7,"column":73}},"6":{"start":{"line":9,"column":29},"end":{"line":18,"column":1}},"7":{"start":{"line":10,"column":17},"end":{"line":10,"column":76}},"8":{"start":{"line":10,"column":51},"end":{"line":10,"column":61}},"9":{"start":{"line":12,"column":4},"end":{"line":17,"column":6}},"10":{"start":{"line":9,"column":13},"end":{"line":9,"column":29}}},"fnMap":{"0":{"name":"(anonymous_1)","decl":{"start":{"line":9,"column":29},"end":{"line":9,"column":32}},"loc":{"start":{"line":9,"column":34},"end":{"line":18,"column":1}}},"1":{"name":"(anonymous_2)","decl":{"start":{"line":10,"column":29},"end":{"line":10,"column":30}},"loc":{"start":{"line":10,"column":51},"end":{"line":10,"column":61}}}},"branchMap":{"0":{"loc":{"start":{"line":14,"column":13},"end":{"line":14,"column":52}},"type":"binary-expr","locations":[{"start":{"line":14,"column":13},"end":{"line":14,"column":29}},{"start":{"line":14,"column":33},"end":{"line":14,"column":52}}]},"1":{"loc":{"start":{"line":15,"column":13},"end":{"line":15,"column":48}},"type":"binary-expr","locations":[{"start":{"line":15,"column":13},"end":{"line":15,"column":28}},{"start":{"line":15,"column":32},"end":{"line":15,"column":48}}]}},"s":{"0":2,"1":2,"2":2,"3":2,"4":2,"5":2,"6":2,"7":2,"8":1,"9":1,"10":2},"f":{"0":2,"1":1},"b":{"0":[1,1],"1":[1,0]}}
,"/Users/szabokinga/crypto/src/screens/FavouritesScreen.tsx": {"path":"/Users/szabokinga/crypto/src/screens/FavouritesScreen.tsx","statementMap":{"0":{"start":{"line":1,"column":0},"end":{"line":1,"column":26}},"1":{"start":{"line":2,"column":0},"end":{"line":2,"column":56}},"2":{"start":{"line":4,"column":0},"end":{"line":4,"column":39}},"3":{"start":{"line":5,"column":0},"end":{"line":5,"column":64}},"4":{"start":{"line":6,"column":0},"end":{"line":6,"column":76}},"5":{"start":{"line":7,"column":0},"end":{"line":7,"column":70}},"6":{"start":{"line":9,"column":31},"end":{"line":18,"column":1}},"7":{"start":{"line":10,"column":17},"end":{"line":10,"column":76}},"8":{"start":{"line":10,"column":51},"end":{"line":10,"column":61}},"9":{"start":{"line":12,"column":4},"end":{"line":17,"column":6}},"10":{"start":{"line":9,"column":13},"end":{"line":9,"column":31}}},"fnMap":{"0":{"name":"(anonymous_1)","decl":{"start":{"line":9,"column":31},"end":{"line":9,"column":34}},"loc":{"start":{"line":9,"column":36},"end":{"line":18,"column":1}}},"1":{"name":"(anonymous_2)","decl":{"start":{"line":10,"column":29},"end":{"line":10,"column":30}},"loc":{"start":{"line":10,"column":51},"end":{"line":10,"column":61}}}},"branchMap":{"0":{"loc":{"start":{"line":14,"column":13},"end":{"line":14,"column":52}},"type":"binary-expr","locations":[{"start":{"line":14,"column":13},"end":{"line":14,"column":29}},{"start":{"line":14,"column":33},"end":{"line":14,"column":52}}]},"1":{"loc":{"start":{"line":15,"column":13},"end":{"line":15,"column":48}},"type":"binary-expr","locations":[{"start":{"line":15,"column":13},"end":{"line":15,"column":28}},{"start":{"line":15,"column":32},"end":{"line":15,"column":48}}]}},"s":{"0":2,"1":2,"2":2,"3":2,"4":2,"5":2,"6":2,"7":1,"8":1,"9":1,"10":2},"f":{"0":1,"1":1},"b":{"0":[1,1],"1":[1,0]}}
,"/Users/szabokinga/crypto/src/screens/MarketScreen.tsx": {"path":"/Users/szabokinga/crypto/src/screens/MarketScreen.tsx","statementMap":{"0":{"start":{"line":1,"column":0},"end":{"line":1,"column":59}},"1":{"start":{"line":2,"column":0},"end":{"line":2,"column":59}},"2":{"start":{"line":4,"column":0},"end":{"line":4,"column":56}},"3":{"start":{"line":6,"column":0},"end":{"line":6,"column":72}},"4":{"start":{"line":8,"column":0},"end":{"line":8,"column":39}},"5":{"start":{"line":9,"column":0},"end":{"line":9,"column":52}},"6":{"start":{"line":10,"column":0},"end":{"line":10,"column":64}},"7":{"start":{"line":11,"column":0},"end":{"line":11,"column":66}},"8":{"start":{"line":12,"column":0},"end":{"line":12,"column":50}},"9":{"start":{"line":13,"column":0},"end":{"line":13,"column":60}},"10":{"start":{"line":15,"column":28},"end":{"line":97,"column":1}},"11":{"start":{"line":16,"column":19},"end":{"line":16,"column":80}},"12":{"start":{"line":16,"column":53},"end":{"line":16,"column":65}},"13":{"start":{"line":17,"column":17},"end":{"line":17,"column":76}},"14":{"start":{"line":17,"column":51},"end":{"line":17,"column":61}},"15":{"start":{"line":19,"column":52},"end":{"line":19,"column":85}},"16":{"start":{"line":20,"column":34},"end":{"line":20,"column":49}},"17":{"start":{"line":21,"column":28},"end":{"line":21,"column":56}},"18":{"start":{"line":22,"column":28},"end":{"line":22,"column":40}},"19":{"start":{"line":24,"column":23},"end":{"line":24,"column":66}},"20":{"start":{"line":26,"column":28},"end":{"line":33,"column":5}},"21":{"start":{"line":27,"column":8},"end":{"line":30,"column":37}},"22":{"start":{"line":28,"column":12},"end":{"line":28,"column":41}},"23":{"start":{"line":29,"column":12},"end":{"line":29,"column":41}},"24":{"start":{"line":30,"column":15},"end":{"line":30,"column":37}},"25":{"start":{"line":32,"column":8},"end":{"line":32,"column":26}},"26":{"start":{"line":35,"column":22},"end":{"line":38,"column":5}},"27":{"start":{"line":36,"column":8},"end":{"line":36,"column":34}},"28":{"start":{"line":37,"column":8},"end":{"line":37,"column":35}},"29":{"start":{"line":40,"column":22},"end":{"line":43,"column":5}},"30":{"start":{"line":41,"column":8},"end":{"line":41,"column":25}},"31":{"start":{"line":42,"column":8},"end":{"line":42,"column":32}},"32":{"start":{"line":45,"column":4},"end":{"line":47,"column":29}},"33":{"start":{"line":46,"column":8},"end":{"line":46,"column":36}},"34":{"start":{"line":49,"column":23},"end":{"line":60,"column":5}},"35":{"start":{"line":50,"column":28},"end":{"line":56,"column":32}},"36":{"start":{"line":52,"column":35},"end":{"line":52,"column":58}},"37":{"start":{"line":53,"column":35},"end":{"line":53,"column":53}},"38":{"start":{"line":54,"column":18},"end":{"line":54,"column":57}},"39":{"start":{"line":58,"column":8},"end":{"line":58,"column":29}},"40":{"start":{"line":59,"column":8},"end":{"line":59,"column":22}},"41":{"start":{"line":62,"column":4},"end":{"line":96,"column":6}},"42":{"start":{"line":68,"column":55},"end":{"line":68,"column":71}},"43":{"start":{"line":70,"column":48},"end":{"line":70,"column":55}},"44":{"start":{"line":72,"column":41},"end":{"line":72,"column":52}},"45":{"start":{"line":75,"column":57},"end":{"line":75,"column":98}},"46":{"start":{"line":77,"column":28},"end":{"line":85,"column":null}},"47":{"start":{"line":80,"column":47},"end":{"line":80,"column":62}},"48":{"start":{"line":93,"column":47},"end":{"line":93,"column":64}},"49":{"start":{"line":15,"column":13},"end":{"line":15,"column":28}}},"fnMap":{"0":{"name":"(anonymous_6)","decl":{"start":{"line":15,"column":28},"end":{"line":15,"column":31}},"loc":{"start":{"line":15,"column":33},"end":{"line":97,"column":1}}},"1":{"name":"(anonymous_7)","decl":{"start":{"line":16,"column":31},"end":{"line":16,"column":32}},"loc":{"start":{"line":16,"column":53},"end":{"line":16,"column":65}}},"2":{"name":"(anonymous_8)","decl":{"start":{"line":17,"column":29},"end":{"line":17,"column":30}},"loc":{"start":{"line":17,"column":51},"end":{"line":17,"column":61}}},"3":{"name":"(anonymous_9)","decl":{"start":{"line":26,"column":28},"end":{"line":26,"column":33}},"loc":{"start":{"line":26,"column":39},"end":{"line":33,"column":5}}},"4":{"name":"(anonymous_10)","decl":{"start":{"line":35,"column":22},"end":{"line":35,"column":23}},"loc":{"start":{"line":35,"column":43},"end":{"line":38,"column":5}}},"5":{"name":"(anonymous_11)","decl":{"start":{"line":40,"column":22},"end":{"line":40,"column":27}},"loc":{"start":{"line":40,"column":33},"end":{"line":43,"column":5}}},"6":{"name":"(anonymous_12)","decl":{"start":{"line":45,"column":14},"end":{"line":45,"column":17}},"loc":{"start":{"line":45,"column":19},"end":{"line":47,"column":5}}},"7":{"name":"(anonymous_13)","decl":{"start":{"line":49,"column":23},"end":{"line":49,"column":24}},"loc":{"start":{"line":49,"column":40},"end":{"line":60,"column":5}}},"8":{"name":"(anonymous_14)","decl":{"start":{"line":51,"column":26},"end":{"line":51,"column":27}},"loc":{"start":{"line":51,"column":47},"end":{"line":55,"column":15}}},"9":{"name":"(anonymous_15)","decl":{"start":{"line":68,"column":45},"end":{"line":68,"column":46}},"loc":{"start":{"line":68,"column":55},"end":{"line":68,"column":71}}},"10":{"name":"(anonymous_16)","decl":{"start":{"line":70,"column":38},"end":{"line":70,"column":39}},"loc":{"start":{"line":70,"column":48},"end":{"line":70,"column":55}}},"11":{"name":"(anonymous_17)","decl":{"start":{"line":72,"column":35},"end":{"line":72,"column":38}},"loc":{"start":{"line":72,"column":41},"end":{"line":72,"column":52}}},"12":{"name":"(anonymous_18)","decl":{"start":{"line":75,"column":39},"end":{"line":75,"column":40}},"loc":{"start":{"line":75,"column":57},"end":{"line":75,"column":98}}},"13":{"name":"(anonymous_19)","decl":{"start":{"line":76,"column":36},"end":{"line":76,"column":37}},"loc":{"start":{"line":77,"column":28},"end":{"line":85,"column":null}}},"14":{"name":"(anonymous_20)","decl":{"start":{"line":80,"column":41},"end":{"line":80,"column":44}},"loc":{"start":{"line":80,"column":47},"end":{"line":80,"column":62}}},"15":{"name":"(anonymous_21)","decl":{"start":{"line":93,"column":41},"end":{"line":93,"column":44}},"loc":{"start":{"line":93,"column":47},"end":{"line":93,"column":64}}}},"branchMap":{"0":{"loc":{"start":{"line":27,"column":8},"end":{"line":30,"column":37}},"type":"if","locations":[{"start":{"line":27,"column":8},"end":{"line":30,"column":37}},{"start":{"line":30,"column":15},"end":{"line":30,"column":37}}]},"1":{"loc":{"start":{"line":50,"column":28},"end":{"line":56,"column":32}},"type":"cond-expr","locations":[{"start":{"line":51,"column":14},"end":{"line":55,"column":16}},{"start":{"line":56,"column":14},"end":{"line":56,"column":32}}]},"2":{"loc":{"start":{"line":64,"column":13},"end":{"line":64,"column":95}},"type":"binary-expr","locations":[{"start":{"line":64,"column":13},"end":{"line":64,"column":20}},{"start":{"line":64,"column":24},"end":{"line":64,"column":95}}]},"3":{"loc":{"start":{"line":66,"column":13},"end":{"line":93,"column":null}},"type":"cond-expr","locations":[{"start":{"line":67,"column":16},"end":{"line":90,"column":null}},{"start":{"line":93,"column":16},"end":{"line":93,"column":68}}]}},"s":{"0":2,"1":2,"2":2,"3":2,"4":2,"5":2,"6":2,"7":2,"8":2,"9":2,"10":2,"11":1,"12":1,"13":1,"14":1,"15":1,"16":1,"17":1,"18":1,"19":1,"20":1,"21":0,"22":0,"23":0,"24":0,"25":0,"26":1,"27":0,"28":0,"29":1,"30":0,"31":0,"32":1,"33":0,"34":1,"35":0,"36":0,"37":0,"38":0,"39":0,"40":0,"41":1,"42":0,"43":0,"44":0,"45":0,"46":0,"47":0,"48":0,"49":2},"f":{"0":1,"1":1,"2":1,"3":0,"4":0,"5":0,"6":0,"7":0,"8":0,"9":0,"10":0,"11":0,"12":0,"13":0,"14":0,"15":0},"b":{"0":[0,0],"1":[0,0],"2":[1,0],"3":[1,0]}}
,"/Users/szabokinga/crypto/src/screens/MyCoinsScreen.tsx": {"path":"/Users/szabokinga/crypto/src/screens/MyCoinsScreen.tsx","statementMap":{"0":{"start":{"line":1,"column":0},"end":{"line":1,"column":26}},"1":{"start":{"line":2,"column":0},"end":{"line":2,"column":39}},"2":{"start":{"line":3,"column":0},"end":{"line":3,"column":64}},"3":{"start":{"line":4,"column":0},"end":{"line":4,"column":67}},"4":{"start":{"line":5,"column":0},"end":{"line":5,"column":73}},"5":{"start":{"line":6,"column":0},"end":{"line":6,"column":56}},"6":{"start":{"line":9,"column":29},"end":{"line":17,"column":1}},"7":{"start":{"line":10,"column":17},"end":{"line":10,"column":76}},"8":{"start":{"line":10,"column":51},"end":{"line":10,"column":61}},"9":{"start":{"line":11,"column":4},"end":{"line":16,"column":6}},"10":{"start":{"line":9,"column":13},"end":{"line":9,"column":29}}},"fnMap":{"0":{"name":"(anonymous_1)","decl":{"start":{"line":9,"column":29},"end":{"line":9,"column":32}},"loc":{"start":{"line":9,"column":34},"end":{"line":17,"column":1}}},"1":{"name":"(anonymous_2)","decl":{"start":{"line":10,"column":29},"end":{"line":10,"column":30}},"loc":{"start":{"line":10,"column":51},"end":{"line":10,"column":61}}}},"branchMap":{"0":{"loc":{"start":{"line":13,"column":13},"end":{"line":13,"column":52}},"type":"binary-expr","locations":[{"start":{"line":13,"column":13},"end":{"line":13,"column":29}},{"start":{"line":13,"column":33},"end":{"line":13,"column":52}}]},"1":{"loc":{"start":{"line":14,"column":13},"end":{"line":14,"column":48}},"type":"binary-expr","locations":[{"start":{"line":14,"column":13},"end":{"line":14,"column":28}},{"start":{"line":14,"column":32},"end":{"line":14,"column":48}}]}},"s":{"0":2,"1":2,"2":2,"3":2,"4":2,"5":2,"6":2,"7":1,"8":1,"9":1,"10":2},"f":{"0":1,"1":1},"b":{"0":[1,1],"1":[1,0]}}
,"/Users/szabokinga/crypto/src/screens/AccountScreen/UserLoggedIn.tsx": {"path":"/Users/szabokinga/crypto/src/screens/AccountScreen/UserLoggedIn.tsx","statementMap":{"0":{"start":{"line":1,"column":0},"end":{"line":1,"column":40}},"1":{"start":{"line":2,"column":0},"end":{"line":2,"column":58}},"2":{"start":{"line":3,"column":0},"end":{"line":3,"column":61}},"3":{"start":{"line":8,"column":28},"end":{"line":20,"column":1}},"4":{"start":{"line":9,"column":42},"end":{"line":9,"column":57}},"5":{"start":{"line":10,"column":42},"end":{"line":10,"column":57}},"6":{"start":{"line":12,"column":4},"end":{"line":19,"column":6}},"7":{"start":{"line":14,"column":49},"end":{"line":14,"column":69}},"8":{"start":{"line":15,"column":49},"end":{"line":15,"column":69}},"9":{"start":{"line":8,"column":13},"end":{"line":8,"column":28}}},"fnMap":{"0":{"name":"(anonymous_6)","decl":{"start":{"line":8,"column":28},"end":{"line":8,"column":31}},"loc":{"start":{"line":8,"column":33},"end":{"line":20,"column":1}}},"1":{"name":"(anonymous_7)","decl":{"start":{"line":14,"column":43},"end":{"line":14,"column":46}},"loc":{"start":{"line":14,"column":49},"end":{"line":14,"column":69}}},"2":{"name":"(anonymous_8)","decl":{"start":{"line":15,"column":43},"end":{"line":15,"column":46}},"loc":{"start":{"line":15,"column":49},"end":{"line":15,"column":69}}}},"branchMap":{},"s":{"0":2,"1":2,"2":2,"3":2,"4":1,"5":1,"6":1,"7":0,"8":0,"9":2},"f":{"0":1,"1":0,"2":0},"b":{}}
,"/Users/szabokinga/crypto/src/screens/AccountScreen/UserNotLoggedIn.tsx": {"path":"/Users/szabokinga/crypto/src/screens/AccountScreen/UserNotLoggedIn.tsx","statementMap":{"0":{"start":{"line":1,"column":0},"end":{"line":1,"column":48}},"1":{"start":{"line":2,"column":0},"end":{"line":2,"column":52}},"2":{"start":{"line":3,"column":0},"end":{"line":3,"column":68}},"3":{"start":{"line":4,"column":0},"end":{"line":4,"column":58}},"4":{"start":{"line":5,"column":0},"end":{"line":5,"column":51}},"5":{"start":{"line":6,"column":0},"end":{"line":6,"column":49}},"6":{"start":{"line":7,"column":0},"end":{"line":7,"column":73}},"7":{"start":{"line":8,"column":0},"end":{"line":8,"column":50}},"8":{"start":{"line":9,"column":0},"end":{"line":9,"column":58}},"9":{"start":{"line":10,"column":0},"end":{"line":10,"column":63}},"10":{"start":{"line":15,"column":31},"end":{"line":98,"column":1}},"11":{"start":{"line":16,"column":19},"end":{"line":16,"column":62}},"12":{"start":{"line":17,"column":18},"end":{"line":17,"column":61}},"13":{"start":{"line":19,"column":30},"end":{"line":19,"column":42}},"14":{"start":{"line":20,"column":36},"end":{"line":20,"column":48}},"15":{"start":{"line":21,"column":44},"end":{"line":21,"column":56}},"16":{"start":{"line":22,"column":42},"end":{"line":22,"column":54}},"17":{"start":{"line":24,"column":24},"end":{"line":29,"column":5}},"18":{"start":{"line":25,"column":8},"end":{"line":25,"column":21}},"19":{"start":{"line":26,"column":8},"end":{"line":26,"column":24}},"20":{"start":{"line":27,"column":8},"end":{"line":27,"column":28}},"21":{"start":{"line":28,"column":8},"end":{"line":28,"column":27}},"22":{"start":{"line":31,"column":20},"end":{"line":41,"column":5}},"23":{"start":{"line":32,"column":8},"end":{"line":40,"column":null}},"24":{"start":{"line":33,"column":12},"end":{"line":33,"column":54}},"25":{"start":{"line":34,"column":15},"end":{"line":40,"column":null}},"26":{"start":{"line":35,"column":12},"end":{"line":35,"column":51}},"27":{"start":{"line":37,"column":24},"end":{"line":37,"column":46}},"28":{"start":{"line":38,"column":12},"end":{"line":39,"column":30}},"29":{"start":{"line":38,"column":21},"end":{"line":38,"column":52}},"30":{"start":{"line":39,"column":17},"end":{"line":39,"column":30}},"31":{"start":{"line":43,"column":21},"end":{"line":56,"column":5}},"32":{"start":{"line":44,"column":8},"end":{"line":55,"column":null}},"33":{"start":{"line":45,"column":12},"end":{"line":45,"column":53}},"34":{"start":{"line":46,"column":15},"end":{"line":55,"column":null}},"35":{"start":{"line":47,"column":12},"end":{"line":47,"column":54}},"36":{"start":{"line":48,"column":15},"end":{"line":55,"column":null}},"37":{"start":{"line":49,"column":12},"end":{"line":49,"column":51}},"38":{"start":{"line":51,"column":24},"end":{"line":51,"column":61}},"39":{"start":{"line":53,"column":12},"end":{"line":54,"column":30}},"40":{"start":{"line":53,"column":21},"end":{"line":53,"column":52}},"41":{"start":{"line":54,"column":17},"end":{"line":54,"column":30}},"42":{"start":{"line":58,"column":25},"end":{"line":60,"column":5}},"43":{"start":{"line":59,"column":8},"end":{"line":59,"column":30}},"44":{"start":{"line":62,"column":26},"end":{"line":64,"column":5}},"45":{"start":{"line":63,"column":8},"end":{"line":63,"column":31}},"46":{"start":{"line":66,"column":23},"end":{"line":70,"column":5}},"47":{"start":{"line":67,"column":8},"end":{"line":67,"column":31}},"48":{"start":{"line":68,"column":8},"end":{"line":68,"column":32}},"49":{"start":{"line":69,"column":8},"end":{"line":69,"column":22}},"50":{"start":{"line":72,"column":4},"end":{"line":97,"column":6}},"51":{"start":{"line":74,"column":49},"end":{"line":74,"column":63}},"52":{"start":{"line":75,"column":53},"end":{"line":75,"column":67}},"53":{"start":{"line":76,"column":54},"end":{"line":76,"column":69}},"54":{"start":{"line":77,"column":73},"end":{"line":77,"column":86}},"55":{"start":{"line":81,"column":48},"end":{"line":81,"column":58}},"56":{"start":{"line":83,"column":50},"end":{"line":83,"column":62}},"57":{"start":{"line":90,"column":72},"end":{"line":90,"column":85}},"58":{"start":{"line":91,"column":114},"end":{"line":91,"column":123}},"59":{"start":{"line":91,"column":184},"end":{"line":91,"column":196}},"60":{"start":{"line":15,"column":13},"end":{"line":15,"column":31}},"61":{"start":{"line":100,"column":19},"end":{"line":112,"column":2}}},"fnMap":{"0":{"name":"(anonymous_7)","decl":{"start":{"line":15,"column":31},"end":{"line":15,"column":34}},"loc":{"start":{"line":15,"column":36},"end":{"line":98,"column":1}}},"1":{"name":"(anonymous_8)","decl":{"start":{"line":24,"column":24},"end":{"line":24,"column":27}},"loc":{"start":{"line":24,"column":29},"end":{"line":29,"column":5}}},"2":{"name":"(anonymous_9)","decl":{"start":{"line":31,"column":20},"end":{"line":31,"column":23}},"loc":{"start":{"line":31,"column":25},"end":{"line":41,"column":5}}},"3":{"name":"(anonymous_10)","decl":{"start":{"line":43,"column":21},"end":{"line":43,"column":24}},"loc":{"start":{"line":43,"column":26},"end":{"line":56,"column":5}}},"4":{"name":"(anonymous_11)","decl":{"start":{"line":58,"column":25},"end":{"line":58,"column":28}},"loc":{"start":{"line":58,"column":30},"end":{"line":60,"column":5}}},"5":{"name":"(anonymous_12)","decl":{"start":{"line":62,"column":26},"end":{"line":62,"column":29}},"loc":{"start":{"line":62,"column":31},"end":{"line":64,"column":5}}},"6":{"name":"(anonymous_13)","decl":{"start":{"line":66,"column":23},"end":{"line":66,"column":26}},"loc":{"start":{"line":66,"column":28},"end":{"line":70,"column":5}}},"7":{"name":"(anonymous_14)","decl":{"start":{"line":74,"column":43},"end":{"line":74,"column":46}},"loc":{"start":{"line":74,"column":49},"end":{"line":74,"column":63}}},"8":{"name":"(anonymous_15)","decl":{"start":{"line":75,"column":47},"end":{"line":75,"column":50}},"loc":{"start":{"line":75,"column":53},"end":{"line":75,"column":67}}},"9":{"name":"(anonymous_16)","decl":{"start":{"line":76,"column":48},"end":{"line":76,"column":51}},"loc":{"start":{"line":76,"column":54},"end":{"line":76,"column":69}}},"10":{"name":"(anonymous_17)","decl":{"start":{"line":77,"column":67},"end":{"line":77,"column":70}},"loc":{"start":{"line":77,"column":73},"end":{"line":77,"column":86}}},"11":{"name":"(anonymous_18)","decl":{"start":{"line":81,"column":42},"end":{"line":81,"column":45}},"loc":{"start":{"line":81,"column":48},"end":{"line":81,"column":58}}},"12":{"name":"(anonymous_19)","decl":{"start":{"line":83,"column":44},"end":{"line":83,"column":47}},"loc":{"start":{"line":83,"column":50},"end":{"line":83,"column":62}}},"13":{"name":"(anonymous_20)","decl":{"start":{"line":90,"column":66},"end":{"line":90,"column":69}},"loc":{"start":{"line":90,"column":72},"end":{"line":90,"column":85}}},"14":{"name":"(anonymous_21)","decl":{"start":{"line":91,"column":108},"end":{"line":91,"column":111}},"loc":{"start":{"line":91,"column":114},"end":{"line":91,"column":123}}},"15":{"name":"(anonymous_22)","decl":{"start":{"line":91,"column":178},"end":{"line":91,"column":181}},"loc":{"start":{"line":91,"column":184},"end":{"line":91,"column":196}}}},"branchMap":{"0":{"loc":{"start":{"line":32,"column":8},"end":{"line":40,"column":null}},"type":"if","locations":[{"start":{"line":32,"column":8},"end":{"line":40,"column":null}},{"start":{"line":34,"column":15},"end":{"line":40,"column":null}}]},"1":{"loc":{"start":{"line":34,"column":15},"end":{"line":40,"column":null}},"type":"if","locations":[{"start":{"line":34,"column":15},"end":{"line":40,"column":null}},{"start":{"line":36,"column":15},"end":{"line":40,"column":null}}]},"2":{"loc":{"start":{"line":38,"column":12},"end":{"line":39,"column":30}},"type":"if","locations":[{"start":{"line":38,"column":12},"end":{"line":39,"column":30}},{"start":{"line":39,"column":17},"end":{"line":39,"column":30}}]},"3":{"loc":{"start":{"line":44,"column":8},"end":{"line":55,"column":null}},"type":"if","locations":[{"start":{"line":44,"column":8},"end":{"line":55,"column":null}},{"start":{"line":46,"column":15},"end":{"line":55,"column":null}}]},"4":{"loc":{"start":{"line":46,"column":15},"end":{"line":55,"column":null}},"type":"if","locations":[{"start":{"line":46,"column":15},"end":{"line":55,"column":null}},{"start":{"line":48,"column":15},"end":{"line":55,"column":null}}]},"5":{"loc":{"start":{"line":48,"column":15},"end":{"line":55,"column":null}},"type":"if","locations":[{"start":{"line":48,"column":15},"end":{"line":55,"column":null}},{"start":{"line":50,"column":15},"end":{"line":55,"column":null}}]},"6":{"loc":{"start":{"line":53,"column":12},"end":{"line":54,"column":30}},"type":"if","locations":[{"start":{"line":53,"column":12},"end":{"line":54,"column":30}},{"start":{"line":54,"column":17},"end":{"line":54,"column":30}}]},"7":{"loc":{"start":{"line":67,"column":8},"end":{"line":67,"column":30}},"type":"cond-expr","locations":[{"start":{"line":67,"column":21},"end":{"line":67,"column":23}},{"start":{"line":67,"column":21},"end":{"line":67,"column":30}}]},"8":{"loc":{"start":{"line":67,"column":8},"end":{"line":67,"column":23}},"type":"binary-expr","locations":[{"start":{"line":67,"column":8},"end":{"line":67,"column":23}},{"start":{"line":67,"column":21},"end":{"line":67,"column":23}}]},"9":{"loc":{"start":{"line":68,"column":8},"end":{"line":68,"column":31}},"type":"cond-expr","locations":[{"start":{"line":68,"column":22},"end":{"line":68,"column":24}},{"start":{"line":68,"column":22},"end":{"line":68,"column":31}}]},"10":{"loc":{"start":{"l
[...]
{"line":9,"column":39}},"6":{"start":{"line":11,"column":13},"end":{"line":11,"column":49}},"7":{"start":{"line":13,"column":13},"end":{"line":13,"column":35}},"8":{"start":{"line":15,"column":18},"end":{"line":22,"column":2}},"9":{"start":{"line":15,"column":103},"end":{"line":22,"column":2}},"10":{"start":{"line":24,"column":19},"end":{"line":26,"column":2}},"11":{"start":{"line":24,"column":26},"end":{"line":26,"column":2}},"12":{"start":{"line":28,"column":20},"end":{"line":31,"column":2}},"13":{"start":{"line":28,"column":52},"end":{"line":31,"column":2}},"14":{"start":{"line":33,"column":18},"end":{"line":36,"column":2}},"15":{"start":{"line":33,"column":43},"end":{"line":36,"column":2}},"16":{"start":{"line":38,"column":19},"end":{"line":41,"column":2}},"17":{"start":{"line":38,"column":43},"end":{"line":41,"column":2}},"18":{"start":{"line":43,"column":24},"end":{"line":46,"column":2}},"19":{"start":{"line":43,"column":53},"end":{"line":46,"column":2}},"20":{"start":{"line":48,"column":17},"end":{"line":51,"column":2}},"21":{"start":{"line":48,"column":37},"end":{"line":51,"column":2}},"22":{"start":{"line":53,"column":27},"end":{"line":60,"column":1}},"23":{"start":{"line":54,"column":4},"end":{"line":59,"column":null}},"24":{"start":{"line":55,"column":8},"end":{"line":55,"column":40}},"25":{"start":{"line":56,"column":8},"end":{"line":56,"column":73}},"26":{"start":{"line":58,"column":8},"end":{"line":58,"column":27}},"27":{"start":{"line":53,"column":13},"end":{"line":53,"column":27}},"28":{"start":{"line":62,"column":28},"end":{"line":71,"column":1}},"29":{"start":{"line":63,"column":4},"end":{"line":70,"column":null}},"30":{"start":{"line":64,"column":8},"end":{"line":64,"column":37}},"31":{"start":{"line":65,"column":8},"end":{"line":65,"column":40}},"32":{"start":{"line":66,"column":8},"end":{"line":66,"column":38}},"33":{"start":{"line":67,"column":8},"end":{"line":67,"column":44}},"34":{"start":{"line":69,"column":8},"end":{"line":69,"column":27}},"35":{"start":{"line":62,"column":13},"end":{"line":62,"column":28}},"36":{"start":{"line":73,"column":33},"end":{"line":79,"column":1}},"37":{"start":{"line":74,"column":4},"end":{"line":78,"column":null}},"38":{"start":{"line":75,"column":8},"end":{"line":75,"column":49}},"39":{"start":{"line":77,"column":8},"end":{"line":77,"column":27}},"40":{"start":{"line":73,"column":13},"end":{"line":73,"column":33}},"41":{"start":{"line":81,"column":31},"end":{"line":87,"column":1}},"42":{"start":{"line":82,"column":4},"end":{"line":86,"column":null}},"43":{"start":{"line":83,"column":8},"end":{"line":83,"column":40}},"44":{"start":{"line":85,"column":8},"end":{"line":85,"column":27}},"45":{"start":{"line":81,"column":13},"end":{"line":81,"column":31}},"46":{"start":{"line":89,"column":32},"end":{"line":95,"column":1}},"47":{"start":{"line":90,"column":4},"end":{"line":94,"column":null}},"48":{"start":{"line":91,"column":8},"end":{"line":91,"column":42}},"49":{"start":{"line":93,"column":8},"end":{"line":93,"column":27}},"50":{"start":{"line":89,"column":13},"end":{"line":89,"column":32}},"51":{"start":{"line":97,"column":37},"end":{"line":103,"column":1}},"52":{"start":{"line":98,"column":4},"end":{"line":102,"column":null}},"53":{"start":{"line":99,"column":8},"end":{"line":99,"column":52}},"54":{"start":{"line":101,"column":8},"end":{"line":101,"column":27}},"55":{"start":{"line":97,"column":13},"end":{"line":97,"column":37}},"56":{"start":{"line":105,"column":30},"end":{"line":111,"column":1}},"57":{"start":{"line":106,"column":4},"end":{"line":110,"column":null}},"58":{"start":{"line":107,"column":8},"end":{"line":107,"column":40}},"59":{"start":{"line":109,"column":8},"end":{"line":109,"column":27}},"60":{"start":{"line":105,"column":13},"end":{"line":105,"column":30}}},"fnMap":{"0":{"name":"(anonymous_0)","decl":{"start":{"line":15,"column":18},"end":{"line":15,"column":19}},"loc":{"start":{"line":15,"column":103},"end":{"line":22,"column":2}}},"1":{"name":"(anonymous_1)","decl":{"start":{"line":24,"column":19},"end":{"line":24,"column":22}},"loc":{"start":{"line":24,"column":26},"end":{"line":26,"column":2}}},"2":{"name":"(anonymous_2)","decl":{"start":{"line":28,"column":20},"end":{"line":28,"column":21}},"loc":{"start":{"line":28,"column":52},"end":{"line":31,"column":2}}},"3":{"name":"(anonymous_3)","decl":{"start":{"line":33,"column":18},"end":{"line":33,"column":19}},"loc":{"start":{"line":33,"column":43},"end":{"line":36,"column":2}}},"4":{"name":"(anonymous_4)","decl":{"start":{"line":38,"column":19},"end":{"line":38,"column":20}},"loc":{"start":{"line":38,"column":43},"end":{"line":41,"column":2}}},"5":{"name":"(anonymous_5)","decl":{"start":{"line":43,"column":24},"end":{"line":43,"column":25}},"loc":{"start":{"line":43,"column":53},"end":{"line":46,"column":2}}},"6":{"name":"(anonymous_6)","decl":{"start":{"line":48,"column":17},"end":{"line":48,"column":18}},"loc":{"start":{"line":48,"column":37},"end":{"line":51,"column":2}}},"7":{"name":"(anonymous_7)","decl":{"start":{"line":53,"column":27},"end":{"line":53,"column":28}},"loc":{"start":{"line":53,"column":111},"end":{"line":60,"column":1}}},"8":{"name":"(anonymous_8)","decl":{"start":{"line":62,"column":28},"end":{"line":62,"column":31}},"loc":{"start":{"line":62,"column":33},"end":{"line":71,"column":1}}},"9":{"name":"(anonymous_9)","decl":{"start":{"line":73,"column":33},"end":{"line":73,"column":34}},"loc":{"start":{"line":73,"column":63},"end":{"line":79,"column":1}}},"10":{"name":"(anonymous_10)","decl":{"start":{"line":81,"column":31},"end":{"line":81,"column":32}},"loc":{"start":{"line":81,"column":54},"end":{"line":87,"column":1}}},"11":{"name":"(anonymous_11)","decl":{"start":{"line":89,"column":32},"end":{"line":89,"column":33}},"loc":{"start":{"line":89,"column":54},"end":{"line":95,"column":1}}},"12":{"name":"(anonymous_12)","decl":{"start":{"line":97,"column":37},"end":{"line":97,"column":38}},"loc":{"start":{"line":97,"column":64},"end":{"line":103,"column":1}}},"13":{"name":"(anonymous_13)","decl":{"start":{"line":105,"column":30},"end":{"line":105,"column":31}},"loc":{"start":{"line":105,"column":48},"end":{"line":111,"column":1}}}},"branchMap":{},"s":{"0":8,"1":8,"2":8,"3":8,"4":8,"5":8,"6":8,"7":8,"8":8,"9":0,"10":8,"11":0,"12":8,"13":2,"14":8,"15":1,"16":8,"17":1,"18":8,"19":3,"20":8,"21":51,"22":8,"23":0,"24":0,"25":0,"26":0,"27":8,"28":8,"29":0,"30":0,"31":0,"32":0,"33":0,"34":0,"35":8,"36":8,"37":2,"38":2,"39":0,"40":8,"41":8,"42":1,"43":1,"44":0,"45":8,"46":8,"47":1,"48":1,"49":0,"50":8,"51":8,"52":3,"53":3,"54":0,"55":8,"56":8,"57":51,"58":51,"59":0,"60":8},"f":{"0":0,"1":0,"2":2,"3":1,"4":1,"5":3,"6":51,"7":0,"8":0,"9":2,"10":1,"11":1,"12":3,"13":51},"b":{}}
,"/Users/szabokinga/crypto/src/stores/reducer.ts": {"path":"/Users/szabokinga/crypto/src/stores/reducer.ts","statementMap":{"0":{"start":{"line":2,"column":0},"end":{"line":2,"column":111}},"1":{"start":{"line":5,"column":20},"end":{"line":12,"column":2}},"2":{"start":{"line":21,"column":22},"end":{"line":26,"column":2}},"3":{"start":{"line":32,"column":21},"end":{"line":34,"column":2}},"4":{"start":{"line":36,"column":27},"end":{"line":53,"column":1}},"5":{"start":{"line":37,"column":4},"end":{"line":52,"column":null}},"6":{"start":{"line":39,"column":12},"end":{"line":47,"column":14}},"7":{"start":{"line":49,"column":12},"end":{"line":49,"column":31}},"8":{"start":{"line":51,"column":12},"end":{"line":51,"column":25}},"9":{"start":{"line":36,"column":13},"end":{"line":36,"column":27}},"10":{"start":{"line":55,"column":29},"end":{"line":80,"column":1}},"11":{"start":{"line":56,"column":4},"end":{"line":79,"column":null}},"12":{"start":{"line":58,"column":12},"end":{"line":61,"column":14}},"13":{"start":{"line":63,"column":12},"end":{"line":66,"column":14}},"14":{"start":{"line":68,"column":12},"end":{"line":71,"column":14}},"15":{"start":{"line":73,"column":12},"end":{"line":76,"column":14}},"16":{"start":{"line":78,"column":12},"end":{"line":78,"column":25}},"17":{"start":{"line":55,"column":13},"end":{"line":55,"column":29}},"18":{"start":{"line":82,"column":28},"end":{"line":92,"column":1}},"19":{"start":{"line":83,"column":4},"end":{"line":91,"column":null}},"20":{"start":{"line":85,"column":12},"end":{"line":88,"column":14}},"21":{"start":{"line":90,"column":12},"end":{"line":90,"column":25}},"22":{"start":{"line":82,"column":13},"end":{"line":82,"column":28}}},"fnMap":{"0":{"name":"(anonymous_0)","decl":{"start":{"line":36,"column":27},"end":{"line":36,"column":28}},"loc":{"start":{"line":36,"column":70},"end":{"line":53,"column":1}}},"1":{"name":"(anonymous_1)","decl":{"start":{"line":55,"column":29},"end":{"line":55,"column":30}},"loc":{"start":{"line":55,"column":74},"end":{"line":80,"column":1}}},"2":{"name":"(anonymous_2)","decl":{"start":{"line":82,"column":28},"end":{"line":82,"column":29}},"loc":{"start":{"line":82,"column":72},"end":{"line":92,"column":1}}}},"branchMap":{"0":{"loc":{"start":{"line":36,"column":28},"end":{"line":36,"column":47}},"type":"default-arg","locations":[{"start":{"line":36,"column":36},"end":{"line":36,"column":47}}]},"1":{"loc":{"start":{"line":37,"column":4},"end":{"line":52,"column":null}},"type":"switch","locations":[{"start":{"line":38,"column":8},"end":{"line":47,"column":14}},{"start":{"line":48,"column":8},"end":{"line":49,"column":31}},{"start":{"line":50,"column":8},"end":{"line":51,"column":25}}]},"2":{"loc":{"start":{"line":55,"column":30},"end":{"line":55,"column":51}},"type":"default-arg","locations":[{"start":{"line":55,"column":38},"end":{"line":55,"column":51}}]},"3":{"loc":{"start":{"line":56,"column":4},"end":{"line":79,"column":null}},"type":"switch","locations":[{"start":{"line":57,"column":8},"end":{"line":61,"column":14}},{"start":{"line":62,"column":8},"end":{"line":66,"column":14}},{"start":{"line":67,"column":8},"end":{"line":71,"column":14}},{"start":{"line":72,"column":8},"end":{"line":76,"column":14}},{"start":{"line":77,"column":8},"end":{"line":78,"column":25}}]},"4":{"loc":{"start":{"line":82,"column":29},"end":{"line":82,"column":49}},"type":"default-arg","locations":[{"start":{"line":82,"column":37},"end":{"line":82,"column":49}}]},"5":{"loc":{"start":{"line":83,"column":4},"end":{"line":91,"column":null}},"type":"switch","locations":[{"start":{"line":84,"column":8},"end":{"line":88,"column":14}},{"start":{"line":89,"column":8},"end":{"line":90,"column":25}}]}},"s":{"0":8,"1":8,"2":8,"3":8,"4":8,"5":90,"6":0,"7":0,"8":90,"9":8,"10":8,"11":90,"12":2,"13":1,"14":1,"15":3,"16":83,"17":8,"18":8,"19":90,"20":51,"21":39,"22":8},"f":{"0":90,"1":90,"2":90},"b":{"0":[24],"1":[0,0,90],"2":[24],"3":[2,1,1,3,83],"4":[24],"5":[51,39]}}
,"/Users/szabokinga/crypto/src/stores/store.ts": {"path":"/Users/szabokinga/crypto/src/stores/store.ts","statementMap":{"0":{"start":{"line":1,"column":0},"end":{"line":1,"column":75}},"1":{"start":{"line":2,"column":0},"end":{"line":2,"column":53}},"2":{"start":{"line":3,"column":0},"end":{"line":3,"column":69}},"3":{"start":{"line":4,"column":0},"end":{"line":4,"column":47}},"4":{"start":{"line":5,"column":0},"end":{"line":5,"column":58}},"5":{"start":{"line":7,"column":20},"end":{"line":11,"column":2}},"6":{"start":{"line":13,"column":22},"end":{"line":17,"column":2}},"7":{"start":{"line":19,"column":25},"end":{"line":19,"column":67}},"8":{"start":{"line":23,"column":13},"end":{"line":23,"column":51}},"9":{"start":{"line":24,"column":13},"end":{"line":24,"column":45}}},"fnMap":{},"branchMap":{},"s":{"0":8,"1":8,"2":8,"3":8,"4":8,"5":8,"6":8,"7":8,"8":8,"9":8},"f":{},"b":{}}
,"/Users/szabokinga/crypto/src/theme/Colors.ts": {"path":"/Users/szabokinga/crypto/src/theme/Colors.ts","statementMap":{"0":{"start":{"line":1,"column":13},"end":{"line":11,"column":2}},"1":{"start":{"line":14,"column":12},"end":{"line":14,"column":14}},"2":{"start":{"line":15,"column":12},"end":{"line":15,"column":14}},"3":{"start":{"line":16,"column":12},"end":{"line":16,"column":14}},"4":{"start":{"line":18,"column":4},"end":{"line":26,"column":null}},"5":{"start":{"line":19,"column":8},"end":{"line":19,"column":31}},"6":{"start":{"line":20,"column":8},"end":{"line":20,"column":31}},"7":{"start":{"line":21,"column":8},"end":{"line":21,"column":31}},"8":{"start":{"line":22,"column":11},"end":{"line":26,"column":null}},"9":{"start":{"line":23,"column":8},"end":{"line":23,"column":31}},"10":{"start":{"line":24,"column":8},"end":{"line":24,"column":31}},"11":{"start":{"line":25,"column":8},"end":{"line":25,"column":31}},"12":{"start":{"line":28,"column":4},"end":{"line":28,"column":90}},"13":{"start":{"line":13,"column":0},"end":{"line":13,"column":16}}},"fnMap":{"0":{"name":"hexToRGBA","decl":{"start":{"line":13,"column":16},"end":{"line":13,"column":25}},"loc":{"start":{"line":13,"column":48},"end":{"line":29,"column":1}}}},"branchMap":{"0":{"loc":{"start":{"line":13,"column":37},"end":{"line":13,"column":48}},"type":"default-arg","locations":[{"start":{"line":13,"column":47},"end":{"line":13,"column":48}}]},"1":{"loc":{"start":{"line":18,"column":4},"end":{"line":26,"column":null}},"type":"if","locations":[{"start":{"line":18,"column":4},"end":{"line":26,"column":null}},{"start":{"line":22,"column":11},"end":{"line":26,"column":null}}]},"2":{"loc":{"start":{"line":22,"column":11},"end":{"line":26,"column":null}},"type":"if","locations":[{"start":{"line":22,"column":11},"end":{"line":26,"column":null}}]}},"s":{"0":10,"1":8,"2":8,"3":8,"4":8,"5":0,"6":0,"7":0,"8":8,"9":8,"10":8,"11":8,"12":8,"13":10},"f":{"0":8},"b":{"0":[0],"1":[0,8],"2":[8]}}
,"/Users/szabokinga/crypto/src/utils/BottomModalHeight.ts": {"path":"/Users/szabokinga/crypto/src/utils/BottomModalHeight.ts","statementMap":{"0":{"start":{"line":1,"column":0},"end":{"line":1,"column":52}},"1":{"start":{"line":2,"column":0},"end":{"line":2,"column":52}},"2":{"start":{"line":4,"column":25},"end":{"line":4,"column":49}},"3":{"start":{"line":6,"column":30},"end":{"line":8,"column":1}},"4":{"start":{"line":7,"column":4},"end":{"line":7,"column":100}},"5":{"start":{"line":6,"column":13},"end":{"line":6,"column":30}}},"fnMap":{"0":{"name":"(anonymous_0)","decl":{"start":{"line":6,"column":30},"end":{"line":6,"column":31}},"loc":{"start":{"line":6,"column":59},"end":{"line":8,"column":1}}}},"branchMap":{"0":{"loc":{"start":{"line":7,"column":11},"end":{"line":7,"column":99}},"type":"cond-expr","locations":[{"start":{"line":7,"column":35},"end":{"line":7,"column":58}},{"start":{"line":7,"column":61},"end":{"line":7,"column":99}}]}},"s":{"0":5,"1":5,"2":5,"3":5,"4":6,"5":5},"f":{"0":6},"b":{"0":[6,0]}}
,"/Users/szabokinga/crypto/src/utils/FetchData.ts": {"path":"/Users/szabokinga/crypto/src/utils/FetchData.ts","statementMap":{"0":{"start":{"line":2,"column":0},"end":{"line":2,"column":82}},"1":{"start":{"line":3,"column":0},"end":{"line":3,"column":55}},"2":{"start":{"line":5,"column":25},"end":{"line":12,"column":1}},"3":{"start":{"line":6,"column":4},"end":{"line":10,"column":33}},"4":{"start":{"line":7,"column":8},"end":{"line":7,"column":37}},"5":{"start":{"line":8,"column":8},"end":{"line":8,"column":37}},"6":{"start":{"line":9,"column":8},"end":{"line":9,"column":37}},"7":{"start":{"line":10,"column":11},"end":{"line":10,"column":33}},"8":{"start":{"line":11,"column":4},"end":{"line":11,"column":21}},"9":{"start":{"line":5,"column":13},"end":{"line":5,"column":25}}},"fnMap":{"0":{"name":"(anonymous_0)","decl":{"start":{"line":5,"column":25},"end":{"line":5,"column":30}},"loc":{"start":{"line":5,"column":46},"end":{"line":12,"column":1}}}},"branchMap":{"0":{"loc":{"start":{"line":6,"column":4},"end":{"line":10,"column":33}},"type":"if","locations":[{"start":{"line":6,"column":4},"end":{"line":10,"column":33}},{"start":{"line":10,"column":11},"end":{"line":10,"column":33}}]}},"s":{"0":5,"1":5,"2":5,"3":1,"4":0,"5":0,"6":0,"7":1,"8":0,"9":5},"f":{"0":1},"b":{"0":[0,1]}}
,"/Users/szabokinga/crypto/src/utils/androidHelper.ts": {"path":"/Users/szabokinga/crypto/src/utils/androidHelper.ts","statementMap":{"0":{"start":{"line":1,"column":0},"end":{"line":1,"column":42}},"1":{"start":{"line":3,"column":21},"end":{"line":3,"column":52}},"2":{"start":{"line":4,"column":21},"end":{"line":4,"column":52}},"3":{"start":{"line":5,"column":13},"end":{"line":5,"column":56}}},"fnMap":{},"branchMap":{},"s":{"0":5,"1":5,"2":5,"3":5},"f":{},"b":{}}
,"/Users/szabokinga/crypto/src/utils/regex.ts": {"path":"/Users/szabokinga/crypto/src/utils/regex.ts","statementMap":{"0":{"start":{"line":1,"column":13},"end":{"line":1,"column":57}},"1":{"start":{"line":2,"column":13},"end":{"line":2,"column":194}}},"fnMap":{},"branchMap":{},"s":{"0":2,"1":2},"f":{},"b":{}}
,"/Users/szabokinga/crypto/src/utils/useFavouritesStatus.tsx": {"path":"/Users/szabokinga/crypto/src/utils/useFavouritesStatus.tsx","statementMap":{"0":{"start":{"line":1,"column":0},"end":{"line":1,"column":51}},"1":{"start":{"line":2,"column":0},"end":{"line":2,"column":56}},"2":{"start":{"line":4,"column":0},"end":{"line":4,"column":59}},"3":{"start":{"line":5,"column":0},"end":{"line":5,"column":69}},"4":{"start":{"line":9,"column":30},"end":{"line":9,"column":43}},"5":{"start":{"line":11,"column":17},"end":{"line":11,"column":76}},"6":{"start":{"line":11,"column":51},"end":{"line":11,"column":61}},"7":{"start":{"line":12,"column":19},"end":{"line":12,"column":80}},"8":{"start":{"line":12,"column":53},"end":{"line":12,"column":65}},"9":{"start":{"line":18,"column":8},"end":{"line":18,"column":24}},"10":{"start":{"line":20,"column":19},"end":{"line":20,"column":80}},"11":{"start":{"line":20,"column":65},"end":{"line":20,"column":79}},"12":{"start":{"line":21,"column":22},"end":{"line":21,"column":54}},"13":{"start":{"line":22,"column":8},"end":{"line":22,"column":39}},"14":{"start":{"line":24,"column":35},"end":{"line":24,"column":37}},"15":{"start":{"line":25,"column":33},"end":{"line":25,"column":35}},"16":{"start":{"line":27,"column":8},"end":{"line":37,"column":null}},"17":{"start":{"line":28,"column":12},"end":{"line":28,"column":38}},"18":{"start":{"line":30,"column":12},"end":{"line":30,"column":107}},"19":{"start":{"line":31,"column":12},"end":{"line":31,"column":42}},"20":{"start":{"line":33,"column":12},"end":{"line":33,"column":41}},"21":{"start":{"line":35,"column":12},"end":{"line":35,"column":85}},"22":{"start":{"line":36,"column":12},"end":{"line":36,"column":83}},"23":{"start":{"line":38,"column":8},"end":{"line":38,"column":34}},"24":{"start":{"line":39,"column":8},"end":{"line":39,"column":30}},"25":{"start":{"line":42,"column":4},"end":{"line":42,"column":36}},"26":{"start":{"line":8,"column":0},"end":{"line":8,"column":16}}},"fnMap":{"0":{"name":"useFavouriteStatus","decl":{"start":{"line":8,"column":16},"end":{"line":8,"column":34}},"loc":{"start":{"line":8,"column":59},"end":{"line":43,"column":1}}},"1":{"name":"(anonymous_1)","decl":{"start":{"line":11,"column":29},"end":{"line":11,"column":30}},"loc":{"start":{"line":11,"column":51},"end":{"line":11,"column":61}}},"2":{"name":"(anonymous_2)","decl":{"start":{"line":12,"column":31},"end":{"line":12,"column":32}},"loc":{"start":{"line":12,"column":53},"end":{"line":12,"column":65}}},"3":{"name":"setFav","decl":{"start":{"line":17,"column":19},"end":{"line":17,"column":25}},"loc":{"start":{"line":17,"column":40},"end":{"line":40,"column":5}}},"4":{"name":"(anonymous_4)","decl":{"start":{"line":20,"column":43},"end":{"line":20,"column":44}},"loc":{"start":{"line":20,"column":65},"end":{"line":20,"column":79}}}},"branchMap":{"0":{"loc":{"start":{"line":27,"column":8},"end":{"line":37,"column":null}},"type":"if","locations":[{"start":{"line":27,"column":8},"end":{"line":37,"column":null}},{"start":{"line":32,"column":15},"end":{"line":37,"column":null}}]}},"s":{"0":3,"1":3,"2":3,"3":3,"4":0,"5":0,"6":0,"7":0,"8":0,"9":0,"10":0,"11":0,"12":0,"13":0,"14":0,"15":0,"16":0,"17":0,"18":0,"19":0,"20":0,"21":0,"22":0,"23":0,"24":0,"25":0,"26":3},"f":{"0":0,"1":0,"2":0,"3":0,"4":0},"b":{"0":[0,0]}}
}
