TN:
SF:src/App.tsx
FN:7,(anonymous_1)
FNF:1
FNH:1
FNDA:1,(anonymous_1)
DA:1,1
DA:2,1
DA:3,1
DA:4,1
DA:5,1
DA:7,1
DA:8,1
DA:11,1
DA:14,1
LF:9
LH:9
BRF:0
BRH:0
end_of_record
TN:
SF:src/components/AccountBottomModal.tsx
FN:16,(anonymous_1)
FN:22,(anonymous_2)
FN:23,(anonymous_3)
FNF:3
FNH:3
FNDA:4,(anonymous_1)
FNDA:1,(anonymous_2)
FNDA:1,(anonymous_3)
DA:1,3
DA:2,3
DA:3,3
DA:16,3
DA:17,4
DA:22,1
DA:23,1
DA:29,3
DA:33,3
DA:38,3
DA:44,3
LF:11
LH:11
BRDA:19,0,0,4
BRDA:19,0,1,1
BRF:2
BRH:2
end_of_record
TN:
SF:src/components/AccountButton.tsx
FN:7,(anonymous_1)
FN:22,(anonymous_2)
FN:31,(anonymous_3)
FN:47,(anonymous_4)
FN:62,(anonymous_5)
FN:75,(anonymous_6)
FN:93,(anonymous_7)
FN:99,(anonymous_8)
FN:112,(anonymous_9)
FN:115,(anonymous_10)
FN:118,(anonymous_11)
FN:121,(anonymous_12)
FN:124,(anonymous_13)
FNF:13
FNH:13
FNDA:3,(anonymous_1)
FNDA:10,(anonymous_2)
FNDA:10,(anonymous_3)
FNDA:10,(anonymous_4)
FNDA:10,(anonymous_5)
FNDA:10,(anonymous_6)
FNDA:10,(anonymous_7)
FNDA:10,(anonymous_8)
FNDA:2,(anonymous_9)
FNDA:2,(anonymous_10)
FNDA:2,(anonymous_11)
FNDA:2,(anonymous_12)
FNDA:2,(anonymous_13)
DA:1,3
DA:2,3
DA:3,3
DA:4,3
DA:5,3
DA:7,3
DA:8,3
DA:9,3
DA:10,3
DA:11,3
DA:12,3
DA:22,3
DA:23,10
DA:31,3
DA:32,10
DA:34,2
DA:36,2
DA:38,2
DA:40,2
DA:43,2
DA:47,3
DA:48,10
DA:50,2
DA:52,2
DA:54,2
DA:58,4
DA:62,3
DA:63,10
DA:65,2
DA:71,8
DA:75,3
DA:76,10
DA:78,2
DA:84,8
DA:88,3
DA:93,10
DA:99,10
DA:112,3
DA:115,3
DA:118,3
DA:121,3
DA:124,3
DA:128,3
DA:136,3
LF:44
LH:44
BRDA:7,0,0,3
BRDA:7,0,1,3
BRDA:32,1,0,2
BRDA:32,1,1,2
BRDA:32,1,2,2
BRDA:32,1,3,2
BRDA:32,1,4,2
BRDA:32,1,5,2
BRDA:48,2,0,2
BRDA:48,2,1,2
BRDA:48,2,2,2
BRDA:48,2,3,2
BRDA:48,2,4,4
BRDA:48,2,5,4
BRDA:63,3,0,2
BRDA:63,3,1,2
BRDA:63,3,2,4
BRDA:63,3,3,6
BRDA:63,3,4,8
BRDA:63,3,5,8
BRDA:76,4,0,2
BRDA:76,4,1,2
BRDA:76,4,2,4
BRDA:76,4,3,6
BRDA:76,4,4,8
BRDA:76,4,5,8
BRDA:109,5,0,2
BRDA:109,5,1,8
BRF:28
BRH:28
end_of_record
TN:
SF:src/components/Alert.tsx
FN:14,(anonymous_7)
FN:21,(anonymous_8)
FN:24,(anonymous_9)
FN:31,(anonymous_10)
FN:46,(anonymous_11)
FN:52,(anonymous_12)
FN:55,(anonymous_13)
FN:69,(anonymous_14)
FN:77,(anonymous_15)
FNF:9
FNH:2
FNDA:2,(anonymous_7)
FNDA:0,(anonymous_8)
FNDA:0,(anonymous_9)
FNDA:0,(anonymous_10)
FNDA:2,(anonymous_11)
FNDA:0,(anonymous_12)
FNDA:0,(anonymous_13)
FNDA:0,(anonymous_14)
FNDA:0,(anonymous_15)
DA:1,3
DA:2,3
DA:3,3
DA:4,3
DA:14,3
DA:15,2
DA:16,2
DA:21,0
DA:25,0
DA:26,0
DA:32,0
DA:33,0
DA:34,0
DA:46,3
DA:47,2
DA:52,0
DA:56,0
DA:57,0
DA:69,3
DA:70,0
DA:77,0
LF:21
LH:10
BRDA:32,0,0,0
BRF:1
BRH:0
end_of_record
TN:
SF:src/components/Autocomplete.tsx
FN:16,(anonymous_7)
FN:21,(anonymous_8)
FN:22,(anonymous_9)
FN:32,(anonymous_10)
FN:41,(anonymous_11)
FN:44,(anonymous_12)
FN:50,(anonymous_13)
FN:53,(anonymous_14)
FN:82,(anonymous_15)
FNF:9
FNH:1
FNDA:1,(anonymous_7)
FNDA:0,(anonymous_8)
FNDA:0,(anonymous_9)
FNDA:0,(anonymous_10)
FNDA:0,(anonymous_11)
FNDA:0,(anonymous_12)
FNDA:0,(anonymous_13)
FNDA:0,(anonymous_14)
FNDA:0,(anonymous_15)
DA:1,3
DA:2,3
DA:3,3
DA:4,3
DA:5,3
DA:16,3
DA:17,1
DA:18,1
DA:19,1
DA:21,1
DA:22,0
DA:25,1
DA:33,0
DA:34,0
DA:35,0
DA:36,0
DA:38,0
DA:39,0
DA:42,0
DA:44,0
DA:51,0
DA:54,0
DA:55,0
DA:56,0
DA:70,3
DA:75,3
DA:82,3
LF:27
LH:14
BRDA:33,0,0,0
BRDA:33,0,1,0
BRDA:35,1,0,0
BRDA:47,2,0,1
BRDA:47,2,1,0
BRDA:47,2,2,0
BRDA:88,3,0,0
BRDA:88,3,1,0
BRF:8
BRH:1
end_of_record
TN:
SF:src/components/Button.tsx
FN:13,(anonymous_1)
FNF:1
FNH:1
FNDA:5,(anonymous_1)
DA:1,5
DA:3,5
DA:4,5
DA:13,5
DA:14,5
DA:22,5
DA:33,5
LF:7
LH:7
BRF:0
BRH:0
end_of_record
TN:
SF:src/components/CryptoChart.tsx
FN:19,(anonymous_1)
FN:37,(anonymous_2)
FN:96,(anonymous_3)
FNF:3
FNH:0
FNDA:0,(anonymous_1)
FNDA:0,(anonymous_2)
FNDA:0,(anonymous_3)
DA:1,3
DA:2,3
DA:3,3
DA:4,3
DA:5,3
DA:6,3
DA:19,3
DA:20,0
DA:39,0
DA:40,0
DA:42,0
DA:56,3
DA:61,3
DA:67,3
DA:74,3
DA:79,3
DA:85,3
DA:90,3
DA:96,3
LF:19
LH:15
BRDA:26,0,0,0
BRDA:26,0,1,0
BRDA:26,1,0,0
BRDA:26,1,1,0
BRDA:32,2,0,0
BRDA:32,2,1,0
BRDA:32,3,0,0
BRDA:32,3,1,0
BRDA:33,4,0,0
BRDA:33,4,1,0
BRDA:33,5,0,0
BRDA:33,5,1,0
BRDA:39,6,0,0
BRDA:98,7,0,0
BRDA:98,7,1,0
BRF:15
BRH:0
end_of_record
TN:
SF:src/components/CryptoCoin.tsx
FN:24,(anonymous_7)
FN:25,(anonymous_8)
FN:49,(anonymous_9)
FN:50,(anonymous_10)
FN:96,(anonymous_11)
FNF:5
FNH:0
FNDA:0,(anonymous_7)
FNDA:0,(anonymous_8)
FNDA:0,(anonymous_9)
FNDA:0,(anonymous_10)
FNDA:0,(anonymous_11)
DA:1,3
DA:3,3
DA:4,3
DA:5,3
DA:6,3
DA:8,3
DA:9,3
DA:24,3
DA:25,0
DA:26,0
DA:28,0
DA:49,0
DA:50,0
DA:56,3
DA:65,3
DA:70,3
DA:75,3
DA:80,3
DA:86,3
DA:91,3
DA:96,3
DA:102,3
DA:108,3
LF:23
LH:18
BRDA:47,0,0,0
BRDA:47,0,1,0
BRDA:47,1,0,0
BRDA:47,1,1,0
BRDA:49,2,0,0
BRDA:49,2,1,0
BRDA:49,2,2,0
BRDA:50,3,0,0
BRDA:50,3,1,0
BRDA:50,3,2,0
BRDA:99,4,0,0
BRDA:99,4,1,0
BRF:12
BRH:0
end_of_record
TN:
SF:src/components/EditOwnedCoinBottomModal.tsx
FN:23,(anonymous_1)
FN:64,(anonymous_2)
FN:65,(anonymous_3)
FNF:3
FNH:1
FNDA:1,(anonymous_1)
FNDA:0,(anonymous_2)
FNDA:0,(anonymous_3)
DA:1,2
DA:3,2
DA:4,2
DA:5,2
DA:6,2
DA:7,2
DA:8,2
DA:23,2
DA:24,1
DA:64,0
DA:65,0
DA:72,2
DA:75,2
DA:82,2
DA:88,2
DA:93,2
LF:16
LH:14
BRF:0
BRH:0
end_of_record
TN:
SF:src/components/ErrorComponent.tsx
FN:9,(anonymous_1)
FNF:1
FNH:0
FNDA:0,(anonymous_1)
DA:1,5
DA:2,5
DA:4,5
DA:9,5
DA:10,0
DA:17,5
DA:23,5
LF:7
LH:6
BRF:0
BRH:0
end_of_record
TN:
SF:src/components/InputField.tsx
FN:16,(anonymous_1)
FN:41,(anonymous_2)
FN:47,(anonymous_3)
FN:53,(anonymous_4)
FNF:4
FNH:0
FNDA:0,(anonymous_1)
FNDA:0,(anonymous_2)
FNDA:0,(anonymous_3)
FNDA:0,(anonymous_4)
DA:1,3
DA:3,3
DA:4,3
DA:16,3
DA:17,0
DA:36,3
DA:41,3
DA:47,3
DA:53,3
DA:67,3
LF:10
LH:9
BRDA:19,0,0,0
BRDA:19,0,1,0
BRDA:26,1,0,0
BRDA:26,1,1,0
BRDA:27,2,0,0
BRDA:27,2,1,0
BRDA:31,3,0,0
BRDA:31,3,1,0
BRDA:59,4,0,0
BRDA:59,4,1,0
BRF:10
BRH:0
end_of_record
TN:
SF:src/components/NewOwnedCoinBottomModal.tsx
FN:27,(anonymous_1)
FN:68,(anonymous_2)
FN:69,(anonymous_3)
FNF:3
FNH:1
FNDA:1,(anonymous_1)
FNDA:0,(anonymous_2)
FNDA:0,(anonymous_3)
DA:1,2
DA:3,2
DA:4,2
DA:5,2
DA:6,2
DA:7,2
DA:8,2
DA:10,2
DA:27,2
DA:28,1
DA:68,0
DA:69,0
DA:76,2
DA:79,2
DA:86,2
DA:92,2
DA:97,2
LF:17
LH:15
BRF:0
BRH:0
end_of_record
TN:
SF:src/components/OwnedCoins.tsx
FN:24,(anonymous_7)
FN:58,(anonymous_8)
FN:118,(anonymous_9)
FNF:3
FNH:0
FNDA:0,(anonymous_7)
FNDA:0,(anonymous_8)
FNDA:0,(anonymous_9)
DA:1,2
DA:3,2
DA:5,2
DA:6,2
DA:7,2
DA:24,2
DA:25,0
DA:58,2
DA:59,0
DA:61,0
DA:63,0
DA:66,0
DA:70,2
DA:82,2
DA:88,2
DA:92,2
DA:97,2
DA:103,2
DA:108,2
DA:113,2
DA:118,2
DA:124,2
DA:130,2
LF:23
LH:18
BRDA:39,0,0,0
BRDA:39,0,1,0
BRDA:39,1,0,0
BRDA:39,1,1,0
BRDA:59,2,0,0
BRDA:59,2,1,0
BRDA:59,2,2,0
BRDA:59,2,3,0
BRDA:121,3,0,0
BRDA:121,3,1,0
BRF:10
BRH:0
end_of_record
TN:
SF:src/components/ScreenBackground.tsx
FN:20,(anonymous_1)
FN:21,(anonymous_2)
FN:22,(anonymous_3)
FN:29,(anonymous_4)
FNF:4
FNH:3
FNDA:4,(anonymous_1)
FNDA:4,(anonymous_2)
FNDA:4,(anonymous_3)
FNDA:0,(anonymous_4)
DA:1,5
DA:2,5
DA:4,5
DA:6,5
DA:7,5
DA:8,5
DA:10,5
DA:11,5
DA:20,5
DA:21,4
DA:22,4
DA:24,4
DA:29,0
DA:35,5
LF:14
LH:13
BRDA:29,0,0,0
BRDA:29,0,1,4
BRF:2
BRH:1
end_of_record
TN:
SF:src/components/SearchBar.tsx
FN:12,(anonymous_1)
FNF:1
FNH:1
FNDA:1,(anonymous_1)
DA:1,2
DA:3,2
DA:4,2
DA:5,2
DA:12,2
DA:13,1
DA:21,2
DA:36,2
DA:41,2
LF:9
LH:9
BRF:0
BRH:0
end_of_record
TN:
SF:src/components/SelectedCoinGraph.tsx
FN:16,(anonymous_1)
FNF:1
FNH:1
FNDA:2,(anonymous_1)
DA:1,3
DA:2,3
DA:3,3
DA:5,3
DA:6,3
DA:16,3
DA:17,2
LF:7
LH:7
BRDA:38,0,0,2
BRDA:38,0,1,1
BRF:2
BRH:2
end_of_record
TN:
SF:src/components/TabHeader.tsx
FN:12,(anonymous_1)
FNF:1
FNH:1
FNDA:4,(anonymous_1)
DA:1,5
DA:2,5
DA:3,5
DA:12,5
DA:13,4
DA:20,5
DA:32,5
LF:7
LH:7
BRF:0
BRH:0
end_of_record
TN:
SF:src/components/UserRequiredContent.tsx
FN:9,(anonymous_1)
FNF:1
FNH:1
FNDA:5,(anonymous_1)
DA:1,4
DA:2,4
DA:3,4
DA:4,4
DA:9,4
DA:10,5
DA:18,4
DA:24,4
LF:8
LH:8
BRF:0
BRH:0
end_of_record
TN:
SF:src/constants/Tabs.ts
FN:4,(anonymous_0)
FNF:1
FNH:1
FNDA:5,(anonymous_0)
DA:4,5
DA:5,5
DA:6,5
DA:7,5
DA:8,5
LF:5
LH:5
BRDA:4,0,0,5
BRDA:4,0,1,5
BRF:2
BRH:2
end_of_record
TN:
SF:src/constants/authError.ts
FN:4,(anonymous_0)
FNF:1
FNH:1
FNDA:2,(anonymous_0)
DA:4,2
DA:5,2
DA:6,2
DA:7,2
LF:4
LH:4
BRDA:4,0,0,2
BRDA:4,0,1,2
BRF:2
BRH:2
end_of_record
TN:
SF:src/constants/currency.ts
FN:4,(anonymous_0)
FNF:1
FNH:1
FNDA:2,(anonymous_0)
DA:4,2
DA:5,2
DA:6,2
DA:7,2
LF:4
LH:4
BRDA:4,0,0,2
BRDA:4,0,1,2
BRF:2
BRH:2
end_of_record
TN:
SF:src/constants/server.ts
FNF:0
FNH:0
DA:4,8
DA:10,8
LF:2
LH:2
BRF:0
BRH:0
end_of_record
TN:
SF:src/navigation/BottomNavigator.tsx
FN:23,(anonymous_7)
FN:24,(anonymous_8)
FN:25,(anonymous_9)
FN:27,(anonymous_10)
FN:31,(anonymous_11)
FN:35,(anonymous_12)
FN:50,(anonymous_13)
FN:58,(anonymous_14)
FN:66,(anonymous_15)
FN:74,(anonymous_16)
FNF:10
FNH:6
FNDA:1,(anonymous_7)
FNDA:2,(anonymous_8)
FNDA:2,(anonymous_9)
FNDA:1,(anonymous_10)
FNDA:1,(anonymous_11)
FNDA:1,(anonymous_12)
FNDA:0,(anonymous_13)
FNDA:0,(anonymous_14)
FNDA:0,(anonymous_15)
FNDA:0,(anonymous_16)
DA:1,1
DA:2,1
DA:3,1
DA:4,1
DA:5,1
DA:6,1
DA:7,1
DA:9,1
DA:11,1
DA:12,1
DA:13,1
DA:14,1
DA:16,1
DA:18,1
DA:23,1
DA:24,2
DA:25,2
DA:27,1
DA:28,1
DA:31,1
DA:32,1
DA:35,1
DA:36,1
DA:39,1
DA:41,1
DA:50,0
DA:58,0
DA:66,0
DA:74,0
DA:83,1
LF:30
LH:26
BRDA:32,0,0,0
BRF:1
BRH:0
end_of_record
TN:
SF:src/screens/AccountScreen.tsx
FN:9,(anonymous_1)
FN:10,(anonymous_2)
FNF:2
FNH:2
FNDA:2,(anonymous_1)
FNDA:1,(anonymous_2)
DA:1,2
DA:2,2
DA:4,2
DA:5,2
DA:6,2
DA:7,2
DA:9,2
DA:10,2
DA:12,1
LF:9
LH:9
BRDA:14,0,0,1
BRDA:14,0,1,1
BRDA:15,1,0,1
BRDA:15,1,1,0
BRF:4
BRH:3
end_of_record
TN:
SF:src/screens/FavouritesScreen.tsx
FN:9,(anonymous_1)
FN:10,(anonymous_2)
FNF:2
FNH:2
FNDA:1,(anonymous_1)
FNDA:1,(anonymous_2)
DA:1,2
DA:2,2
DA:4,2
DA:5,2
DA:6,2
DA:7,2
DA:9,2
DA:10,1
DA:12,1
LF:9
LH:9
BRDA:14,0,0,1
BRDA:14,0,1,1
BRDA:15,1,0,1
BRDA:15,1,1,0
BRF:4
BRH:3
end_of_record
TN:
SF:src/screens/MarketScreen.tsx
FN:15,(anonymous_6)
FN:16,(anonymous_7)
FN:17,(anonymous_8)
FN:26,(anonymous_9)
FN:35,(anonymous_10)
FN:40,(anonymous_11)
FN:45,(anonymous_12)
FN:49,(anonymous_13)
FN:51,(anonymous_14)
FN:68,(anonymous_15)
FN:70,(anonymous_16)
FN:72,(anonymous_17)
FN:75,(anonymous_18)
FN:76,(anonymous_19)
FN:80,(anonymous_20)
FN:93,(anonymous_21)
FNF:16
FNH:3
FNDA:1,(anonymous_6)
FNDA:1,(anonymous_7)
FNDA:1,(anonymous_8)
FNDA:0,(anonymous_9)
FNDA:0,(anonymous_10)
FNDA:0,(anonymous_11)
FNDA:0,(anonymous_12)
FNDA:0,(anonymous_13)
FNDA:0,(anonymous_14)
FNDA:0,(anonymous_15)
FNDA:0,(anonymous_16)
FNDA:0,(anonymous_17)
FNDA:0,(anonymous_18)
FNDA:0,(anonymous_19)
FNDA:0,(anonymous_20)
FNDA:0,(anonymous_21)
DA:1,2
DA:2,2
DA:4,2
DA:6,2
DA:8,2
DA:9,2
DA:10,2
DA:11,2
DA:12,2
DA:13,2
DA:15,2
DA:16,1
DA:17,1
DA:19,1
DA:20,1
DA:21,1
DA:22,1
DA:24,1
DA:26,1
DA:27,0
DA:28,0
DA:29,0
DA:30,0
DA:32,0
DA:35,1
DA:36,0
DA:37,0
DA:40,1
DA:41,0
DA:42,0
DA:45,1
DA:46,0
DA:49,1
DA:50,0
DA:52,0
DA:53,0
DA:54,0
DA:58,0
DA:59,0
DA:62,1
DA:68,0
DA:70,0
DA:72,0
DA:75,0
DA:77,0
DA:80,0
DA:93,0
LF:47
LH:24
BRDA:27,0,0,0
BRDA:27,0,1,0
BRDA:50,1,0,0
BRDA:50,1,1,0
BRDA:64,2,0,1
BRDA:64,2,1,0
BRDA:66,3,0,1
BRDA:66,3,1,0
BRF:8
BRH:2
end_of_record
TN:
SF:src/screens/MyCoinsScreen.tsx
FN:9,(anonymous_1)
FN:10,(anonymous_2)
FNF:2
FNH:2
FNDA:1,(anonymous_1)
FNDA:1,(anonymous_2)
DA:1,2
DA:2,2
DA:3,2
DA:4,2
DA:5,2
DA:6,2
DA:9,2
DA:10,1
DA:11,1
LF:9
LH:9
BRDA:13,0,0,1
BRDA:13,0,1,1
BRDA:14,1,0,1
BRDA:14,1,1,0
BRF:4
BRH:3
end_of_record
TN:
SF:src/screens/AccountScreen/UserLoggedIn.tsx
FN:8,(anonymous_6)
FN:14,(anonymous_7)
FN:15,(anonymous_8)
FNF:3
FNH:1
FNDA:1,(anonymous_6)
FNDA:0,(anonymous_7)
FNDA:0,(anonymous_8)
DA:1,2
DA:2,2
DA:3,2
DA:8,2
DA:9,1
DA:10,1
DA:12,1
DA:14,0
DA:15,0
LF:9
LH:7
BRF:0
BRH:0
end_of_record
TN:
SF:src/screens/AccountScreen/UserNotLoggedIn.tsx
FN:15,(anonymous_7)
FN:24,(anonymous_8)
FN:31,(anonymous_9)
FN:43,(anonymous_10)
FN:58,(anonymous_11)
FN:62,(anonymous_12)
FN:66,(anonymous_13)
FN:74,(anonymous_14)
FN:75,(anonymous_15)
FN:76,(anonymous_16)
FN:77,(anonymous_17)
FN:81,(anonymous_18)
FN:83,(anonymous_19)
FN:90,(anonymous_20)
FN:91,(anonymous_21)
FN:91,(anonymous_22)
FNF:16
FNH:1
FNDA:2,(anonymous_7)
FNDA:0,(anonymous_8)
FNDA:0,(anonymous_9)
FNDA:0,(anonymous_10)
FNDA:0,(anonymous_11)
FNDA:0,(anonymous_12)
FNDA:0,(anonymous_13)
FNDA:0,(anonymous_14)
FNDA:0,(anonymous_15)
FNDA:0,(anonymous_16)
FNDA:0,(anonymous_17)
FNDA:0,(anonymous_18)
FNDA:0,(anonymous_19)
FNDA:0,(anonymous_20)
FNDA:0,(anonymous_21)
FNDA:0,(anonymous_22)
DA:1,2
DA:2,2
DA:3,2
DA:4,2
DA:5,2
DA:6,2
DA:7,2
DA:8,2
DA:9,2
DA:10,2
DA:15,2
DA:16,2
DA:17,1
DA:19,1
DA:20,1
DA:21,1
DA:22,1
DA:24,1
DA:25,0
DA:26,0
DA:27,0
DA:28,0
DA:31,1
DA:32,0
DA:33,0
DA:34,0
DA:35,0
DA:37,0
DA:38,0
DA:39,0
DA:43,1
DA:44,0
DA:45,0
DA:46,0
DA:47,0
DA:48,0
DA:49,0
DA:51,0
DA:53,0
DA:54,0
DA:58,1
DA:59,0
DA:62,1
DA:63,0
DA:66,1
DA:67,0
DA:68,0
DA:69,0
DA:72,1
DA:74,0
DA:75,0
DA:76,0
DA:77,0
DA:81,0
DA:83,0
DA:90,0
DA:91,0
DA:100,2
LF:58
LH:25
BRDA:32,0,0,0
BRDA:32,0,1,0
BRDA:34,1,0,0
BRDA:34,1,1,0
BRDA:38,2,0,0
BRDA:38,2,1,0
BRDA:44,3,0,0
BRDA:44,3,1,0
BRDA:46,4,0,0
BRDA:46,4,1,0
BRDA:48,5,0,0
BRDA:48,5,1,0
BRDA:53,6,0,0
BRDA:53,6,1,0
BRDA:67,7,0,0
BRDA:67,7,1,0
BRDA:67,8,0,0
BRDA:67,8,1,0
BRDA:68,9,0,0
BRDA:68,9,1,0
BRDA:68,10,0,0
BRDA:68,10,1,0
BRF:22
BRH:0
end_of_record
TN:
SF:src/screens/FavouritesScreen/UserLoggedIn.tsx
FN:14,(anonymous_6)
FN:15,(anonymous_7)
FN:16,(anonymous_8)
FN:24,(anonymous_9)
FN:30,(anonymous_10)
FN:35,(anonymous_11)
FN:44,(anonymous_12)
FN:47,(anonymous_13)
FN:49,(anonymous_14)
FN:50,(anonymous_15)
FN:54,(anonymous_16)
FNF:11
FNH:3
FNDA:1,(anonymous_6)
FNDA:1,(anonymous_7)
FNDA:1,(anonymous_8)
FNDA:0,(anonymous_9)
FNDA:0,(anonymous_10)
FNDA:0,(anonymous_11)
FNDA:0,(anonymous_12)
FNDA:0,(anonymous_13)
FNDA:0,(anonymous_14)
FNDA:0,(anonymous_15)
FNDA:0,(anonymous_16)
DA:1,2
DA:2,2
DA:3,2
DA:7,2
DA:8,2
DA:9,2
DA:14,2
DA:15,1
DA:16,1
DA:18,1
DA:20,1
DA:22,1
DA:24,1
DA:25,0
DA:26,0
DA:27,0
DA:30,1
DA:31,0
DA:32,0
DA:35,1
DA:36,0
DA:37,0
DA:40,1
DA:44,0
DA:47,0
DA:49,0
DA:51,0
DA:54,0
LF:28
LH:16
BRDA:42,0,0,1
BRDA:42,0,1,0
BRDA:45,1,0,0
BRDA:45,1,1,1
BRF:4
BRH:2
end_of_record
TN:
SF:src/screens/FavouritesScreen/UserNotLoggedIn.tsx
FN:7,(anonymous_1)
FNF:1
FNH:1
FNDA:2,(anonymous_1)
DA:1,2
DA:2,2
DA:7,2
DA:8,2
LF:4
LH:4
BRF:0
BRH:0
end_of_record
TN:
SF:src/screens/MyCoinsScreen/UserLoggedIn.tsx
FN:17,(anonymous_6)
FN:21,(anonymous_7)
FN:22,(anonymous_8)
FN:24,(anonymous_9)
FN:39,(anonymous_10)
FN:43,(anonymous_11)
FN:58,(anonymous_12)
FN:69,(anonymous_13)
FN:78,(anonymous_14)
FN:81,(anonymous_15)
FN:82,(anonymous_16)
FN:83,(anonymous_17)
FN:94,(anonymous_18)
FN:101,(anonymous_19)
FN:110,(anonymous_20)
FN:116,(anonymous_21)
FN:127,(anonymous_22)
FN:133,(anonymous_23)
FNF:18
FNH:4
FNDA:1,(anonymous_6)
FNDA:1,(anonymous_7)
FNDA:1,(anonymous_8)
FNDA:3,(anonymous_9)
FNDA:0,(anonymous_10)
FNDA:0,(anonymous_11)
FNDA:0,(anonymous_12)
FNDA:0,(anonymous_13)
FNDA:0,(anonymous_14)
FNDA:0,(anonymous_15)
FNDA:0,(anonymous_16)
FNDA:0,(anonymous_17)
FNDA:0,(anonymous_18)
FNDA:0,(anonymous_19)
FNDA:0,(anonymous_20)
FNDA:0,(anonymous_21)
FNDA:0,(anonymous_22)
FNDA:0,(anonymous_23)
DA:1,2
DA:2,2
DA:3,2
DA:7,2
DA:8,2
DA:9,2
DA:10,2
DA:11,2
DA:12,2
DA:17,2
DA:18,1
DA:19,1
DA:21,1
DA:22,1
DA:24,3
DA:26,1
DA:28,1
DA:29,1
DA:30,1
DA:31,1
DA:33,1
DA:34,1
DA:35,1
DA:36,1
DA:37,1
DA:39,1
DA:40,0
DA:43,1
DA:44,0
DA:45,0
DA:46,0
DA:49,1
DA:58,1
DA:59,0
DA:60,0
DA:61,0
DA:62,0
DA:63,0
DA:64,0
DA:65,0
DA:66,0
DA:69,1
DA:70,0
DA:73,1
DA:78,0
DA:81,0
DA:82,0
DA:84,0
DA:95,0
DA:96,0
DA:101,0
DA:111,0
DA:112,0
DA:113,0
DA:114,0
DA:117,0
DA:118,0
DA:128,0
DA:129,0
DA:130,0
DA:131,0
DA:134,0
DA:135,0
LF:63
LH:31
BRDA:75,0,0,1
BRDA:75,0,1,0
BRDA:79,1,0,0
BRDA:79,1,1,1
BRF:4
BRH:2
end_of_record
TN:
SF:src/screens/MyCoinsScreen/UserNotLoggedIn.tsx
FN:7,(anonymous_1)
FNF:1
FNH:1
FNDA:2,(anonymous_1)
DA:1,2
DA:2,2
DA:7,2
DA:8,2
LF:4
LH:4
BRF:0
BRH:0
end_of_record
TN:
SF:src/services/CryptoServices.ts
FN:6,(anonymous_1)
FN:11,(anonymous_2)
FN:28,(anonymous_3)
FN:44,(anonymous_4)
FNF:4
FNH:4
FNDA:4,(anonymous_1)
FNDA:4,(anonymous_2)
FNDA:3,(anonymous_3)
FNDA:3,(anonymous_4)
DA:1,6
DA:2,6
DA:3,6
DA:4,6
DA:6,6
DA:7,4
DA:8,4
DA:11,4
DA:12,4
DA:19,1
DA:20,1
DA:21,1
DA:23,2
DA:24,2
DA:28,6
DA:29,3
DA:30,3
DA:32,3
DA:35,1
DA:36,1
DA:37,1
DA:39,2
DA:40,2
DA:44,6
DA:45,3
DA:46,3
DA:47,3
DA:49,1
DA:51,1
DA:52,1
DA:54,2
DA:55,2
LF:32
LH:32
BRDA:6,0,0,4
BRDA:28,1,0,3
BRDA:49,2,0,1
BRF:3
BRH:3
end_of_record
TN:
SF:src/services/FirebaseServices.ts
FN:10,googleSignIn
FN:18,(anonymous_2)
FN:29,login
FN:33,(anonymous_4)
FN:36,(anonymous_5)
FN:42,signup
FN:47,(anonymous_7)
FN:52,(anonymous_8)
FN:58,logOut
FN:62,(anonymous_10)
FN:63,(anonymous_11)
FN:68,deleteAccount
FN:73,(anonymous_13)
FN:77,(anonymous_14)
FNF:14
FNH:0
FNDA:0,googleSignIn
FNDA:0,(anonymous_2)
FNDA:0,login
FNDA:0,(anonymous_4)
FNDA:0,(anonymous_5)
FNDA:0,signup
FNDA:0,(anonymous_7)
FNDA:0,(anonymous_8)
FNDA:0,logOut
FNDA:0,(anonymous_10)
FNDA:0,(anonymous_11)
FNDA:0,deleteAccount
FNDA:0,(anonymous_13)
FNDA:0,(anonymous_14)
DA:1,3
DA:2,3
DA:3,3
DA:4,3
DA:5,3
DA:10,3
DA:11,0
DA:12,0
DA:13,0
DA:15,0
DA:16,0
DA:18,0
DA:19,0
DA:20,0
DA:22,0
DA:24,0
DA:26,0
DA:29,3
DA:30,0
DA:31,0
DA:34,0
DA:37,0
DA:38,0
DA:42,3
DA:43,0
DA:44,0
DA:45,0
DA:48,0
DA:49,0
DA:50,0
DA:53,0
DA:54,0
DA:58,3
DA:59,0
DA:60,0
DA:62,0
DA:64,0
DA:68,3
DA:69,0
DA:70,0
DA:71,0
DA:74,0
DA:75,0
DA:78,0
DA:80,0
DA:81,0
DA:82,0
DA:84,0
LF:48
LH:10
BRDA:19,0,0,0
BRDA:19,0,1,0
BRDA:19,1,0,0
BRDA:19,1,1,0
BRDA:19,2,0,0
BRDA:19,2,1,0
BRDA:19,3,0,0
BRDA:19,3,1,0
BRDA:20,4,0,0
BRDA:20,5,0,0
BRDA:20,5,1,0
BRDA:20,6,0,0
BRDA:20,6,1,0
BRDA:20,7,0,0
BRDA:20,7,1,0
BRDA:20,8,0,0
BRDA:20,8,1,0
BRDA:44,9,0,0
BRDA:71,10,0,0
BRDA:71,10,1,0
BRDA:71,11,0,0
BRDA:71,11,1,0
BRDA:78,12,0,0
BRDA:78,12,1,0
BRF:24
BRH:0
end_of_record
TN:
SF:src/services/UserServices.ts
FN:6,(anonymous_1)
FN:24,(anonymous_2)
FN:38,(anonymous_3)
FN:58,(anonymous_4)
FN:79,(anonymous_5)
FN:98,(anonymous_6)
FN:116,(anonymous_7)
FNF:7
FNH:7
FNDA:3,(anonymous_1)
FNDA:3,(anonymous_2)
FNDA:3,(anonymous_3)
FNDA:3,(anonymous_4)
FNDA:3,(anonymous_5)
FNDA:3,(anonymous_6)
FNDA:3,(anonymous_7)
DA:1,7
DA:2,7
DA:3,7
DA:4,7
DA:6,7
DA:7,3
DA:8,3
DA:9,3
DA:16,1
DA:17,1
DA:19,2
DA:20,2
DA:24,7
DA:25,3
DA:26,3
DA:27,3
DA:30,1
DA:31,1
DA:33,2
DA:34,2
DA:38,7
DA:39,3
DA:40,3
DA:42,3
DA:50,1
DA:51,1
DA:53,2
DA:54,2
DA:58,7
DA:59,3
DA:60,3
DA:62,3
DA:70,1
DA:71,1
DA:72,1
DA:74,2
DA:75,2
DA:79,7
DA:80,3
DA:81,3
DA:83,3
DA:90,1
DA:91,1
DA:93,2
DA:94,2
DA:98,7
DA:99,3
DA:100,3
DA:102,3
DA:106,1
DA:107,1
DA:108,1
DA:109,1
DA:111,2
DA:112,2
DA:116,7
DA:117,3
DA:118,3
DA:120,3
DA:127,1
DA:128,1
DA:129,1
DA:131,2
DA:132,2
LF:64
LH:64
BRDA:6,0,0,3
BRDA:6,1,0,3
BRDA:6,2,0,3
BRDA:6,3,0,3
BRF:4
BRH:4
end_of_record
TN:
SF:src/stores/Actions.ts
FN:15,(anonymous_0)
FN:24,(anonymous_1)
FN:28,(anonymous_2)
FN:33,(anonymous_3)
FN:38,(anonymous_4)
FN:43,(anonymous_5)
FN:48,(anonymous_6)
FN:53,(anonymous_7)
FN:62,(anonymous_8)
FN:73,(anonymous_9)
FN:81,(anonymous_10)
FN:89,(anonymous_11)
FN:97,(anonymous_12)
FN:105,(anonymous_13)
FNF:14
FNH:10
FNDA:0,(anonymous_0)
FNDA:0,(anonymous_1)
FNDA:2,(anonymous_2)
FNDA:1,(anonymous_3)
FNDA:1,(anonymous_4)
FNDA:3,(anonymous_5)
FNDA:51,(anonymous_6)
FNDA:0,(anonymous_7)
FNDA:0,(anonymous_8)
FNDA:2,(anonymous_9)
FNDA:1,(anonymous_10)
FNDA:1,(anonymous_11)
FNDA:3,(anonymous_12)
FNDA:51,(anonymous_13)
DA:2,8
DA:4,8
DA:5,8
DA:7,8
DA:8,8
DA:9,8
DA:11,8
DA:13,8
DA:15,8
DA:24,8
DA:28,8
DA:33,8
DA:38,8
DA:43,8
DA:48,51
DA:53,8
DA:54,0
DA:55,0
DA:56,0
DA:58,0
DA:62,8
DA:63,0
DA:64,0
DA:65,0
DA:66,0
DA:67,0
DA:69,0
DA:73,8
DA:74,2
DA:75,2
DA:77,0
DA:81,8
DA:82,1
DA:83,1
DA:85,0
DA:89,8
DA:90,1
DA:91,1
DA:93,0
DA:97,8
DA:98,3
DA:99,3
DA:101,0
DA:105,8
DA:106,51
DA:107,51
DA:109,0
LF:47
LH:32
BRF:0
BRH:0
end_of_record
TN:
SF:src/stores/reducer.ts
FN:36,(anonymous_0)
FN:55,(anonymous_1)
FN:82,(anonymous_2)
FNF:3
FNH:3
FNDA:90,(anonymous_0)
FNDA:90,(anonymous_1)
FNDA:90,(anonymous_2)
DA:2,8
DA:5,8
DA:21,8
DA:32,8
DA:36,8
DA:37,90
DA:39,0
DA:49,0
DA:51,90
DA:55,8
DA:56,90
DA:58,2
DA:63,1
DA:68,1
DA:73,3
DA:78,83
DA:82,8
DA:83,90
DA:85,51
DA:90,39
LF:20
LH:18
BRDA:36,0,0,24
BRDA:37,1,0,0
BRDA:37,1,1,0
BRDA:37,1,2,90
BRDA:55,2,0,24
BRDA:56,3,0,2
BRDA:56,3,1,1
BRDA:56,3,2,1
BRDA:56,3,3,3
BRDA:56,3,4,83
BRDA:82,4,0,24
BRDA:83,5,0,51
BRDA:83,5,1,39
BRF:13
BRH:11
end_of_record
TN:
SF:src/stores/store.ts
FNF:0
FNH:0
DA:1,8
DA:2,8
DA:3,8
DA:4,8
DA:5,8
DA:7,8
DA:13,8
DA:19,8
DA:23,8
DA:24,8
LF:10
LH:10
BRF:0
BRH:0
end_of_record
TN:
SF:src/theme/Colors.ts
FN:13,hexToRGBA
FNF:1
FNH:1
FNDA:8,hexToRGBA
DA:1,10
DA:13,10
DA:14,8
DA:15,8
DA:16,8
DA:18,8
DA:19,0
DA:20,0
DA:21,0
DA:22,8
DA:23,8
DA:24,8
DA:25,8
DA:28,8
LF:14
LH:11
BRDA:13,0,0,0
BRDA:18,1,0,0
BRDA:18,1,1,8
BRDA:22,2,0,8
BRF:4
BRH:2
end_of_record
TN:
SF:src/utils/BottomModalHeight.ts
FN:6,(anonymous_0)
FNF:1
FNH:1
FNDA:6,(anonymous_0)
DA:1,5
DA:2,5
DA:4,5
DA:6,5
DA:7,6
LF:5
LH:5
BRDA:7,0,0,6
BRDA:7,0,1,0
BRF:2
BRH:1
end_of_record
TN:
SF:src/utils/FetchData.ts
FN:5,(anonymous_0)
FNF:1
FNH:1
FNDA:1,(anonymous_0)
DA:2,5
DA:3,5
DA:5,5
DA:6,1
DA:7,0
DA:8,0
DA:9,0
DA:10,1
DA:11,0
LF:9
LH:5
BRDA:6,0,0,0
BRDA:6,0,1,1
BRF:2
BRH:1
end_of_record
TN:
SF:src/utils/androidHelper.ts
FNF:0
FNH:0
DA:1,5
DA:3,5
DA:4,5
DA:5,5
LF:4
LH:4
BRF:0
BRH:0
end_of_record
TN:
SF:src/utils/regex.ts
FNF:0
FNH:0
DA:1,2
DA:2,2
LF:2
LH:2
BRF:0
BRH:0
end_of_record
TN:
SF:src/utils/useFavouritesStatus.tsx
FN:8,useFavouriteStatus
FN:11,(anonymous_1)
FN:12,(anonymous_2)
FN:17,setFav
FN:20,(anonymous_4)
FNF:5
FNH:0
FNDA:0,useFavouriteStatus
FNDA:0,(anonymous_1)
FNDA:0,(anonymous_2)
FNDA:0,setFav
FNDA:0,(anonymous_4)
DA:1,3
DA:2,3
DA:4,3
DA:5,3
DA:8,3
DA:9,0
DA:11,0
DA:12,0
DA:18,0
DA:20,0
DA:21,0
DA:22,0
DA:24,0
DA:25,0
DA:27,0
DA:28,0
DA:30,0
DA:31,0
DA:33,0
DA:35,0
DA:36,0
DA:38,0
DA:39,0
DA:42,0
LF:24
LH:5
BRDA:27,0,0,0
BRDA:27,0,1,0
BRF:2
BRH:0
end_of_record
