TN:
SF:src/App.tsx
FN:7,(anonymous_1)
FNF:1
FNH:1
FNDA:1,(anonymous_1)
DA:1,1
DA:2,1
DA:3,1
DA:4,1
DA:5,1
DA:7,1
DA:8,1
DA:11,1
DA:14,1
LF:9
LH:9
BRF:0
BRH:0
end_of_record
TN:
SF:src/components/AccountBottomModal.tsx
FN:13,(anonymous_1)
FN:19,(anonymous_2)
FN:20,(anonymous_3)
FNF:3
FNH:3
FNDA:4,(anonymous_1)
FNDA:1,(anonymous_2)
FNDA:1,(anonymous_3)
DA:1,3
DA:2,3
DA:3,3
DA:13,3
DA:14,4
DA:19,1
DA:20,1
DA:26,3
DA:30,3
DA:35,3
DA:41,3
LF:11
LH:11
BRDA:16,0,0,4
BRDA:16,0,1,1
BRF:2
BRH:2
end_of_record
TN:
SF:src/components/AccountButton.tsx
FN:8,(anonymous_1)
FN:20,(anonymous_2)
FN:29,(anonymous_3)
FN:45,(anonymous_4)
FN:60,(anonymous_5)
FN:73,(anonymous_6)
FN:91,(anonymous_7)
FN:97,(anonymous_8)
FN:110,(anonymous_9)
FN:113,(anonymous_10)
FN:116,(anonymous_11)
FN:119,(anonymous_12)
FN:122,(anonymous_13)
FNF:13
FNH:13
FNDA:3,(anonymous_1)
FNDA:10,(anonymous_2)
FNDA:10,(anonymous_3)
FNDA:10,(anonymous_4)
FNDA:10,(anonymous_5)
FNDA:10,(anonymous_6)
FNDA:10,(anonymous_7)
FNDA:10,(anonymous_8)
FNDA:2,(anonymous_9)
FNDA:2,(anonymous_10)
FNDA:2,(anonymous_11)
FNDA:2,(anonymous_12)
FNDA:2,(anonymous_13)
DA:1,3
DA:2,3
DA:3,3
DA:4,3
DA:6,3
DA:8,3
DA:9,3
DA:10,3
DA:11,3
DA:12,3
DA:13,3
DA:20,3
DA:21,10
DA:29,3
DA:30,10
DA:32,2
DA:34,2
DA:36,2
DA:38,2
DA:41,2
DA:45,3
DA:46,10
DA:48,2
DA:50,2
DA:52,2
DA:56,4
DA:60,3
DA:61,10
DA:63,2
DA:69,8
DA:73,3
DA:74,10
DA:76,2
DA:82,8
DA:86,3
DA:91,10
DA:97,10
DA:110,3
DA:113,3
DA:116,3
DA:119,3
DA:122,3
DA:126,3
DA:134,3
LF:44
LH:44
BRDA:8,0,0,3
BRDA:8,0,1,3
BRDA:30,1,0,2
BRDA:30,1,1,2
BRDA:30,1,2,2
BRDA:30,1,3,2
BRDA:30,1,4,2
BRDA:30,1,5,2
BRDA:46,2,0,2
BRDA:46,2,1,2
BRDA:46,2,2,2
BRDA:46,2,3,2
BRDA:46,2,4,4
BRDA:46,2,5,4
BRDA:61,3,0,2
BRDA:61,3,1,2
BRDA:61,3,2,4
BRDA:61,3,3,6
BRDA:61,3,4,8
BRDA:61,3,5,8
BRDA:74,4,0,2
BRDA:74,4,1,2
BRDA:74,4,2,4
BRDA:74,4,3,6
BRDA:74,4,4,8
BRDA:74,4,5,8
BRDA:107,5,0,2
BRDA:107,5,1,8
BRF:28
BRH:28
end_of_record
TN:
SF:src/components/Alert.tsx
FN:11,(anonymous_7)
FN:18,(anonymous_8)
FN:21,(anonymous_9)
FN:28,(anonymous_10)
FN:40,(anonymous_11)
FN:46,(anonymous_12)
FN:49,(anonymous_13)
FN:59,(anonymous_14)
FN:67,(anonymous_15)
FNF:9
FNH:2
FNDA:2,(anonymous_7)
FNDA:0,(anonymous_8)
FNDA:0,(anonymous_9)
FNDA:0,(anonymous_10)
FNDA:2,(anonymous_11)
FNDA:0,(anonymous_12)
FNDA:0,(anonymous_13)
FNDA:0,(anonymous_14)
FNDA:0,(anonymous_15)
DA:1,3
DA:2,3
DA:3,3
DA:4,3
DA:11,3
DA:12,2
DA:13,2
DA:18,0
DA:22,0
DA:23,0
DA:29,0
DA:30,0
DA:31,0
DA:40,3
DA:41,2
DA:46,0
DA:50,0
DA:51,0
DA:59,3
DA:60,0
DA:67,0
LF:21
LH:10
BRDA:29,0,0,0
BRF:1
BRH:0
end_of_record
TN:
SF:src/components/Autocomplete.tsx
FN:15,(anonymous_7)
FN:20,(anonymous_8)
FN:21,(anonymous_9)
FN:31,(anonymous_10)
FN:40,(anonymous_11)
FN:43,(anonymous_12)
FN:49,(anonymous_13)
FN:52,(anonymous_14)
FN:81,(anonymous_15)
FNF:9
FNH:1
FNDA:1,(anonymous_7)
FNDA:0,(anonymous_8)
FNDA:0,(anonymous_9)
FNDA:0,(anonymous_10)
FNDA:0,(anonymous_11)
FNDA:0,(anonymous_12)
FNDA:0,(anonymous_13)
FNDA:0,(anonymous_14)
FNDA:0,(anonymous_15)
DA:1,3
DA:3,3
DA:4,3
DA:5,3
DA:7,3
DA:15,3
DA:16,1
DA:17,1
DA:18,1
DA:20,1
DA:21,0
DA:24,1
DA:32,0
DA:33,0
DA:34,0
DA:35,0
DA:37,0
DA:38,0
DA:41,0
DA:43,0
DA:50,0
DA:53,0
DA:54,0
DA:55,0
DA:69,3
DA:74,3
DA:81,3
LF:27
LH:14
BRDA:32,0,0,0
BRDA:32,0,1,0
BRDA:34,1,0,0
BRDA:46,2,0,1
BRDA:46,2,1,0
BRDA:46,2,2,0
BRDA:87,3,0,0
BRDA:87,3,1,0
BRF:8
BRH:1
end_of_record
TN:
SF:src/components/Button.tsx
FN:11,(anonymous_1)
FNF:1
FNH:1
FNDA:5,(anonymous_1)
DA:1,5
DA:2,5
DA:4,5
DA:11,5
DA:12,5
DA:19,5
DA:30,5
LF:7
LH:7
BRF:0
BRH:0
end_of_record
TN:
SF:src/components/CryptoChart.tsx
FN:19,(anonymous_1)
FN:26,(anonymous_2)
FN:44,(anonymous_3)
FN:106,(anonymous_4)
FNF:4
FNH:0
FNDA:0,(anonymous_1)
FNDA:0,(anonymous_2)
FNDA:0,(anonymous_3)
FNDA:0,(anonymous_4)
DA:1,3
DA:2,3
DA:3,3
DA:4,3
DA:6,3
DA:8,3
DA:19,3
DA:20,0
DA:26,3
DA:27,0
DA:46,0
DA:47,0
DA:48,0
DA:52,0
DA:66,3
DA:71,3
DA:77,3
DA:84,3
DA:89,3
DA:95,3
DA:100,3
DA:106,3
DA:111,3
DA:115,3
LF:24
LH:18
BRDA:33,0,0,0
BRDA:33,0,1,0
BRDA:33,1,0,0
BRDA:33,1,1,0
BRDA:39,2,0,0
BRDA:39,2,1,0
BRDA:39,3,0,0
BRDA:39,3,1,0
BRDA:40,4,0,0
BRDA:40,4,1,0
BRDA:40,5,0,0
BRDA:40,5,1,0
BRDA:47,6,0,0
BRDA:108,7,0,0
BRDA:108,7,1,0
BRF:15
BRH:0
end_of_record
TN:
SF:src/components/CryptoCoin.tsx
FN:25,(anonymous_7)
FN:26,(anonymous_8)
FN:50,(anonymous_9)
FN:51,(anonymous_10)
FN:97,(anonymous_11)
FNF:5
FNH:0
FNDA:0,(anonymous_7)
FNDA:0,(anonymous_8)
FNDA:0,(anonymous_9)
FNDA:0,(anonymous_10)
FNDA:0,(anonymous_11)
DA:1,3
DA:3,3
DA:4,3
DA:6,3
DA:9,3
DA:10,3
DA:12,3
DA:25,3
DA:26,0
DA:27,0
DA:29,0
DA:50,0
DA:51,0
DA:57,3
DA:66,3
DA:71,3
DA:76,3
DA:81,3
DA:87,3
DA:92,3
DA:97,3
DA:103,3
DA:109,3
LF:23
LH:18
BRDA:48,0,0,0
BRDA:48,0,1,0
BRDA:48,1,0,0
BRDA:48,1,1,0
BRDA:50,2,0,0
BRDA:50,2,1,0
BRDA:50,2,2,0
BRDA:51,3,0,0
BRDA:51,3,1,0
BRDA:51,3,2,0
BRDA:100,4,0,0
BRDA:100,4,1,0
BRF:12
BRH:0
end_of_record
TN:
SF:src/components/EditOwnedCoinBottomModal.tsx
FN:22,(anonymous_1)
FN:63,(anonymous_2)
FN:64,(anonymous_3)
FNF:3
FNH:1
FNDA:1,(anonymous_1)
FNDA:0,(anonymous_2)
FNDA:0,(anonymous_3)
DA:1,2
DA:2,2
DA:3,2
DA:4,2
DA:6,2
DA:7,2
DA:8,2
DA:9,2
DA:10,2
DA:22,2
DA:23,1
DA:63,0
DA:64,0
DA:71,2
DA:74,2
DA:81,2
DA:87,2
DA:92,2
LF:18
LH:16
BRDA:29,0,0,1
BRDA:29,0,1,0
BRF:2
BRH:1
end_of_record
TN:
SF:src/components/ErrorComponent.tsx
FN:10,(anonymous_1)
FNF:1
FNH:0
FNDA:0,(anonymous_1)
DA:1,5
DA:2,5
DA:4,5
DA:10,5
DA:11,0
DA:18,5
DA:24,5
LF:7
LH:6
BRF:0
BRH:0
end_of_record
TN:
SF:src/components/InputField.tsx
FN:12,(anonymous_1)
FN:35,(anonymous_2)
FN:41,(anonymous_3)
FN:47,(anonymous_4)
FNF:4
FNH:0
FNDA:0,(anonymous_1)
FNDA:0,(anonymous_2)
FNDA:0,(anonymous_3)
FNDA:0,(anonymous_4)
DA:1,3
DA:3,3
DA:4,3
DA:12,3
DA:13,0
DA:30,3
DA:35,3
DA:41,3
DA:47,3
DA:61,3
LF:10
LH:9
BRDA:15,0,0,0
BRDA:15,0,1,0
BRDA:22,1,0,0
BRDA:22,1,1,0
BRDA:25,2,0,0
BRDA:25,2,1,0
BRDA:53,3,0,0
BRDA:53,3,1,0
BRF:8
BRH:0
end_of_record
TN:
SF:src/components/NewOwnedCoinBottomModal.tsx
FN:27,(anonymous_1)
FN:68,(anonymous_2)
FN:69,(anonymous_3)
FNF:3
FNH:1
FNDA:1,(anonymous_1)
FNDA:0,(anonymous_2)
FNDA:0,(anonymous_3)
DA:1,2
DA:2,2
DA:3,2
DA:4,2
DA:6,2
DA:7,2
DA:8,2
DA:9,2
DA:11,2
DA:13,2
DA:27,2
DA:28,1
DA:68,0
DA:69,0
DA:76,2
DA:79,2
DA:86,2
DA:92,2
DA:97,2
LF:19
LH:17
BRDA:34,0,0,1
BRDA:34,0,1,0
BRF:2
BRH:1
end_of_record
TN:
SF:src/components/OwnedCoins.tsx
FN:21,(anonymous_7)
FN:55,(anonymous_8)
FN:115,(anonymous_9)
FNF:3
FNH:0
FNDA:0,(anonymous_7)
FNDA:0,(anonymous_8)
FNDA:0,(anonymous_9)
DA:1,2
DA:3,2
DA:5,2
DA:6,2
DA:7,2
DA:21,2
DA:22,0
DA:55,2
DA:56,0
DA:58,0
DA:60,0
DA:63,0
DA:67,2
DA:79,2
DA:85,2
DA:89,2
DA:94,2
DA:100,2
DA:105,2
DA:110,2
DA:115,2
DA:121,2
DA:127,2
LF:23
LH:18
BRDA:36,0,0,0
BRDA:36,0,1,0
BRDA:36,1,0,0
BRDA:36,1,1,0
BRDA:56,2,0,0
BRDA:56,2,1,0
BRDA:56,2,2,0
BRDA:56,2,3,0
BRDA:118,3,0,0
BRDA:118,3,1,0
BRF:10
BRH:0
end_of_record
TN:
SF:src/components/ScreenBackground.tsx
FN:17,(anonymous_1)
FN:18,(anonymous_2)
FN:19,(anonymous_3)
FN:25,(anonymous_4)
FNF:4
FNH:3
FNDA:4,(anonymous_1)
FNDA:4,(anonymous_2)
FNDA:4,(anonymous_3)
FNDA:0,(anonymous_4)
DA:1,5
DA:2,5
DA:4,5
DA:6,5
DA:7,5
DA:8,5
DA:10,5
DA:11,5
DA:17,5
DA:18,4
DA:19,4
DA:21,4
DA:25,0
DA:31,5
LF:14
LH:13
BRDA:25,0,0,0
BRDA:25,0,1,4
BRF:2
BRH:1
end_of_record
TN:
SF:src/components/SelectedCoinGraph.tsx
FN:16,(anonymous_1)
FNF:1
FNH:1
FNDA:2,(anonymous_1)
DA:1,3
DA:2,3
DA:4,3
DA:5,3
DA:6,3
DA:7,3
DA:9,3
DA:16,3
DA:17,2
LF:9
LH:9
BRDA:23,0,0,2
BRDA:23,0,1,0
BRDA:38,1,0,2
BRDA:38,1,1,1
BRF:4
BRH:3
end_of_record
TN:
SF:src/components/TabHeader.tsx
FN:10,(anonymous_1)
FNF:1
FNH:1
FNDA:4,(anonymous_1)
DA:1,5
DA:2,5
DA:4,5
DA:10,5
DA:11,4
DA:18,5
DA:30,5
LF:7
LH:7
BRF:0
BRH:0
end_of_record
TN:
SF:src/components/UserRequiredContent.tsx
FN:6,(anonymous_1)
FNF:1
FNH:1
FNDA:5,(anonymous_1)
DA:1,4
DA:2,4
DA:3,4
DA:4,4
DA:6,4
DA:7,5
DA:15,4
DA:21,4
LF:8
LH:8
BRF:0
BRH:0
end_of_record
TN:
SF:src/constants/Tabs.ts
FN:1,(anonymous_0)
FNF:1
FNH:1
FNDA:5,(anonymous_0)
DA:1,5
DA:2,5
DA:3,5
DA:4,5
DA:5,5
LF:5
LH:5
BRDA:1,0,0,5
BRDA:1,0,1,5
BRF:2
BRH:2
end_of_record
TN:
SF:src/constants/androidHelper.ts
FNF:0
FNH:0
DA:1,5
DA:3,5
DA:4,5
DA:5,5
LF:4
LH:4
BRF:0
BRH:0
end_of_record
TN:
SF:src/constants/currency.ts
FN:1,(anonymous_0)
FNF:1
FNH:1
FNDA:2,(anonymous_0)
DA:1,2
DA:2,2
DA:3,2
DA:4,2
LF:4
LH:4
BRDA:1,0,0,2
BRDA:1,0,1,2
BRF:2
BRH:2
end_of_record
TN:
SF:src/constants/server.ts
FNF:0
FNH:0
DA:1,8
DA:4,8
LF:2
LH:2
BRF:0
BRH:0
end_of_record
TN:
SF:src/navigation/BottomNavigator.tsx
FN:20,(anonymous_7)
FN:21,(anonymous_8)
FN:22,(anonymous_9)
FN:24,(anonymous_10)
FN:28,(anonymous_11)
FN:32,(anonymous_12)
FN:47,(anonymous_13)
FN:55,(anonymous_14)
FN:63,(anonymous_15)
FN:71,(anonymous_16)
FNF:10
FNH:6
FNDA:1,(anonymous_7)
FNDA:2,(anonymous_8)
FNDA:2,(anonymous_9)
FNDA:1,(anonymous_10)
FNDA:1,(anonymous_11)
FNDA:1,(anonymous_12)
FNDA:0,(anonymous_13)
FNDA:0,(anonymous_14)
FNDA:0,(anonymous_15)
FNDA:0,(anonymous_16)
DA:1,1
DA:2,1
DA:3,1
DA:4,1
DA:5,1
DA:6,1
DA:8,1
DA:10,1
DA:11,1
DA:12,1
DA:13,1
DA:15,1
DA:16,1
DA:18,1
DA:20,1
DA:21,2
DA:22,2
DA:24,1
DA:25,1
DA:28,1
DA:29,1
DA:32,1
DA:33,1
DA:36,1
DA:38,1
DA:47,0
DA:55,0
DA:63,0
DA:71,0
DA:80,1
LF:30
LH:26
BRDA:29,0,0,0
BRF:1
BRH:0
end_of_record
TN:
SF:src/screens/AccountScreen.tsx
FN:12,(anonymous_1)
FN:13,(anonymous_2)
FNF:2
FNH:2
FNDA:2,(anonymous_1)
FNDA:1,(anonymous_2)
DA:1,2
DA:2,2
DA:5,2
DA:7,2
DA:9,2
DA:10,2
DA:12,2
DA:13,2
DA:15,1
LF:9
LH:9
BRDA:17,0,0,1
BRDA:17,0,1,1
BRDA:18,1,0,1
BRDA:18,1,1,0
BRF:4
BRH:3
end_of_record
TN:
SF:src/screens/FavouritesScreen.tsx
FN:12,(anonymous_1)
FN:13,(anonymous_2)
FNF:2
FNH:2
FNDA:1,(anonymous_1)
FNDA:1,(anonymous_2)
DA:1,2
DA:3,2
DA:6,2
DA:8,2
DA:9,2
DA:10,2
DA:12,2
DA:13,1
DA:15,1
LF:9
LH:9
BRDA:17,0,0,1
BRDA:17,0,1,1
BRDA:18,1,0,1
BRDA:18,1,1,0
BRF:4
BRH:3
end_of_record
TN:
SF:src/screens/MarketScreen.tsx
FN:18,(anonymous_6)
FN:19,(anonymous_7)
FN:20,(anonymous_8)
FN:27,(anonymous_9)
FN:36,(anonymous_10)
FN:41,(anonymous_11)
FN:51,(anonymous_12)
FN:53,(anonymous_13)
FN:56,(anonymous_14)
FN:57,(anonymous_15)
FN:61,(anonymous_16)
FNF:11
FNH:3
FNDA:1,(anonymous_6)
FNDA:1,(anonymous_7)
FNDA:1,(anonymous_8)
FNDA:0,(anonymous_9)
FNDA:0,(anonymous_10)
FNDA:0,(anonymous_11)
FNDA:0,(anonymous_12)
FNDA:0,(anonymous_13)
FNDA:0,(anonymous_14)
FNDA:0,(anonymous_15)
FNDA:0,(anonymous_16)
DA:1,2
DA:2,2
DA:5,2
DA:8,2
DA:12,2
DA:14,2
DA:15,2
DA:16,2
DA:18,2
DA:19,1
DA:20,1
DA:22,1
DA:23,1
DA:25,1
DA:27,1
DA:28,0
DA:29,0
DA:30,0
DA:31,0
DA:33,0
DA:36,1
DA:37,0
DA:38,0
DA:41,1
DA:42,0
DA:43,0
DA:46,1
DA:51,0
DA:53,0
DA:56,0
DA:58,0
DA:61,0
LF:32
LH:18
BRDA:28,0,0,0
BRDA:28,0,1,0
BRDA:48,1,0,1
BRDA:48,1,1,0
BRF:4
BRH:1
end_of_record
TN:
SF:src/screens/MyCoinsScreen.tsx
FN:12,(anonymous_1)
FN:13,(anonymous_2)
FNF:2
FNH:2
FNDA:1,(anonymous_1)
FNDA:1,(anonymous_2)
DA:1,2
DA:3,2
DA:5,2
DA:7,2
DA:8,2
DA:9,2
DA:12,2
DA:13,1
DA:14,1
LF:9
LH:9
BRDA:16,0,0,1
BRDA:16,0,1,1
BRDA:17,1,0,1
BRDA:17,1,1,0
BRF:4
BRH:3
end_of_record
TN:
SF:src/screens/AccountScreen/UserLoggedIn.tsx
FN:5,(anonymous_6)
FN:11,(anonymous_7)
FN:12,(anonymous_8)
FNF:3
FNH:1
FNDA:1,(anonymous_6)
FNDA:0,(anonymous_7)
FNDA:0,(anonymous_8)
DA:1,2
DA:2,2
DA:3,2
DA:5,2
DA:6,1
DA:7,1
DA:9,1
DA:11,0
DA:12,0
LF:9
LH:7
BRF:0
BRH:0
end_of_record
TN:
SF:src/screens/AccountScreen/UserNotLoggedIn.tsx
FN:10,(anonymous_7)
FN:19,(anonymous_8)
FN:26,(anonymous_9)
FN:31,(anonymous_10)
FN:36,(anonymous_11)
FN:40,(anonymous_12)
FN:44,(anonymous_13)
FN:50,(anonymous_14)
FN:56,(anonymous_15)
FN:57,(anonymous_16)
FN:58,(anonymous_17)
FN:59,(anonymous_18)
FN:63,(anonymous_19)
FN:65,(anonymous_20)
FN:72,(anonymous_21)
FN:73,(anonymous_22)
FN:73,(anonymous_23)
FNF:17
FNH:1
FNDA:2,(anonymous_7)
FNDA:0,(anonymous_8)
FNDA:0,(anonymous_9)
FNDA:0,(anonymous_10)
FNDA:0,(anonymous_11)
FNDA:0,(anonymous_12)
FNDA:0,(anonymous_13)
FNDA:0,(anonymous_14)
FNDA:0,(anonymous_15)
FNDA:0,(anonymous_16)
FNDA:0,(anonymous_17)
FNDA:0,(anonymous_18)
FNDA:0,(anonymous_19)
FNDA:0,(anonymous_20)
FNDA:0,(anonymous_21)
FNDA:0,(anonymous_22)
FNDA:0,(anonymous_23)
DA:1,2
DA:2,2
DA:3,2
DA:4,2
DA:5,2
DA:6,2
DA:7,2
DA:8,2
DA:10,2
DA:11,2
DA:12,1
DA:14,1
DA:15,1
DA:16,1
DA:17,1
DA:19,1
DA:20,0
DA:21,0
DA:22,0
DA:23,0
DA:26,1
DA:27,0
DA:28,0
DA:31,1
DA:32,0
DA:33,0
DA:36,1
DA:37,0
DA:40,1
DA:41,0
DA:44,1
DA:45,0
DA:46,0
DA:47,0
DA:50,1
DA:51,0
DA:52,0
DA:54,1
DA:56,0
DA:57,0
DA:58,0
DA:59,0
DA:63,0
DA:65,0
DA:72,0
DA:73,0
DA:82,2
LF:47
LH:24
BRDA:28,0,0,0
BRDA:33,1,0,0
BRDA:45,2,0,0
BRDA:45,2,1,0
BRDA:45,3,0,0
BRDA:45,3,1,0
BRDA:46,4,0,0
BRDA:46,4,1,0
BRDA:46,5,0,0
BRDA:46,5,1,0
BRDA:51,6,0,0
BRDA:51,6,1,0
BRF:12
BRH:0
end_of_record
TN:
SF:src/screens/FavouritesScreen/UserLoggedIn.tsx
FN:11,(anonymous_6)
FN:12,(anonymous_7)
FN:13,(anonymous_8)
FN:21,(anonymous_9)
FN:27,(anonymous_10)
FN:32,(anonymous_11)
FN:41,(anonymous_12)
FN:44,(anonymous_13)
FN:46,(anonymous_14)
FN:47,(anonymous_15)
FN:51,(anonymous_16)
FNF:11
FNH:3
FNDA:1,(anonymous_6)
FNDA:1,(anonymous_7)
FNDA:1,(anonymous_8)
FNDA:0,(anonymous_9)
FNDA:0,(anonymous_10)
FNDA:0,(anonymous_11)
FNDA:0,(anonymous_12)
FNDA:0,(anonymous_13)
FNDA:0,(anonymous_14)
FNDA:0,(anonymous_15)
FNDA:0,(anonymous_16)
DA:1,2
DA:2,2
DA:5,2
DA:6,2
DA:7,2
DA:8,2
DA:11,2
DA:12,1
DA:13,1
DA:15,1
DA:17,1
DA:19,1
DA:21,1
DA:22,0
DA:23,0
DA:24,0
DA:27,1
DA:28,0
DA:29,0
DA:32,1
DA:33,0
DA:34,0
DA:37,1
DA:41,0
DA:44,0
DA:46,0
DA:48,0
DA:51,0
LF:28
LH:16
BRDA:39,0,0,1
BRDA:39,0,1,0
BRDA:42,1,0,0
BRDA:42,1,1,1
BRF:4
BRH:2
end_of_record
TN:
SF:src/screens/FavouritesScreen/UserNotLoggedIn.tsx
FN:5,(anonymous_1)
FNF:1
FNH:1
FNDA:2,(anonymous_1)
DA:1,2
DA:3,2
DA:5,2
DA:6,2
LF:4
LH:4
BRF:0
BRH:0
end_of_record
TN:
SF:src/screens/MyCoinsScreen/UserLoggedIn.tsx
FN:15,(anonymous_6)
FN:19,(anonymous_7)
FN:20,(anonymous_8)
FN:22,(anonymous_9)
FN:37,(anonymous_10)
FN:41,(anonymous_11)
FN:56,(anonymous_12)
FN:67,(anonymous_13)
FN:76,(anonymous_14)
FN:80,(anonymous_15)
FN:81,(anonymous_16)
FN:82,(anonymous_17)
FN:93,(anonymous_18)
FN:100,(anonymous_19)
FN:109,(anonymous_20)
FN:115,(anonymous_21)
FN:126,(anonymous_22)
FN:132,(anonymous_23)
FNF:18
FNH:4
FNDA:1,(anonymous_6)
FNDA:1,(anonymous_7)
FNDA:1,(anonymous_8)
FNDA:3,(anonymous_9)
FNDA:0,(anonymous_10)
FNDA:0,(anonymous_11)
FNDA:0,(anonymous_12)
FNDA:0,(anonymous_13)
FNDA:0,(anonymous_14)
FNDA:0,(anonymous_15)
FNDA:0,(anonymous_16)
FNDA:0,(anonymous_17)
FNDA:0,(anonymous_18)
FNDA:0,(anonymous_19)
FNDA:0,(anonymous_20)
FNDA:0,(anonymous_21)
FNDA:0,(anonymous_22)
FNDA:0,(anonymous_23)
DA:1,2
DA:2,2
DA:5,2
DA:8,2
DA:9,2
DA:10,2
DA:11,2
DA:12,2
DA:13,2
DA:15,2
DA:16,1
DA:17,1
DA:19,1
DA:20,1
DA:22,3
DA:24,1
DA:26,1
DA:27,1
DA:28,1
DA:29,1
DA:31,1
DA:32,1
DA:33,1
DA:34,1
DA:35,1
DA:37,1
DA:38,0
DA:41,1
DA:42,0
DA:43,0
DA:44,0
DA:47,1
DA:56,1
DA:57,0
DA:58,0
DA:59,0
DA:60,0
DA:61,0
DA:62,0
DA:63,0
DA:64,0
DA:67,1
DA:68,0
DA:71,1
DA:76,0
DA:80,0
DA:81,0
DA:83,0
DA:94,0
DA:95,0
DA:100,0
DA:110,0
DA:111,0
DA:112,0
DA:113,0
DA:116,0
DA:117,0
DA:127,0
DA:128,0
DA:129,0
DA:130,0
DA:133,0
DA:134,0
LF:63
LH:31
BRDA:73,0,0,1
BRDA:73,0,1,0
BRDA:77,1,0,0
BRDA:77,1,1,1
BRF:4
BRH:2
end_of_record
TN:
SF:src/screens/MyCoinsScreen/UserNotLoggedIn.tsx
FN:5,(anonymous_1)
FNF:1
FNH:1
FNDA:2,(anonymous_1)
DA:1,2
DA:3,2
DA:5,2
DA:6,2
LF:4
LH:4
BRF:0
BRH:0
end_of_record
TN:
SF:src/services/CryptoServices.ts
FN:6,(anonymous_1)
FN:11,(anonymous_2)
FN:28,(anonymous_3)
FN:44,(anonymous_4)
FNF:4
FNH:4
FNDA:4,(anonymous_1)
FNDA:4,(anonymous_2)
FNDA:3,(anonymous_3)
FNDA:3,(anonymous_4)
DA:1,6
DA:2,6
DA:3,6
DA:4,6
DA:6,6
DA:7,4
DA:8,4
DA:11,4
DA:12,4
DA:19,1
DA:20,1
DA:21,1
DA:23,2
DA:24,2
DA:28,6
DA:29,3
DA:30,3
DA:32,3
DA:35,1
DA:36,1
DA:37,1
DA:39,2
DA:40,2
DA:44,6
DA:45,3
DA:46,3
DA:47,3
DA:49,1
DA:51,1
DA:52,1
DA:54,2
DA:55,2
LF:32
LH:32
BRDA:6,0,0,4
BRDA:28,1,0,3
BRDA:49,2,0,1
BRF:3
BRH:3
end_of_record
TN:
SF:src/services/FirebaseServices.ts
FN:7,googleSignIn
FN:15,(anonymous_2)
FN:26,login
FN:30,(anonymous_4)
FN:33,(anonymous_5)
FN:39,signup
FN:44,(anonymous_7)
FN:49,(anonymous_8)
FN:55,logOut
FN:59,(anonymous_10)
FN:60,(anonymous_11)
FN:65,deleteAccount
FN:70,(anonymous_13)
FN:74,(anonymous_14)
FNF:14
FNH:0
FNDA:0,googleSignIn
FNDA:0,(anonymous_2)
FNDA:0,login
FNDA:0,(anonymous_4)
FNDA:0,(anonymous_5)
FNDA:0,signup
FNDA:0,(anonymous_7)
FNDA:0,(anonymous_8)
FNDA:0,logOut
FNDA:0,(anonymous_10)
FNDA:0,(anonymous_11)
FNDA:0,deleteAccount
FNDA:0,(anonymous_13)
FNDA:0,(anonymous_14)
DA:1,3
DA:2,3
DA:3,3
DA:4,3
DA:5,3
DA:7,3
DA:8,0
DA:9,0
DA:10,0
DA:12,0
DA:13,0
DA:15,0
DA:16,0
DA:17,0
DA:19,0
DA:21,0
DA:23,0
DA:26,3
DA:27,0
DA:28,0
DA:31,0
DA:34,0
DA:35,0
DA:39,3
DA:40,0
DA:41,0
DA:42,0
DA:45,0
DA:46,0
DA:47,0
DA:50,0
DA:51,0
DA:55,3
DA:56,0
DA:57,0
DA:59,0
DA:61,0
DA:65,3
DA:66,0
DA:67,0
DA:68,0
DA:71,0
DA:72,0
DA:75,0
DA:77,0
DA:78,0
DA:79,0
DA:81,0
LF:48
LH:10
BRDA:16,0,0,0
BRDA:16,0,1,0
BRDA:16,1,0,0
BRDA:16,1,1,0
BRDA:16,2,0,0
BRDA:16,2,1,0
BRDA:16,3,0,0
BRDA:16,3,1,0
BRDA:17,4,0,0
BRDA:17,5,0,0
BRDA:17,5,1,0
BRDA:17,6,0,0
BRDA:17,6,1,0
BRDA:17,7,0,0
BRDA:17,7,1,0
BRDA:17,8,0,0
BRDA:17,8,1,0
BRDA:41,9,0,0
BRDA:68,10,0,0
BRDA:68,10,1,0
BRDA:68,11,0,0
BRDA:68,11,1,0
BRDA:75,12,0,0
BRDA:75,12,1,0
BRF:24
BRH:0
end_of_record
TN:
SF:src/services/UserServices.ts
FN:6,(anonymous_1)
FN:24,(anonymous_2)
FN:38,(anonymous_3)
FN:58,(anonymous_4)
FN:78,(anonymous_5)
FN:97,(anonymous_6)
FN:114,(anonymous_7)
FNF:7
FNH:7
FNDA:3,(anonymous_1)
FNDA:3,(anonymous_2)
FNDA:3,(anonymous_3)
FNDA:3,(anonymous_4)
FNDA:3,(anonymous_5)
FNDA:3,(anonymous_6)
FNDA:3,(anonymous_7)
DA:1,7
DA:2,7
DA:3,7
DA:4,7
DA:6,7
DA:7,3
DA:8,3
DA:9,3
DA:16,1
DA:17,1
DA:19,2
DA:20,2
DA:24,7
DA:25,3
DA:26,3
DA:27,3
DA:30,1
DA:31,1
DA:33,2
DA:34,2
DA:38,7
DA:39,3
DA:40,3
DA:42,3
DA:50,1
DA:51,1
DA:53,2
DA:54,2
DA:58,7
DA:59,3
DA:60,3
DA:62,3
DA:70,1
DA:71,1
DA:73,2
DA:74,2
DA:78,7
DA:79,3
DA:80,3
DA:82,3
DA:89,1
DA:90,1
DA:92,2
DA:93,2
DA:97,7
DA:98,3
DA:99,3
DA:101,3
DA:105,1
DA:106,1
DA:107,1
DA:109,2
DA:110,2
DA:114,7
DA:115,3
DA:116,3
DA:118,3
DA:125,1
DA:126,1
DA:127,1
DA:129,2
DA:130,2
LF:62
LH:62
BRDA:6,0,0,3
BRDA:6,1,0,3
BRDA:6,2,0,3
BRDA:6,3,0,3
BRF:4
BRH:4
end_of_record
TN:
SF:src/stores/Actions.ts
FN:15,(anonymous_0)
FN:24,(anonymous_1)
FN:28,(anonymous_2)
FN:33,(anonymous_3)
FN:38,(anonymous_4)
FN:43,(anonymous_5)
FN:48,(anonymous_6)
FN:53,(anonymous_7)
FN:61,(anonymous_8)
FN:71,(anonymous_9)
FN:79,(anonymous_10)
FN:87,(anonymous_11)
FN:95,(anonymous_12)
FN:103,(anonymous_13)
FNF:14
FNH:10
FNDA:0,(anonymous_0)
FNDA:0,(anonymous_1)
FNDA:1,(anonymous_2)
FNDA:1,(anonymous_3)
FNDA:1,(anonymous_4)
FNDA:2,(anonymous_5)
FNDA:51,(anonymous_6)
FNDA:0,(anonymous_7)
FNDA:0,(anonymous_8)
FNDA:1,(anonymous_9)
FNDA:1,(anonymous_10)
FNDA:1,(anonymous_11)
FNDA:2,(anonymous_12)
FNDA:51,(anonymous_13)
DA:2,8
DA:4,8
DA:5,8
DA:7,8
DA:8,8
DA:9,8
DA:11,8
DA:13,8
DA:15,8
DA:24,8
DA:28,8
DA:33,8
DA:38,8
DA:43,8
DA:48,51
DA:53,8
DA:54,0
DA:55,0
DA:57,0
DA:61,8
DA:62,0
DA:63,0
DA:64,0
DA:65,0
DA:67,0
DA:71,8
DA:72,1
DA:73,1
DA:75,0
DA:79,8
DA:80,1
DA:81,1
DA:83,0
DA:87,8
DA:88,1
DA:89,1
DA:91,0
DA:95,8
DA:96,2
DA:97,2
DA:99,0
DA:103,8
DA:104,51
DA:105,51
DA:107,0
LF:45
LH:32
BRF:0
BRH:0
end_of_record
TN:
SF:src/stores/reducer.ts
FN:36,(anonymous_0)
FN:55,(anonymous_1)
FN:82,(anonymous_2)
FNF:3
FNH:3
FNDA:88,(anonymous_0)
FNDA:88,(anonymous_1)
FNDA:88,(anonymous_2)
DA:2,8
DA:5,8
DA:21,8
DA:32,8
DA:36,8
DA:37,88
DA:39,0
DA:49,0
DA:51,88
DA:55,8
DA:56,88
DA:58,1
DA:63,1
DA:68,1
DA:73,2
DA:78,83
DA:82,8
DA:83,88
DA:85,51
DA:90,37
LF:20
LH:18
BRDA:36,0,0,24
BRDA:37,1,0,0
BRDA:37,1,1,0
BRDA:37,1,2,88
BRDA:55,2,0,24
BRDA:56,3,0,1
BRDA:56,3,1,1
BRDA:56,3,2,1
BRDA:56,3,3,2
BRDA:56,3,4,83
BRDA:82,4,0,24
BRDA:83,5,0,51
BRDA:83,5,1,37
BRF:13
BRH:11
end_of_record
TN:
SF:src/stores/store.ts
FNF:0
FNH:0
DA:1,8
DA:2,8
DA:3,8
DA:4,8
DA:5,8
DA:7,8
DA:13,8
DA:19,8
DA:23,8
DA:24,8
LF:10
LH:10
BRF:0
BRH:0
end_of_record
TN:
SF:src/theme/Colors.ts
FN:13,hexToRGBA
FNF:1
FNH:1
FNDA:7,hexToRGBA
DA:1,10
DA:13,10
DA:14,7
DA:15,7
DA:16,7
DA:18,7
DA:19,0
DA:20,0
DA:21,0
DA:22,7
DA:23,7
DA:24,7
DA:25,7
DA:28,7
LF:14
LH:11
BRDA:13,0,0,0
BRDA:18,1,0,0
BRDA:18,1,1,7
BRDA:22,2,0,7
BRF:4
BRH:2
end_of_record
TN:
SF:src/utils/BottomModalHeight.ts
FN:6,(anonymous_0)
FNF:1
FNH:1
FNDA:2,(anonymous_0)
DA:1,2
DA:2,2
DA:4,2
DA:6,2
DA:7,2
LF:5
LH:5
BRDA:7,0,0,2
BRDA:7,0,1,0
BRF:2
BRH:1
end_of_record
TN:
SF:src/utils/FetchData.ts
FN:5,(anonymous_0)
FNF:1
FNH:1
FNDA:1,(anonymous_0)
DA:2,5
DA:3,5
DA:5,5
DA:6,1
DA:7,0
DA:8,0
DA:9,0
DA:10,1
LF:8
LH:5
BRDA:6,0,0,0
BRDA:6,0,1,1
BRF:2
BRH:1
end_of_record
TN:
SF:src/utils/useFavouritesStatus.tsx
FN:8,useFavouriteStatus
FN:11,(anonymous_1)
FN:12,(anonymous_2)
FN:14,setFav
FNF:4
FNH:0
FNDA:0,useFavouriteStatus
FNDA:0,(anonymous_1)
FNDA:0,(anonymous_2)
FNDA:0,setFav
DA:1,3
DA:2,3
DA:4,3
DA:5,3
DA:8,3
DA:9,0
DA:11,0
DA:12,0
DA:15,0
DA:16,0
DA:18,0
DA:19,0
DA:21,0
DA:22,0
DA:24,0
DA:25,0
DA:27,0
DA:29,0
DA:30,0
DA:31,0
DA:33,0
DA:34,0
DA:37,0
LF:23
LH:5
BRDA:21,0,0,0
BRDA:21,0,1,0
BRF:2
BRH:0
end_of_record
